#
# There is insufficient memory for the Java Runtime Environment to continue.
# Native memory allocation (malloc) failed to allocate 1177200 bytes for Chunk::new
# Possible reasons:
#   The system is out of physical RAM or swap space
#   The process is running with CompressedOops enabled, and the Java Heap may be blocking the growth of the native heap
# Possible solutions:
#   Reduce memory load on the system
#   Increase physical memory or swap space
#   Check if swap backing store is full
#   Decrease Java heap size (-Xmx/-Xms)
#   Decrease number of Java threads
#   Decrease Java thread stack sizes (-Xss)
#   Set larger code cache with -XX:ReservedCodeCacheSize=
#   JVM is running with Unscaled Compressed Oops mode in which the Java heap is
#     placed in the first 4GB address space. The Java Heap base address is the
#     maximum limit for the native heap growth. Please use -XX:HeapBaseMinAddress
#     to set the Java Heap base and to place the Java Heap above 4GB virtual address.
# This output file may be truncated or incomplete.
#
#  Out of Memory Error (./open/src/hotspot/share/memory/arena.cpp:195), pid=6572, tid=1940
#
# JRE version: OpenJDK Runtime Environment (14.0.2+12) (build 14.0.2+12-46)
# Java VM: OpenJDK 64-Bit Server VM (14.0.2+12-46, mixed mode, tiered, compressed oops, g1 gc, windows-amd64)
# No core dump will be written. Minidumps are not enabled by default on client versions of Windows
#

---------------  S U M M A R Y ------------

Command Line: -ea -Dfile.encoding=Cp1252 -XX:+ShowCodeDetailsInExceptionMessages org.eclipse.jdt.internal.junit.runner.RemoteTestRunner -version 3 -port 52208 -testLoaderClass org.eclipse.jdt.internal.junit5.runner.JUnit5TestLoader -loaderpluginname org.eclipse.jdt.junit5.runtime -classNames edu.escuelaing.eci.ieti.ElectryrideBack2ApplicationTests

Host: Intel(R) Core(TM) i7-5500U CPU @ 2.40GHz, 4 cores, 7G,  Windows 10 , 64 bit Build 19041 (10.0.19041.804)
Time: Tue Mar  2 00:20:25 2021 Hora est. Pacífico, Sudamérica elapsed time: 4 seconds (0d 0h 0m 4s)

---------------  T H R E A D  ---------------

Current thread (0x0000027ce7fda800):  JavaThread "C2 CompilerThread0" daemon [_thread_in_native, id=1940, stack(0x000000e5e3400000,0x000000e5e3500000)]


Current CompileTask:
C2:   4923 1580 %     4       jdk.internal.loader.URLClassPath::getResource @ 39 (74 bytes)

Stack: [0x000000e5e3400000,0x000000e5e3500000]
Native frames: (J=compiled Java code, j=interpreted, Vv=VM code, C=native code)
V  [jvm.dll+0x5f8a9a]
V  [jvm.dll+0x74247a]
V  [jvm.dll+0x743c2f]
V  [jvm.dll+0x744273]
V  [jvm.dll+0x20d288]
V  [jvm.dll+0xabb07]
V  [jvm.dll+0xac1fc]
V  [jvm.dll+0x31c495]
V  [jvm.dll+0x18cc10]
V  [jvm.dll+0x1e5efa]
V  [jvm.dll+0x1e50b8]
V  [jvm.dll+0x1779cc]
V  [jvm.dll+0x1f4105]
V  [jvm.dll+0x1f22eb]
V  [jvm.dll+0x7070cd]
V  [jvm.dll+0x6ffeda]
V  [jvm.dll+0x5f78f6]
C  [ucrtbase.dll+0x21bb2]
C  [KERNEL32.DLL+0x17034]
C  [ntdll.dll+0x4d241]


---------------  P R O C E S S  ---------------

Threads class SMR info:
_java_thread_list=0x0000027ce92426d0, length=12, elements={
0x0000027ccb87e000, 0x0000027ce7f97800, 0x0000027ce7f98800, 0x0000027ce777a800,
0x0000027ce777b800, 0x0000027ce777d000, 0x0000027ce7fda800, 0x0000027ce804e800,
0x0000027ce8053000, 0x0000027ce81c7800, 0x0000027ce8068800, 0x0000027ce8c53000
}

Java Threads: ( => current thread )
  0x0000027ccb87e000 JavaThread "main" [_thread_in_native, id=9464, stack(0x000000e5e2800000,0x000000e5e2900000)]
  0x0000027ce7f97800 JavaThread "Reference Handler" daemon [_thread_blocked, id=8220, stack(0x000000e5e2f00000,0x000000e5e3000000)]
  0x0000027ce7f98800 JavaThread "Finalizer" daemon [_thread_blocked, id=7364, stack(0x000000e5e3000000,0x000000e5e3100000)]
  0x0000027ce777a800 JavaThread "Signal Dispatcher" daemon [_thread_blocked, id=2240, stack(0x000000e5e3100000,0x000000e5e3200000)]
  0x0000027ce777b800 JavaThread "Attach Listener" daemon [_thread_blocked, id=5144, stack(0x000000e5e3200000,0x000000e5e3300000)]
  0x0000027ce777d000 JavaThread "Service Thread" daemon [_thread_blocked, id=3732, stack(0x000000e5e3300000,0x000000e5e3400000)]
=>0x0000027ce7fda800 JavaThread "C2 CompilerThread0" daemon [_thread_in_native, id=1940, stack(0x000000e5e3400000,0x000000e5e3500000)]
  0x0000027ce804e800 JavaThread "C1 CompilerThread0" daemon [_thread_blocked, id=8660, stack(0x000000e5e3500000,0x000000e5e3600000)]
  0x0000027ce8053000 JavaThread "Sweeper thread" daemon [_thread_blocked, id=8096, stack(0x000000e5e3600000,0x000000e5e3700000)]
  0x0000027ce81c7800 JavaThread "Notification Thread" daemon [_thread_blocked, id=9448, stack(0x000000e5e3700000,0x000000e5e3800000)]
  0x0000027ce8068800 JavaThread "Common-Cleaner" daemon [_thread_blocked, id=2192, stack(0x000000e5e3900000,0x000000e5e3a00000)]
  0x0000027ce8c53000 JavaThread "ReaderThread" [_thread_in_native, id=1544, stack(0x000000e5e3a00000,0x000000e5e3b00000)]

Other Threads:
  0x0000027ce7f81800 VMThread "VM Thread" [stack: 0x000000e5e2e00000,0x000000e5e2f00000] [id=8944]
  0x0000027ce81c8800 WatcherThread [stack: 0x000000e5e3800000,0x000000e5e3900000] [id=1472]
  0x0000027ccda6f800 GCTaskThread "GC Thread#0" [stack: 0x000000e5e2900000,0x000000e5e2a00000] [id=6992]
  0x0000027ce8b08800 GCTaskThread "GC Thread#1" [stack: 0x000000e5e3c00000,0x000000e5e3d00000] [id=11384]
  0x0000027ce8dd0800 GCTaskThread "GC Thread#2" [stack: 0x000000e5e3d00000,0x000000e5e3e00000] [id=8836]
  0x0000027ce8dd1000 GCTaskThread "GC Thread#3" [stack: 0x000000e5e3e00000,0x000000e5e3f00000] [id=11924]
  0x0000027ccda83800 ConcurrentGCThread "G1 Main Marker" [stack: 0x000000e5e2a00000,0x000000e5e2b00000] [id=5020]
  0x0000027ccda85000 ConcurrentGCThread "G1 Conc#0" [stack: 0x000000e5e2b00000,0x000000e5e2c00000] [id=11692]
  0x0000027ccdaee000 ConcurrentGCThread "G1 Refine#0" [stack: 0x000000e5e2c00000,0x000000e5e2d00000] [id=8644]
  0x0000027ce75a7800 ConcurrentGCThread "G1 Young RemSet Sampling" [stack: 0x000000e5e2d00000,0x000000e5e2e00000] [id=11928]

Threads with active compile tasks:
C2 CompilerThread0     5272 1580 %     4       jdk.internal.loader.URLClassPath::getResource @ 39 (74 bytes)

VM state:not at safepoint (normal execution)

VM Mutex/Monitor currently owned by a thread: None

Heap address: 0x0000000081400000, size: 2028 MB, Compressed Oops mode: 32-bit
Narrow klass base: 0x0000000000000000, Narrow klass shift: 3
Compressed class space size: 1073741824 Address: 0x0000000100000000

Heap:
 garbage-first heap   total 131072K, used 22767K [0x0000000081400000, 0x0000000100000000)
  region size 1024K, 18 young (18432K), 3 survivors (3072K)
 Metaspace       used 20296K, capacity 20879K, committed 21120K, reserved 1069056K
  class space    used 2197K, capacity 2422K, committed 2432K, reserved 1048576K
Heap Regions: E=young(eden), S=young(survivor), O=old, HS=humongous(starts), HC=humongous(continues), CS=collection set, F=free, OA=open archive, CA=closed archive, TAMS=top-at-mark-start (previous, next)
|   0|0x0000000081400000, 0x0000000081500000, 0x0000000081500000|100%| O|  |TAMS 0x0000000081400000, 0x0000000081400000| Untracked 
|   1|0x0000000081500000, 0x0000000081600000, 0x0000000081600000|100%| O|  |TAMS 0x0000000081500000, 0x0000000081500000| Untracked 
|   2|0x0000000081600000, 0x0000000081700000, 0x0000000081700000|100%| O|  |TAMS 0x0000000081600000, 0x0000000081600000| Untracked 
|   3|0x0000000081700000, 0x0000000081800000, 0x0000000081800000|100%| O|  |TAMS 0x0000000081700000, 0x0000000081700000| Untracked 
|   4|0x0000000081800000, 0x0000000081900000, 0x0000000081900000|100%| O|  |TAMS 0x0000000081800000, 0x0000000081800000| Untracked 
|   5|0x0000000081900000, 0x00000000819c2e00, 0x0000000081a00000| 76%| O|  |TAMS 0x0000000081900000, 0x0000000081900000| Untracked 
|   6|0x0000000081a00000, 0x0000000081a00000, 0x0000000081b00000|  0%| F|  |TAMS 0x0000000081a00000, 0x0000000081a00000| Untracked 
|   7|0x0000000081b00000, 0x0000000081b00000, 0x0000000081c00000|  0%| F|  |TAMS 0x0000000081b00000, 0x0000000081b00000| Untracked 
|   8|0x0000000081c00000, 0x0000000081c00000, 0x0000000081d00000|  0%| F|  |TAMS 0x0000000081c00000, 0x0000000081c00000| Untracked 
|   9|0x0000000081d00000, 0x0000000081d00000, 0x0000000081e00000|  0%| F|  |TAMS 0x0000000081d00000, 0x0000000081d00000| Untracked 
|  10|0x0000000081e00000, 0x0000000081e00000, 0x0000000081f00000|  0%| F|  |TAMS 0x0000000081e00000, 0x0000000081e00000| Untracked 
|  11|0x0000000081f00000, 0x0000000081f00000, 0x0000000082000000|  0%| F|  |TAMS 0x0000000081f00000, 0x0000000081f00000| Untracked 
|  12|0x0000000082000000, 0x0000000082000000, 0x0000000082100000|  0%| F|  |TAMS 0x0000000082000000, 0x0000000082000000| Untracked 
|  13|0x0000000082100000, 0x0000000082100000, 0x0000000082200000|  0%| F|  |TAMS 0x0000000082100000, 0x0000000082100000| Untracked 
|  14|0x0000000082200000, 0x0000000082200000, 0x0000000082300000|  0%| F|  |TAMS 0x0000000082200000, 0x0000000082200000| Untracked 
|  15|0x0000000082300000, 0x0000000082300000, 0x0000000082400000|  0%| F|  |TAMS 0x0000000082300000, 0x0000000082300000| Untracked 
|  16|0x0000000082400000, 0x0000000082400000, 0x0000000082500000|  0%| F|  |TAMS 0x0000000082400000, 0x0000000082400000| Untracked 
|  17|0x0000000082500000, 0x0000000082500000, 0x0000000082600000|  0%| F|  |TAMS 0x0000000082500000, 0x0000000082500000| Untracked 
|  18|0x0000000082600000, 0x0000000082600000, 0x0000000082700000|  0%| F|  |TAMS 0x0000000082600000, 0x0000000082600000| Untracked 
|  19|0x0000000082700000, 0x0000000082700000, 0x0000000082800000|  0%| F|  |TAMS 0x0000000082700000, 0x0000000082700000| Untracked 
|  20|0x0000000082800000, 0x0000000082800000, 0x0000000082900000|  0%| F|  |TAMS 0x0000000082800000, 0x0000000082800000| Untracked 
|  21|0x0000000082900000, 0x0000000082900000, 0x0000000082a00000|  0%| F|  |TAMS 0x0000000082900000, 0x0000000082900000| Untracked 
|  22|0x0000000082a00000, 0x0000000082a00000, 0x0000000082b00000|  0%| F|  |TAMS 0x0000000082a00000, 0x0000000082a00000| Untracked 
|  23|0x0000000082b00000, 0x0000000082b00000, 0x0000000082c00000|  0%| F|  |TAMS 0x0000000082b00000, 0x0000000082b00000| Untracked 
|  24|0x0000000082c00000, 0x0000000082c00000, 0x0000000082d00000|  0%| F|  |TAMS 0x0000000082c00000, 0x0000000082c00000| Untracked 
|  25|0x0000000082d00000, 0x0000000082d00000, 0x0000000082e00000|  0%| F|  |TAMS 0x0000000082d00000, 0x0000000082d00000| Untracked 
|  26|0x0000000082e00000, 0x0000000082e00000, 0x0000000082f00000|  0%| F|  |TAMS 0x0000000082e00000, 0x0000000082e00000| Untracked 
|  27|0x0000000082f00000, 0x0000000082f00000, 0x0000000083000000|  0%| F|  |TAMS 0x0000000082f00000, 0x0000000082f00000| Untracked 
|  28|0x0000000083000000, 0x0000000083000000, 0x0000000083100000|  0%| F|  |TAMS 0x0000000083000000, 0x0000000083000000| Untracked 
|  29|0x0000000083100000, 0x0000000083100000, 0x0000000083200000|  0%| F|  |TAMS 0x0000000083100000, 0x0000000083100000| Untracked 
|  30|0x0000000083200000, 0x0000000083200000, 0x0000000083300000|  0%| F|  |TAMS 0x0000000083200000, 0x0000000083200000| Untracked 
|  31|0x0000000083300000, 0x0000000083300000, 0x0000000083400000|  0%| F|  |TAMS 0x0000000083300000, 0x0000000083300000| Untracked 
|  32|0x0000000083400000, 0x0000000083400000, 0x0000000083500000|  0%| F|  |TAMS 0x0000000083400000, 0x0000000083400000| Untracked 
|  33|0x0000000083500000, 0x0000000083500000, 0x0000000083600000|  0%| F|  |TAMS 0x0000000083500000, 0x0000000083500000| Untracked 
|  34|0x0000000083600000, 0x0000000083600000, 0x0000000083700000|  0%| F|  |TAMS 0x0000000083600000, 0x0000000083600000| Untracked 
|  35|0x0000000083700000, 0x0000000083700000, 0x0000000083800000|  0%| F|  |TAMS 0x0000000083700000, 0x0000000083700000| Untracked 
|  36|0x0000000083800000, 0x0000000083800000, 0x0000000083900000|  0%| F|  |TAMS 0x0000000083800000, 0x0000000083800000| Untracked 
|  37|0x0000000083900000, 0x0000000083900000, 0x0000000083a00000|  0%| F|  |TAMS 0x0000000083900000, 0x0000000083900000| Untracked 
|  38|0x0000000083a00000, 0x0000000083a00000, 0x0000000083b00000|  0%| F|  |TAMS 0x0000000083a00000, 0x0000000083a00000| Untracked 
|  39|0x0000000083b00000, 0x0000000083b00000, 0x0000000083c00000|  0%| F|  |TAMS 0x0000000083b00000, 0x0000000083b00000| Untracked 
|  40|0x0000000083c00000, 0x0000000083c00000, 0x0000000083d00000|  0%| F|  |TAMS 0x0000000083c00000, 0x0000000083c00000| Untracked 
|  41|0x0000000083d00000, 0x0000000083d00000, 0x0000000083e00000|  0%| F|  |TAMS 0x0000000083d00000, 0x0000000083d00000| Untracked 
|  42|0x0000000083e00000, 0x0000000083e00000, 0x0000000083f00000|  0%| F|  |TAMS 0x0000000083e00000, 0x0000000083e00000| Untracked 
|  43|0x0000000083f00000, 0x0000000083f00000, 0x0000000084000000|  0%| F|  |TAMS 0x0000000083f00000, 0x0000000083f00000| Untracked 
|  44|0x0000000084000000, 0x0000000084000000, 0x0000000084100000|  0%| F|  |TAMS 0x0000000084000000, 0x0000000084000000| Untracked 
|  45|0x0000000084100000, 0x0000000084100000, 0x0000000084200000|  0%| F|  |TAMS 0x0000000084100000, 0x0000000084100000| Untracked 
|  46|0x0000000084200000, 0x0000000084200000, 0x0000000084300000|  0%| F|  |TAMS 0x0000000084200000, 0x0000000084200000| Untracked 
|  47|0x0000000084300000, 0x0000000084300000, 0x0000000084400000|  0%| F|  |TAMS 0x0000000084300000, 0x0000000084300000| Untracked 
|  48|0x0000000084400000, 0x0000000084400000, 0x0000000084500000|  0%| F|  |TAMS 0x0000000084400000, 0x0000000084400000| Untracked 
|  49|0x0000000084500000, 0x0000000084500000, 0x0000000084600000|  0%| F|  |TAMS 0x0000000084500000, 0x0000000084500000| Untracked 
|  50|0x0000000084600000, 0x0000000084600000, 0x0000000084700000|  0%| F|  |TAMS 0x0000000084600000, 0x0000000084600000| Untracked 
|  51|0x0000000084700000, 0x0000000084700000, 0x0000000084800000|  0%| F|  |TAMS 0x0000000084700000, 0x0000000084700000| Untracked 
|  52|0x0000000084800000, 0x0000000084800000, 0x0000000084900000|  0%| F|  |TAMS 0x0000000084800000, 0x0000000084800000| Untracked 
|  53|0x0000000084900000, 0x0000000084900000, 0x0000000084a00000|  0%| F|  |TAMS 0x0000000084900000, 0x0000000084900000| Untracked 
|  54|0x0000000084a00000, 0x0000000084a00000, 0x0000000084b00000|  0%| F|  |TAMS 0x0000000084a00000, 0x0000000084a00000| Untracked 
|  55|0x0000000084b00000, 0x0000000084b00000, 0x0000000084c00000|  0%| F|  |TAMS 0x0000000084b00000, 0x0000000084b00000| Untracked 
|  56|0x0000000084c00000, 0x0000000084c00000, 0x0000000084d00000|  0%| F|  |TAMS 0x0000000084c00000, 0x0000000084c00000| Untracked 
|  57|0x0000000084d00000, 0x0000000084d00000, 0x0000000084e00000|  0%| F|  |TAMS 0x0000000084d00000, 0x0000000084d00000| Untracked 
|  58|0x0000000084e00000, 0x0000000084e00000, 0x0000000084f00000|  0%| F|  |TAMS 0x0000000084e00000, 0x0000000084e00000| Untracked 
|  59|0x0000000084f00000, 0x0000000084f00000, 0x0000000085000000|  0%| F|  |TAMS 0x0000000084f00000, 0x0000000084f00000| Untracked 
|  60|0x0000000085000000, 0x0000000085000000, 0x0000000085100000|  0%| F|  |TAMS 0x0000000085000000, 0x0000000085000000| Untracked 
|  61|0x0000000085100000, 0x0000000085100000, 0x0000000085200000|  0%| F|  |TAMS 0x0000000085100000, 0x0000000085100000| Untracked 
|  62|0x0000000085200000, 0x0000000085200000, 0x0000000085300000|  0%| F|  |TAMS 0x0000000085200000, 0x0000000085200000| Untracked 
|  63|0x0000000085300000, 0x0000000085300000, 0x0000000085400000|  0%| F|  |TAMS 0x0000000085300000, 0x0000000085300000| Untracked 
|  64|0x0000000085400000, 0x0000000085400000, 0x0000000085500000|  0%| F|  |TAMS 0x0000000085400000, 0x0000000085400000| Untracked 
|  65|0x0000000085500000, 0x0000000085500000, 0x0000000085600000|  0%| F|  |TAMS 0x0000000085500000, 0x0000000085500000| Untracked 
|  66|0x0000000085600000, 0x0000000085600000, 0x0000000085700000|  0%| F|  |TAMS 0x0000000085600000, 0x0000000085600000| Untracked 
|  67|0x0000000085700000, 0x0000000085700000, 0x0000000085800000|  0%| F|  |TAMS 0x0000000085700000, 0x0000000085700000| Untracked 
|  68|0x0000000085800000, 0x0000000085800000, 0x0000000085900000|  0%| F|  |TAMS 0x0000000085800000, 0x0000000085800000| Untracked 
|  69|0x0000000085900000, 0x0000000085900000, 0x0000000085a00000|  0%| F|  |TAMS 0x0000000085900000, 0x0000000085900000| Untracked 
|  70|0x0000000085a00000, 0x0000000085a00000, 0x0000000085b00000|  0%| F|  |TAMS 0x0000000085a00000, 0x0000000085a00000| Untracked 
|  71|0x0000000085b00000, 0x0000000085b00000, 0x0000000085c00000|  0%| F|  |TAMS 0x0000000085b00000, 0x0000000085b00000| Untracked 
|  72|0x0000000085c00000, 0x0000000085c00000, 0x0000000085d00000|  0%| F|  |TAMS 0x0000000085c00000, 0x0000000085c00000| Untracked 
|  73|0x0000000085d00000, 0x0000000085d00000, 0x0000000085e00000|  0%| F|  |TAMS 0x0000000085d00000, 0x0000000085d00000| Untracked 
|  74|0x0000000085e00000, 0x0000000085e00000, 0x0000000085f00000|  0%| F|  |TAMS 0x0000000085e00000, 0x0000000085e00000| Untracked 
|  75|0x0000000085f00000, 0x0000000085f00000, 0x0000000086000000|  0%| F|  |TAMS 0x0000000085f00000, 0x0000000085f00000| Untracked 
|  76|0x0000000086000000, 0x0000000086000000, 0x0000000086100000|  0%| F|  |TAMS 0x0000000086000000, 0x0000000086000000| Untracked 
|  77|0x0000000086100000, 0x0000000086100000, 0x0000000086200000|  0%| F|  |TAMS 0x0000000086100000, 0x0000000086100000| Untracked 
|  78|0x0000000086200000, 0x0000000086200000, 0x0000000086300000|  0%| F|  |TAMS 0x0000000086200000, 0x0000000086200000| Untracked 
|  79|0x0000000086300000, 0x0000000086300000, 0x0000000086400000|  0%| F|  |TAMS 0x0000000086300000, 0x0000000086300000| Untracked 
|  80|0x0000000086400000, 0x0000000086400000, 0x0000000086500000|  0%| F|  |TAMS 0x0000000086400000, 0x0000000086400000| Untracked 
|  81|0x0000000086500000, 0x0000000086500000, 0x0000000086600000|  0%| F|  |TAMS 0x0000000086500000, 0x0000000086500000| Untracked 
|  82|0x0000000086600000, 0x0000000086600000, 0x0000000086700000|  0%| F|  |TAMS 0x0000000086600000, 0x0000000086600000| Untracked 
|  83|0x0000000086700000, 0x0000000086700000, 0x0000000086800000|  0%| F|  |TAMS 0x0000000086700000, 0x0000000086700000| Untracked 
|  84|0x0000000086800000, 0x0000000086800000, 0x0000000086900000|  0%| F|  |TAMS 0x0000000086800000, 0x0000000086800000| Untracked 
|  85|0x0000000086900000, 0x0000000086900000, 0x0000000086a00000|  0%| F|  |TAMS 0x0000000086900000, 0x0000000086900000| Untracked 
|  86|0x0000000086a00000, 0x0000000086a00000, 0x0000000086b00000|  0%| F|  |TAMS 0x0000000086a00000, 0x0000000086a00000| Untracked 
|  87|0x0000000086b00000, 0x0000000086b00000, 0x0000000086c00000|  0%| F|  |TAMS 0x0000000086b00000, 0x0000000086b00000| Untracked 
|  88|0x0000000086c00000, 0x0000000086c00000, 0x0000000086d00000|  0%| F|  |TAMS 0x0000000086c00000, 0x0000000086c00000| Untracked 
|  89|0x0000000086d00000, 0x0000000086d00000, 0x0000000086e00000|  0%| F|  |TAMS 0x0000000086d00000, 0x0000000086d00000| Untracked 
|  90|0x0000000086e00000, 0x0000000086e00000, 0x0000000086f00000|  0%| F|  |TAMS 0x0000000086e00000, 0x0000000086e00000| Untracked 
|  91|0x0000000086f00000, 0x0000000086f00000, 0x0000000087000000|  0%| F|  |TAMS 0x0000000086f00000, 0x0000000086f00000| Untracked 
|  92|0x0000000087000000, 0x0000000087000000, 0x0000000087100000|  0%| F|  |TAMS 0x0000000087000000, 0x0000000087000000| Untracked 
|  93|0x0000000087100000, 0x0000000087100000, 0x0000000087200000|  0%| F|  |TAMS 0x0000000087100000, 0x0000000087100000| Untracked 
|  94|0x0000000087200000, 0x0000000087200000, 0x0000000087300000|  0%| F|  |TAMS 0x0000000087200000, 0x0000000087200000| Untracked 
|  95|0x0000000087300000, 0x0000000087300000, 0x0000000087400000|  0%| F|  |TAMS 0x0000000087300000, 0x0000000087300000| Untracked 
|  96|0x0000000087400000, 0x0000000087400000, 0x0000000087500000|  0%| F|  |TAMS 0x0000000087400000, 0x0000000087400000| Untracked 
|  97|0x0000000087500000, 0x0000000087500000, 0x0000000087600000|  0%| F|  |TAMS 0x0000000087500000, 0x0000000087500000| Untracked 
|  98|0x0000000087600000, 0x0000000087600000, 0x0000000087700000|  0%| F|  |TAMS 0x0000000087600000, 0x0000000087600000| Untracked 
|  99|0x0000000087700000, 0x0000000087700000, 0x0000000087800000|  0%| F|  |TAMS 0x0000000087700000, 0x0000000087700000| Untracked 
| 100|0x0000000087800000, 0x0000000087878f38, 0x0000000087900000| 47%| S|CS|TAMS 0x0000000087800000, 0x0000000087800000| Complete 
| 101|0x0000000087900000, 0x0000000087a00000, 0x0000000087a00000|100%| S|CS|TAMS 0x0000000087900000, 0x0000000087900000| Complete 
| 102|0x0000000087a00000, 0x0000000087b00000, 0x0000000087b00000|100%| S|CS|TAMS 0x0000000087a00000, 0x0000000087a00000| Complete 
| 103|0x0000000087b00000, 0x0000000087b00000, 0x0000000087c00000|  0%| F|  |TAMS 0x0000000087b00000, 0x0000000087b00000| Untracked 
| 104|0x0000000087c00000, 0x0000000087c00000, 0x0000000087d00000|  0%| F|  |TAMS 0x0000000087c00000, 0x0000000087c00000| Untracked 
| 105|0x0000000087d00000, 0x0000000087d00000, 0x0000000087e00000|  0%| F|  |TAMS 0x0000000087d00000, 0x0000000087d00000| Untracked 
| 106|0x0000000087e00000, 0x0000000087e00000, 0x0000000087f00000|  0%| F|  |TAMS 0x0000000087e00000, 0x0000000087e00000| Untracked 
| 107|0x0000000087f00000, 0x0000000087f00000, 0x0000000088000000|  0%| F|  |TAMS 0x0000000087f00000, 0x0000000087f00000| Untracked 
| 108|0x0000000088000000, 0x0000000088000000, 0x0000000088100000|  0%| F|  |TAMS 0x0000000088000000, 0x0000000088000000| Untracked 
| 109|0x0000000088100000, 0x0000000088100000, 0x0000000088200000|  0%| F|  |TAMS 0x0000000088100000, 0x0000000088100000| Untracked 
| 110|0x0000000088200000, 0x0000000088200000, 0x0000000088300000|  0%| F|  |TAMS 0x0000000088200000, 0x0000000088200000| Untracked 
| 111|0x0000000088300000, 0x0000000088300000, 0x0000000088400000|  0%| F|  |TAMS 0x0000000088300000, 0x0000000088300000| Untracked 
| 112|0x0000000088400000, 0x0000000088400000, 0x0000000088500000|  0%| F|  |TAMS 0x0000000088400000, 0x0000000088400000| Untracked 
| 113|0x0000000088500000, 0x0000000088581f00, 0x0000000088600000| 50%| E|  |TAMS 0x0000000088500000, 0x0000000088500000| Complete 
| 114|0x0000000088600000, 0x0000000088700000, 0x0000000088700000|100%| E|CS|TAMS 0x0000000088600000, 0x0000000088600000| Complete 
| 115|0x0000000088700000, 0x0000000088800000, 0x0000000088800000|100%| E|CS|TAMS 0x0000000088700000, 0x0000000088700000| Complete 
| 116|0x0000000088800000, 0x0000000088900000, 0x0000000088900000|100%| E|CS|TAMS 0x0000000088800000, 0x0000000088800000| Complete 
| 117|0x0000000088900000, 0x0000000088a00000, 0x0000000088a00000|100%| E|CS|TAMS 0x0000000088900000, 0x0000000088900000| Complete 
| 118|0x0000000088a00000, 0x0000000088b00000, 0x0000000088b00000|100%| E|CS|TAMS 0x0000000088a00000, 0x0000000088a00000| Complete 
| 119|0x0000000088b00000, 0x0000000088c00000, 0x0000000088c00000|100%| E|CS|TAMS 0x0000000088b00000, 0x0000000088b00000| Complete 
| 120|0x0000000088c00000, 0x0000000088d00000, 0x0000000088d00000|100%| E|CS|TAMS 0x0000000088c00000, 0x0000000088c00000| Complete 
| 121|0x0000000088d00000, 0x0000000088e00000, 0x0000000088e00000|100%| E|CS|TAMS 0x0000000088d00000, 0x0000000088d00000| Complete 
| 122|0x0000000088e00000, 0x0000000088f00000, 0x0000000088f00000|100%| E|CS|TAMS 0x0000000088e00000, 0x0000000088e00000| Complete 
| 123|0x0000000088f00000, 0x0000000089000000, 0x0000000089000000|100%| E|CS|TAMS 0x0000000088f00000, 0x0000000088f00000| Complete 
| 124|0x0000000089000000, 0x0000000089100000, 0x0000000089100000|100%| E|CS|TAMS 0x0000000089000000, 0x0000000089000000| Complete 
| 125|0x0000000089100000, 0x0000000089200000, 0x0000000089200000|100%| E|CS|TAMS 0x0000000089100000, 0x0000000089100000| Complete 
| 126|0x0000000089200000, 0x0000000089300000, 0x0000000089300000|100%| E|CS|TAMS 0x0000000089200000, 0x0000000089200000| Complete 
| 127|0x0000000089300000, 0x0000000089400000, 0x0000000089400000|100%| E|CS|TAMS 0x0000000089300000, 0x0000000089300000| Complete 

Card table byte_map: [0x0000027ce0ae0000,0x0000027ce0ee0000] _byte_map_base: 0x0000027ce06d6000

Marking Bits (Prev, Next): (CMBitMap*) 0x0000027ccda726b8, (CMBitMap*) 0x0000027ccda726f8
 Prev Bits: [0x0000027ce12e0000, 0x0000027ce3290000)
 Next Bits: [0x0000027ce3290000, 0x0000027ce5240000)

Polling page: 0x0000027ccb9a0000

Metaspace:

Usage:
  Non-class:     18.02 MB capacity,    17.70 MB ( 98%) used,   267.82 KB (  1%) free+waste,    60.63 KB ( <1%) overhead. 
      Class:      2.37 MB capacity,     2.15 MB ( 91%) used,   188.93 KB (  8%) free+waste,    29.94 KB (  1%) overhead. 
       Both:     20.39 MB capacity,    19.86 MB ( 97%) used,   456.75 KB (  2%) free+waste,    90.56 KB ( <1%) overhead. 

Virtual space:
  Non-class space:       20.00 MB reserved,      18.25 MB ( 91%) committed 
      Class space:        1.00 GB reserved,       2.38 MB ( <1%) committed 
             Both:        1.02 GB reserved,      20.63 MB (  2%) committed 

Chunk freelists:
   Non-Class:  37.00 KB
       Class:  9.00 KB
        Both:  46.00 KB

MaxMetaspaceSize: 17179869184.00 GB
CompressedClassSpaceSize: 1.00 GB

CodeHeap 'non-profiled nmethods': size=120000Kb used=694Kb max_used=694Kb free=119305Kb
 bounds [0x0000027cd91b0000, 0x0000027cd9420000, 0x0000027ce06e0000]
CodeHeap 'profiled nmethods': size=120000Kb used=3228Kb max_used=3228Kb free=116771Kb
 bounds [0x0000027cd1c80000, 0x0000027cd1fb0000, 0x0000027cd91b0000]
CodeHeap 'non-nmethods': size=5760Kb used=1173Kb max_used=1200Kb free=4586Kb
 bounds [0x0000027cd16e0000, 0x0000027cd1950000, 0x0000027cd1c80000]
 total_blobs=2048 nmethods=1615 adapters=346
 compilation: enabled
              stopped_count=0, restarted_count=0
 full_count=0

Compilation events (20 events):
Event: 4.812 Thread 0x0000027ce804e800 nmethod 1586 0x0000027cd1f91b90 code [0x0000027cd1f91d60, 0x0000027cd1f92168]
Event: 4.812 Thread 0x0000027ce804e800 1587       3       java.util.concurrent.locks.AbstractQueuedSynchronizer::compareAndSetState (13 bytes)
Event: 4.812 Thread 0x0000027ce804e800 nmethod 1587 0x0000027cd1f92290 code [0x0000027cd1f92420, 0x0000027cd1f92538]
Event: 4.813 Thread 0x0000027ce804e800 1588       3       java.lang.Class::newReflectionData (66 bytes)
Event: 4.814 Thread 0x0000027ce804e800 nmethod 1588 0x0000027cd1f92610 code [0x0000027cd1f92820, 0x0000027cd1f93168]
Event: 4.828 Thread 0x0000027ce804e800 1591       3       sun.reflect.generics.parser.SignatureParser::make (8 bytes)
Event: 4.828 Thread 0x0000027ce804e800 nmethod 1591 0x0000027cd1f93410 code [0x0000027cd1f935c0, 0x0000027cd1f937b8]
Event: 4.828 Thread 0x0000027ce804e800 1592       3       sun.reflect.generics.parser.SignatureParser::<init> (5 bytes)
Event: 4.828 Thread 0x0000027ce804e800 nmethod 1592 0x0000027cd1f93890 code [0x0000027cd1f93a20, 0x0000027cd1f93b78]
Event: 4.839 Thread 0x0000027ce804e800 1593       3       sun.reflect.generics.scope.ClassScope::make (9 bytes)
Event: 4.839 Thread 0x0000027ce804e800 nmethod 1593 0x0000027cd1f93c10 code [0x0000027cd1f93dc0, 0x0000027cd1f94078]
Event: 4.848 Thread 0x0000027ce804e800 1594       3       java.util.Collections::emptySet (4 bytes)
Event: 4.848 Thread 0x0000027ce804e800 nmethod 1594 0x0000027cd1f94190 code [0x0000027cd1f94320, 0x0000027cd1f94418]
Event: 4.848 Thread 0x0000027ce804e800 1595       3       jdk.internal.loader.AbstractClassLoaderValue::<init> (5 bytes)
Event: 4.848 Thread 0x0000027ce804e800 nmethod 1595 0x0000027cd1f94490 code [0x0000027cd1f94620, 0x0000027cd1f94778]
Event: 4.850 Thread 0x0000027ce804e800 1596       3       java.util.Collections$UnmodifiableCollection$1::hasNext (10 bytes)
Event: 4.850 Thread 0x0000027ce804e800 nmethod 1596 0x0000027cd1f94810 code [0x0000027cd1f949c0, 0x0000027cd1f94b88]
Event: 4.850 Thread 0x0000027ce9af0800 1590       4       java.io.WinNTFileSystem::normalize (143 bytes)
Event: 4.851 Thread 0x0000027ce804e800 1598       1       org.springframework.core.annotation.PackagesAnnotationFilter::hashCode (5 bytes)
Event: 4.851 Thread 0x0000027ce804e800 nmethod 1598 0x0000027cd9256e10 code [0x0000027cd9256fa0, 0x0000027cd9257058]

GC Heap History (6 events):
Event: 1.561 GC heap before
{Heap before GC invocations=0 (full 0):
 garbage-first heap   total 131072K, used 12288K [0x0000000081400000, 0x0000000100000000)
  region size 1024K, 13 young (13312K), 0 survivors (0K)
 Metaspace       used 8989K, capacity 9145K, committed 9472K, reserved 1058816K
  class space    used 832K, capacity 903K, committed 1024K, reserved 1048576K
}
Event: 1.566 GC heap after
{Heap after GC invocations=1 (full 0):
 garbage-first heap   total 131072K, used 5970K [0x0000000081400000, 0x0000000100000000)
  region size 1024K, 2 young (2048K), 2 survivors (2048K)
 Metaspace       used 8989K, capacity 9145K, committed 9472K, reserved 1058816K
  class space    used 832K, capacity 903K, committed 1024K, reserved 1048576K
}
Event: 2.285 GC heap before
{Heap before GC invocations=1 (full 0):
 garbage-first heap   total 131072K, used 16210K [0x0000000081400000, 0x0000000100000000)
  region size 1024K, 13 young (13312K), 2 survivors (2048K)
 Metaspace       used 12530K, capacity 12815K, committed 12928K, reserved 1060864K
  class space    used 1232K, capacity 1324K, committed 1408K, reserved 1048576K
}
Event: 2.289 GC heap after
{Heap after GC invocations=2 (full 0):
 garbage-first heap   total 131072K, used 6902K [0x0000000081400000, 0x0000000100000000)
  region size 1024K, 1 young (1024K), 1 survivors (1024K)
 Metaspace       used 12530K, capacity 12815K, committed 12928K, reserved 1060864K
  class space    used 1232K, capacity 1324K, committed 1408K, reserved 1048576K
}
Event: 4.159 GC heap before
{Heap before GC invocations=2 (full 0):
 garbage-first heap   total 131072K, used 31478K [0x0000000081400000, 0x0000000100000000)
  region size 1024K, 25 young (25600K), 1 survivors (1024K)
 Metaspace       used 17445K, capacity 17978K, committed 18176K, reserved 1064960K
  class space    used 1844K, capacity 2028K, committed 2048K, reserved 1048576K
}
Event: 4.167 GC heap after
{Heap after GC invocations=3 (full 0):
 garbage-first heap   total 131072K, used 8431K [0x0000000081400000, 0x0000000100000000)
  region size 1024K, 3 young (3072K), 3 survivors (3072K)
 Metaspace       used 17445K, capacity 17978K, committed 18176K, reserved 1064960K
  class space    used 1844K, capacity 2028K, committed 2048K, reserved 1048576K
}

Deoptimization events (20 events):
Event: 3.778 Thread 0x0000027ccb87e000 DEOPT PACKING pc=0x0000027cd922dd58 sp=0x000000e5e28fc4e0
Event: 3.778 Thread 0x0000027ccb87e000 DEOPT UNPACKING pc=0x0000027cd172912f sp=0x000000e5e28fc4a8 mode 2
Event: 3.778 Thread 0x0000027ccb87e000 Uncommon trap: trap_request=0xffffffc6 fr.pc=0x0000027cd922dd58 relative=0x00000000000013f8
Event: 3.778 Thread 0x0000027ccb87e000 Uncommon trap: reason=bimorphic_or_optimized_type_check action=maybe_recompile pc=0x0000027cd922dd58 method=java.util.HashMap.putVal(ILjava/lang/Object;Ljava/lang/Object;ZZ)Ljava/lang/Object; @ 56 c2
Event: 3.778 Thread 0x0000027ccb87e000 DEOPT PACKING pc=0x0000027cd922dd58 sp=0x000000e5e28fc4e0
Event: 3.778 Thread 0x0000027ccb87e000 DEOPT UNPACKING pc=0x0000027cd172912f sp=0x000000e5e28fc4a8 mode 2
Event: 3.829 Thread 0x0000027ccb87e000 Uncommon trap: trap_request=0xffffff45 fr.pc=0x0000027cd91ef618 relative=0x0000000000001638
Event: 3.830 Thread 0x0000027ccb87e000 Uncommon trap: reason=unstable_if action=reinterpret pc=0x0000027cd91ef618 method=java.io.WinNTFileSystem.normalize(Ljava/lang/String;)Ljava/lang/String; @ 128 c2
Event: 3.830 Thread 0x0000027ccb87e000 DEOPT PACKING pc=0x0000027cd91ef618 sp=0x000000e5e28fcc60
Event: 3.830 Thread 0x0000027ccb87e000 DEOPT UNPACKING pc=0x0000027cd172912f sp=0x000000e5e28fcc38 mode 2
Event: 3.832 Thread 0x0000027ccb87e000 Uncommon trap: trap_request=0xffffff45 fr.pc=0x0000027cd91c7420 relative=0x0000000000000b40
Event: 3.832 Thread 0x0000027ccb87e000 Uncommon trap: reason=unstable_if action=reinterpret pc=0x0000027cd91c7420 method=java.util.zip.ZipFile$Source.getEntryPos([BZ)I @ 157 c2
Event: 3.832 Thread 0x0000027ccb87e000 DEOPT PACKING pc=0x0000027cd91c7420 sp=0x000000e5e28fcd10
Event: 3.832 Thread 0x0000027ccb87e000 DEOPT UNPACKING pc=0x0000027cd172912f sp=0x000000e5e28fccb0 mode 2
Event: 4.214 Thread 0x0000027ccb87e000 Uncommon trap: trap_request=0xffffff45 fr.pc=0x0000027cd9205d50 relative=0x0000000000000090
Event: 4.214 Thread 0x0000027ccb87e000 Uncommon trap: reason=unstable_if action=reinterpret pc=0x0000027cd9205d50 method=sun.reflect.generics.parser.SignatureParser.current()C @ 39 c2
Event: 4.214 Thread 0x0000027ccb87e000 DEOPT PACKING pc=0x0000027cd9205d50 sp=0x000000e5e28fbeb0
Event: 4.214 Thread 0x0000027ccb87e000 DEOPT UNPACKING pc=0x0000027cd172912f sp=0x000000e5e28fbe48 mode 2
Event: 4.816 Thread 0x0000027ccb87e000 DEOPT PACKING pc=0x0000027cd1f4ba48 sp=0x000000e5e28fb930
Event: 4.816 Thread 0x0000027ccb87e000 DEOPT UNPACKING pc=0x0000027cd172964e sp=0x000000e5e28fae38 mode 0

Classes unloaded (0 events):
No events

Classes redefined (0 events):
No events

Internal exceptions (20 events):
Event: 2.312 Thread 0x0000027ccb87e000 Exception <a 'java/lang/NoSuchMethodError'{0x00000000893b1050}: 'void java.lang.invoke.DirectMethodHandle$Holder.invokeSpecial(java.lang.Object, java.lang.Object, java.lang.Object, java.lang.Object, java.lang.Object)'> (0x00000000893b1050) 
thrown [./open/src/hotspot/share/interpreter/linkResolver.cpp, line 766]
Event: 2.364 Thread 0x0000027ccb87e000 Exception <a 'java/lang/NoSuchMethodError'{0x00000000892399d8}: 'java.lang.Object java.lang.invoke.DirectMethodHandle$Holder.invokeVirtual(java.lang.Object, java.lang.Object, java.lang.Object)'> (0x00000000892399d8) 
thrown [./open/src/hotspot/share/interpreter/linkResolver.cpp, line 766]
Event: 2.372 Thread 0x0000027ccb87e000 Exception <a 'java/lang/NoSuchMethodError'{0x000000008929aa50}: 'void java.lang.invoke.DirectMethodHandle$Holder.invokeInterface(java.lang.Object, java.lang.Object, java.lang.Object, java.lang.Object)'> (0x000000008929aa50) 
thrown [./open/src/hotspot/share/interpreter/linkResolver.cpp, line 766]
Event: 2.373 Thread 0x0000027ccb87e000 Exception <a 'java/lang/IncompatibleClassChangeError'{0x000000008929d478}: Found class java.lang.Object, but interface was expected> (0x000000008929d478) 
thrown [./open/src/hotspot/share/interpreter/linkResolver.cpp, line 832]
Event: 2.376 Thread 0x0000027ccb87e000 Exception <a 'java/lang/NoSuchMethodError'{0x00000000892b99b0}: 'void java.lang.invoke.DirectMethodHandle$Holder.invokeStatic(java.lang.Object, java.lang.Object, java.lang.Object, java.lang.Object)'> (0x00000000892b99b0) 
thrown [./open/src/hotspot/share/interpreter/linkResolver.cpp, line 766]
Event: 2.393 Thread 0x0000027ccb87e000 Exception <a 'java/lang/NoSuchMethodError'{0x00000000891c4c08}: 'java.lang.Object java.lang.invoke.Invokers$Holder.invokeExact_MT(java.lang.Object, java.lang.Object, java.lang.Object, java.lang.Object, java.lang.Object, java.lang.Object)'> (0x00000000891c4c08) 
thrown [./open/src/hotspot/share/interpreter/linkResolver.cpp, line 766]
Event: 2.395 Thread 0x0000027ccb87e000 Exception <a 'java/lang/NoSuchMethodError'{0x00000000891cf2b0}: 'int java.lang.invoke.DirectMethodHandle$Holder.invokeStatic(java.lang.Object, java.lang.Object, java.lang.Object, java.lang.Object, java.lang.Object)'> (0x00000000891cf2b0) 
thrown [./open/src/hotspot/share/interpreter/linkResolver.cpp, line 766]
Event: 2.428 Thread 0x0000027ccb87e000 Exception <a 'java/lang/NoSuchMethodError'{0x00000000890c5c28}: 'void java.lang.invoke.DirectMethodHandle$Holder.invokeSpecial(java.lang.Object, java.lang.Object)'> (0x00000000890c5c28) 
thrown [./open/src/hotspot/share/interpreter/linkResolver.cpp, line 766]
Event: 2.448 Thread 0x0000027ccb87e000 Exception <a 'java/lang/NoSuchMethodError'{0x0000000088e35d20}: 'int java.lang.invoke.DirectMethodHandle$Holder.invokeStaticInit(java.lang.Object, java.lang.Object, java.lang.Object)'> (0x0000000088e35d20) 
thrown [./open/src/hotspot/share/interpreter/linkResolver.cpp, line 766]
Event: 2.469 Thread 0x0000027ccb87e000 Exception <a 'java/lang/NoSuchMethodError'{0x0000000088e840c0}: 'int java.lang.invoke.DirectMethodHandle$Holder.invokeStaticInit(java.lang.Object, java.lang.Object)'> (0x0000000088e840c0) 
thrown [./open/src/hotspot/share/interpreter/linkResolver.cpp, line 766]
Event: 2.752 Thread 0x0000027ccb87e000 Exception <a 'java/lang/ClassNotFoundException'{0x0000000088a1e210}: javax/smartcardio/CardPermission> (0x0000000088a1e210) 
thrown [./open/src/hotspot/share/classfile/systemDictionary.cpp, line 226]
Event: 2.757 Thread 0x0000027ccb87e000 Exception <a 'java/io/FileNotFoundException'{0x0000000088a2cdd8}> (0x0000000088a2cdd8) 
thrown [./open/src/hotspot/share/prims/jni.cpp, line 599]
Event: 2.915 Thread 0x0000027ccb87e000 Exception <a 'java/lang/NoSuchMethodError'{0x00000000887a0118}: 'org.slf4j.impl.StaticMDCBinder org.slf4j.impl.StaticMDCBinder.getSingleton()'> (0x00000000887a0118) 
thrown [./open/src/hotspot/share/interpreter/linkResolver.cpp, line 766]
Event: 2.988 Thread 0x0000027ccb87e000 Exception <a 'java/lang/IncompatibleClassChangeError'{0x000000008868bc20}: Found class java.lang.Object, but interface was expected> (0x000000008868bc20) 
thrown [./open/src/hotspot/share/interpreter/linkResolver.cpp, line 832]
Event: 3.102 Thread 0x0000027ccb87e000 Implicit null exception at 0x0000027cd91f59af to 0x0000027cd91f5a1d
Event: 3.120 Thread 0x0000027ccb87e000 Exception <a 'java/lang/NoSuchMethodError'{0x00000000884822b8}: 'int java.lang.invoke.DirectMethodHandle$Holder.invokeInterface(java.lang.Object, java.lang.Object)'> (0x00000000884822b8) 
thrown [./open/src/hotspot/share/interpreter/linkResolver.cpp, line 766]
Event: 4.182 Thread 0x0000027ccb87e000 Exception <a 'java/lang/NoSuchMethodError'{0x000000008932bc58}: 'void java.lang.invoke.DirectMethodHandle$Holder.invokeVirtual(java.lang.Object, java.lang.Object, java.lang.Object, java.lang.Object)'> (0x000000008932bc58) 
thrown [./open/src/hotspot/share/interpreter/linkResolver.cpp, line 766]
Event: 4.659 Thread 0x0000027ccb87e000 Exception <a 'java/lang/NoSuchMethodError'{0x0000000088928928}: 'java.lang.Object java.lang.invoke.Invokers$Holder.linkToTargetMethod(java.lang.Object, java.lang.Object, java.lang.Object, java.lang.Object, java.lang.Object, java.lang.Object, java.lang.Object)'> (0x0000000088928928) 
thrown [./open/src/hotspot/share/interpreter/linkResolver.cpp, line 766]
Event: 4.665 Thread 0x0000027ccb87e000 Exception <a 'java/lang/NoSuchMethodError'{0x00000000889328c8}: 'java.lang.Object java.lang.invoke.DirectMethodHandle$Holder.invokeInterface(java.lang.Object, java.lang.Object, java.lang.Object, java.lang.Object, java.lang.Object)'> (0x00000000889328c8) 
thrown [./open/src/hotspot/share/interpreter/linkResolver.cpp, line 766]
Event: 4.665 Thread 0x0000027ccb87e000 Exception <a 'java/lang/IncompatibleClassChangeError'{0x0000000088935bd0}: Found class java.lang.Object, but interface was expected> (0x0000000088935bd0) 
thrown [./open/src/hotspot/share/interpreter/linkResolver.cpp, line 832]

Events (20 events):
Event: 4.595 loading class jdk/internal/reflect/UnsafeQualifiedStaticFieldAccessorImpl
Event: 4.595 loading class jdk/internal/reflect/UnsafeQualifiedStaticFieldAccessorImpl done
Event: 4.595 loading class jdk/internal/reflect/UnsafeQualifiedStaticIntegerFieldAccessorImpl done
Event: 4.654 loading class java/util/EventObject
Event: 4.654 loading class java/util/EventObject done
Event: 4.668 loading class java/util/ArrayList$ListItr
Event: 4.668 loading class java/util/ArrayList$ListItr done
Event: 4.668 Executing VM operation: HandshakeAllThreads
Event: 4.668 Executing VM operation: HandshakeAllThreads done
Event: 4.762 Executing VM operation: HandshakeOneThread
Event: 4.762 Executing VM operation: HandshakeOneThread done
Event: 4.777 Executing VM operation: HandshakeOneThread
Event: 4.777 Executing VM operation: HandshakeOneThread done
Event: 4.813 loading class java/util/concurrent/CountDownLatch
Event: 4.813 loading class java/util/concurrent/CountDownLatch done
Event: 4.813 loading class java/util/concurrent/CountDownLatch$Sync
Event: 4.813 loading class java/util/concurrent/CountDownLatch$Sync done
Event: 4.850 loading class java/lang/StackTraceElement$HashedModules
Event: 4.850 loading class java/lang/StackTraceElement$HashedModules done
Event: 4.850 Thread 0x0000027ce9af0800 Thread added: 0x0000027ce9af0800


Dynamic libraries:
0x00007ff74ca90000 - 0x00007ff74ca9d000 	E:\Documents\Springtools\sts-4.8.0.RELEASE\plugins\org.eclipse.justj.openjdk.hotspot.jre.full.win32.x86_64_14.0.2.v20200815-0932\jre\bin\javaw.exe
0x00007ffda7ed0000 - 0x00007ffda80c6000 	C:\Windows\SYSTEM32\ntdll.dll
0x00007ffda6a70000 - 0x00007ffda6b2d000 	C:\Windows\System32\KERNEL32.DLL
0x00007ffda56f0000 - 0x00007ffda59b9000 	C:\Windows\System32\KERNELBASE.dll
0x00007ffda59c0000 - 0x00007ffda5ac0000 	C:\Windows\System32\ucrtbase.dll
0x00007ffd96330000 - 0x00007ffd96348000 	E:\Documents\Springtools\sts-4.8.0.RELEASE\plugins\org.eclipse.justj.openjdk.hotspot.jre.full.win32.x86_64_14.0.2.v20200815-0932\jre\bin\jli.dll
0x00007ffda6710000 - 0x00007ffda68b0000 	C:\Windows\System32\USER32.dll
0x00007ffda5c90000 - 0x00007ffda5cb2000 	C:\Windows\System32\win32u.dll
0x00007ffda6060000 - 0x00007ffda608a000 	C:\Windows\System32\GDI32.dll
0x00007ffda5cc0000 - 0x00007ffda5dcb000 	C:\Windows\System32\gdi32full.dll
0x00007ffda5ac0000 - 0x00007ffda5b5d000 	C:\Windows\System32\msvcp_win.dll
0x00007ffd962a0000 - 0x00007ffd962b5000 	E:\Documents\Springtools\sts-4.8.0.RELEASE\plugins\org.eclipse.justj.openjdk.hotspot.jre.full.win32.x86_64_14.0.2.v20200815-0932\jre\bin\VCRUNTIME140.dll
0x00007ffd8ea40000 - 0x00007ffd8ecdb000 	C:\Windows\WinSxS\amd64_microsoft.windows.common-controls_6595b64144ccf1df_6.0.19041.746_none_ca02b4b61b8320a4\COMCTL32.dll
0x00007ffda68b0000 - 0x00007ffda694e000 	C:\Windows\System32\msvcrt.dll
0x00007ffda7dd0000 - 0x00007ffda7e00000 	C:\Windows\System32\IMM32.DLL
0x00007ffd90070000 - 0x00007ffd9010b000 	E:\Documents\Springtools\sts-4.8.0.RELEASE\plugins\org.eclipse.justj.openjdk.hotspot.jre.full.win32.x86_64_14.0.2.v20200815-0932\jre\bin\msvcp140.dll
0x00007ffd7f230000 - 0x00007ffd7fd4e000 	E:\Documents\Springtools\sts-4.8.0.RELEASE\plugins\org.eclipse.justj.openjdk.hotspot.jre.full.win32.x86_64_14.0.2.v20200815-0932\jre\bin\server\jvm.dll
0x00007ffda73a0000 - 0x00007ffda744c000 	C:\Windows\System32\ADVAPI32.dll
0x00007ffda6670000 - 0x00007ffda670c000 	C:\Windows\System32\sechost.dll
0x00007ffda6b30000 - 0x00007ffda6c5b000 	C:\Windows\System32\RPCRT4.dll
0x00007ffda6cc0000 - 0x00007ffda6cc8000 	C:\Windows\System32\PSAPI.DLL
0x00007ffda13d0000 - 0x00007ffda13d9000 	C:\Windows\SYSTEM32\WSOCK32.dll
0x00007ffda7310000 - 0x00007ffda737b000 	C:\Windows\System32\WS2_32.dll
0x00007ffd99a50000 - 0x00007ffd99a77000 	C:\Windows\SYSTEM32\WINMM.dll
0x00007ffd98950000 - 0x00007ffd9895a000 	C:\Windows\SYSTEM32\VERSION.dll
0x00007ffda3410000 - 0x00007ffda3422000 	C:\Windows\SYSTEM32\kernel.appcore.dll
0x00007ffda1150000 - 0x00007ffda115a000 	E:\Documents\Springtools\sts-4.8.0.RELEASE\plugins\org.eclipse.justj.openjdk.hotspot.jre.full.win32.x86_64_14.0.2.v20200815-0932\jre\bin\jimage.dll
0x00007ffd94f40000 - 0x00007ffd95124000 	C:\Windows\SYSTEM32\DBGHELP.DLL
0x00007ffd94710000 - 0x00007ffd9473c000 	C:\Windows\SYSTEM32\dbgcore.DLL
0x00007ffda5c10000 - 0x00007ffda5c90000 	C:\Windows\System32\bcryptPrimitives.dll
0x00007ffda00a0000 - 0x00007ffda00c5000 	E:\Documents\Springtools\sts-4.8.0.RELEASE\plugins\org.eclipse.justj.openjdk.hotspot.jre.full.win32.x86_64_14.0.2.v20200815-0932\jre\bin\java.dll
0x00007ffd999f0000 - 0x00007ffd99a06000 	E:\Documents\Springtools\sts-4.8.0.RELEASE\plugins\org.eclipse.justj.openjdk.hotspot.jre.full.win32.x86_64_14.0.2.v20200815-0932\jre\bin\zip.dll
0x00007ffda7460000 - 0x00007ffda7ba2000 	C:\Windows\System32\SHELL32.dll
0x00007ffda3720000 - 0x00007ffda3eb0000 	C:\Windows\SYSTEM32\windows.storage.dll
0x00007ffda6f50000 - 0x00007ffda72a6000 	C:\Windows\System32\combase.dll
0x00007ffda4ed0000 - 0x00007ffda4efc000 	C:\Windows\SYSTEM32\Wldp.dll
0x00007ffda6140000 - 0x00007ffda61ee000 	C:\Windows\System32\SHCORE.dll
0x00007ffda72b0000 - 0x00007ffda7305000 	C:\Windows\System32\shlwapi.dll
0x00007ffda5540000 - 0x00007ffda5566000 	C:\Windows\SYSTEM32\profapi.dll
0x00007ffd999d0000 - 0x00007ffd999e9000 	E:\Documents\Springtools\sts-4.8.0.RELEASE\plugins\org.eclipse.justj.openjdk.hotspot.jre.full.win32.x86_64_14.0.2.v20200815-0932\jre\bin\net.dll
0x00007ffd9dbe0000 - 0x00007ffd9dce0000 	C:\Windows\SYSTEM32\WINHTTP.dll
0x00007ffda4cc0000 - 0x00007ffda4d2a000 	C:\Windows\system32\mswsock.dll
0x00007ffd99970000 - 0x00007ffd99982000 	E:\Documents\Springtools\sts-4.8.0.RELEASE\plugins\org.eclipse.justj.openjdk.hotspot.jre.full.win32.x86_64_14.0.2.v20200815-0932\jre\bin\nio.dll
0x00007ffd999c0000 - 0x00007ffd999d0000 	E:\Documents\Springtools\sts-4.8.0.RELEASE\plugins\org.eclipse.justj.openjdk.hotspot.jre.full.win32.x86_64_14.0.2.v20200815-0932\jre\bin\verify.dll
0x00007ffda49d0000 - 0x00007ffda4a0b000 	C:\Windows\SYSTEM32\IPHLPAPI.DLL
0x00007ffda61f0000 - 0x00007ffda61f8000 	C:\Windows\System32\NSI.dll
0x00007ffd9d850000 - 0x00007ffd9d867000 	C:\Windows\SYSTEM32\dhcpcsvc6.DLL
0x00007ffd9d810000 - 0x00007ffd9d82d000 	C:\Windows\SYSTEM32\dhcpcsvc.DLL
0x00007ffda4a10000 - 0x00007ffda4adb000 	C:\Windows\SYSTEM32\DNSAPI.dll

dbghelp: loaded successfully - version: 4.0.5 - missing functions: none
symbol engine: initialized successfully - sym options: 0x614 - pdb path: .;E:\Documents\Springtools\sts-4.8.0.RELEASE\plugins\org.eclipse.justj.openjdk.hotspot.jre.full.win32.x86_64_14.0.2.v20200815-0932\jre\bin;C:\Windows\SYSTEM32;C:\Windows\WinSxS\amd64_microsoft.windows.common-controls_6595b64144ccf1df_6.0.19041.746_none_ca02b4b61b8320a4;E:\Documents\Springtools\sts-4.8.0.RELEASE\plugins\org.eclipse.justj.openjdk.hotspot.jre.full.win32.x86_64_14.0.2.v20200815-0932\jre\bin\server

VM Arguments:
jvm_args: -ea -Dfile.encoding=Cp1252 -XX:+ShowCodeDetailsInExceptionMessages 
java_command: org.eclipse.jdt.internal.junit.runner.RemoteTestRunner -version 3 -port 52208 -testLoaderClass org.eclipse.jdt.internal.junit5.runner.JUnit5TestLoader -loaderpluginname org.eclipse.jdt.junit5.runtime -classNames edu.escuelaing.eci.ieti.ElectryrideBack2ApplicationTests
java_class_path (initial): E:\Desktop\IETI\niponsotes\ELECTRYRIDE-BACK\bin\main;E:\Desktop\IETI\niponsotes\ELECTRYRIDE-BACK\bin\test;\Electryride-back-2\bin\default;C:\Users\user\.gradle\caches\modules-2\files-2.1\org.springframework.boot\spring-boot-starter-data-rest\2.4.3\58ebc51b732632e0d2e666bdd6a6032936333b43\spring-boot-starter-data-rest-2.4.3.jar;C:\Users\user\.gradle\caches\modules-2\files-2.1\org.springframework.boot\spring-boot-starter-web-services\2.4.3\ddb488dd2af3b3a95b9a12bea6a6e9caae330296\spring-boot-starter-web-services-2.4.3.jar;C:\Users\user\.gradle\caches\modules-2\files-2.1\org.springframework.boot\spring-boot-starter-web\2.4.3\4f5554ea183af87e52d8c31bb82aada0d74c40b0\spring-boot-starter-web-2.4.3.jar;C:\Users\user\.gradle\caches\modules-2\files-2.1\org.springframework.boot\spring-boot-starter-webflux\2.4.3\a23140ff286f1c2ffa4f1d807fd73554d5275d68\spring-boot-starter-webflux-2.4.3.jar;C:\Users\user\.gradle\caches\modules-2\files-2.1\org.springframework.boot\spring-boot-starter-data-mongodb\2.4.3\85b1951e412adecf44db29373be626fcdf33eaef\spring-boot-starter-data-mongodb-2.4.3.jar;C:\Users\user\.gradle\caches\modules-2\files-2.1\org.springframework.data\spring-data-rest-webmvc\3.4.5\4bc2adde675a23492fcba83fdadba1465fc124ad\spring-data-rest-webmvc-3.4.5.jar;C:\Users\user\.gradle\caches\modules-2\files-2.1\org.springframework.boot\spring-boot-starter-json\2.4.3\7b26abb0a0379a00b58a2a50e010b29cf4f16b80\spring-boot-starter-json-2.4.3.jar;C:\Users\user\.gradle\caches\modules-2\files-2.1\org.springframework.boot\spring-boot-starter\2.4.3\fd8bc0fb5f5aaefb4d6c8b77eb61563aab840c11\spring-boot-starter-2.4.3.jar;C:\Users\user\.gradle\caches\modules-2\files-2.1\org.springframework.boot\spring-boot-starter-tomcat\2.4.3\4ba28aae05a259625e7e92f8e7338c5e1d22de35\spring-boot-starter-tomcat-2.4.3.jar;C:\Users\user\.gradle\caches\modules-2\files-2.1\org.springframework.ws\spring-ws-core\3.0.10.RELEASE\59a17a6985960e2c57bad6b474697acd3cc4bcf4\spring-ws-core-3.0.10.R
Launcher Type: SUN_STANDARD

[Global flags]
     intx CICompilerCount                          = 3                                         {product} {ergonomic}
     uint ConcGCThreads                            = 1                                         {product} {ergonomic}
     uint G1ConcRefinementThreads                  = 4                                         {product} {ergonomic}
   size_t G1HeapRegionSize                         = 1048576                                   {product} {ergonomic}
    uintx GCDrainStackTargetSize                   = 64                                        {product} {ergonomic}
   size_t InitialHeapSize                          = 134217728                                 {product} {ergonomic}
   size_t MarkStackSize                            = 4194304                                   {product} {ergonomic}
   size_t MaxHeapSize                              = 2126512128                                {product} {ergonomic}
   size_t MaxNewSize                               = 1275068416                                {product} {ergonomic}
   size_t MinHeapDeltaBytes                        = 1048576                                   {product} {ergonomic}
   size_t MinHeapSize                              = 8388608                                   {product} {ergonomic}
    uintx NonNMethodCodeHeapSize                   = 5832780                                {pd product} {ergonomic}
    uintx NonProfiledCodeHeapSize                  = 122912730                              {pd product} {ergonomic}
    uintx ProfiledCodeHeapSize                     = 122912730                              {pd product} {ergonomic}
    uintx ReservedCodeCacheSize                    = 251658240                              {pd product} {ergonomic}
     bool SegmentedCodeCache                       = true                                      {product} {ergonomic}
     bool ShowCodeDetailsInExceptionMessages       = true                                   {manageable} {command line}
   size_t SoftMaxHeapSize                          = 2126512128                             {manageable} {ergonomic}
     bool UseCompressedClassPointers               = true                                 {lp64_product} {ergonomic}
     bool UseCompressedOops                        = true                                 {lp64_product} {ergonomic}
     bool UseG1GC                                  = true                                      {product} {ergonomic}
     bool UseLargePagesIndividualAllocation        = false                                  {pd product} {ergonomic}

Logging:
Log output configuration:
 #0: stdout all=warning uptime,level,tags
 #1: stderr all=off uptime,level,tags

Environment Variables:
JAVA_HOME=C:\Program Files\Java\jdk-11.0.10
CLASSPATH=C:\Program Files (x86)\Java\jre1.8.0_261
PATH=E:/Documents/Springtools/sts-4.8.0.RELEASE//plugins/org.eclipse.justj.openjdk.hotspot.jre.full.win32.x86_64_14.0.2.v20200815-0932/jre/bin/server;E:/Documents/Springtools/sts-4.8.0.RELEASE//plugins/org.eclipse.justj.openjdk.hotspot.jre.full.win32.x86_64_14.0.2.v20200815-0932/jre/bin;C:\Program Files\Common Files\Oracle\Java\javapath;C:\Program Files\AdoptOpenJDK\jdk-8.0.282.8-hotspot\bin;C:\Users\user\AppData\Local\Programs\Python\Python39\Scripts\;C:\Users\user\AppData\Local\Programs\Python\Python39\;C:\Windows\system32;C:\Windows;C:\Windows\System32\Wbem;C:\Windows\System32\WindowsPowerShell\v1.0\;C:\Windows\System32\OpenSSH\;C:\Program Files\Git\cmd;C:\Program Files\Microsoft SQL Server\130\Tools\Binn\;C:\Program Files\PuTTY\;C:\apache-maven-3.6.3\bin;C:\Program Files\nodejs\;C:\ProgramData\chocolatey\bin;C:\Program Files\Java\jdk-11.0.10\bin;C:\Program Files\MySQL\MySQL Shell 8.0\bin\;C:\Users\user\AppData\Local\Microsoft\WindowsApps;%IntelliJ IDEA Community Edition%;C:\Program Files\heroku\bin;C:\Users\user\AppData\Local\Programs\Microsoft VS Code\bin;C:\apache-maven-3.6.3\bin;C:\Users\user\AppData\Roaming\npm;C:\Program Files\Java\jdk-11.0.10\bin;;E:\Documents\Springtools\sts-4.8.0.RELEASE;
USERNAME=user
OS=Windows_NT
PROCESSOR_IDENTIFIER=Intel64 Family 6 Model 61 Stepping 4, GenuineIntel



---------------  S Y S T E M  ---------------

OS: Windows 10 , 64 bit Build 19041 (10.0.19041.804)
OS uptime: 0 days 7:08 hours
HyperV virtualization detected

CPU:total 4 (initial active 4) (2 cores per cpu, 2 threads per core) family 6 model 61 stepping 4, cmov, cx8, fxsr, mmx, sse, sse2, sse3, ssse3, sse4.1, sse4.2, popcnt, avx, avx2, aes, clmul, erms, 3dnowpref, lzcnt, ht, tsc, tscinvbit, bmi1, bmi2, adx, fma

Memory: 4k page, system-wide physical 8111M (781M free)
TotalPageFile size 8111M (AvailPageFile size 279M)
current process WorkingSet (physical memory assigned to process): 110M, peak: 110M
current process commit charge ("private bytes"): 238M, peak: 239M

vm_info: OpenJDK 64-Bit Server VM (14.0.2+12-46) for windows-amd64 JRE (14.0.2+12-46), built on Jul  9 2020 00:31:16 by "mach5one" with MS VC++ 15.9 (VS2017)

END.
