#
# There is insufficient memory for the Java Runtime Environment to continue.
# Native memory allocation (malloc) failed to allocate 2544176 bytes for Chunk::new
# Possible reasons:
#   The system is out of physical RAM or swap space
#   The process is running with CompressedOops enabled, and the Java Heap may be blocking the growth of the native heap
# Possible solutions:
#   Reduce memory load on the system
#   Increase physical memory or swap space
#   Check if swap backing store is full
#   Decrease Java heap size (-Xmx/-Xms)
#   Decrease number of Java threads
#   Decrease Java thread stack sizes (-Xss)
#   Set larger code cache with -XX:ReservedCodeCacheSize=
#   JVM is running with Unscaled Compressed Oops mode in which the Java heap is
#     placed in the first 4GB address space. The Java Heap base address is the
#     maximum limit for the native heap growth. Please use -XX:HeapBaseMinAddress
#     to set the Java Heap base and to place the Java Heap above 4GB virtual address.
# This output file may be truncated or incomplete.
#
#  Out of Memory Error (./open/src/hotspot/share/memory/arena.cpp:197), pid=5208, tid=2008
#
# JRE version: Java(TM) SE Runtime Environment 18.9 (11.0.10+8) (build 11.0.10+8-LTS-162)
# Java VM: Java HotSpot(TM) 64-Bit Server VM 18.9 (11.0.10+8-LTS-162, mixed mode, tiered, compressed oops, g1 gc, windows-amd64)
# No core dump will be written. Minidumps are not enabled by default on client versions of Windows
#

---------------  S U M M A R Y ------------

Command Line: -Dfile.encoding=windows-1252 -Duser.country=CO -Duser.language=es -Duser.variant edu.escuelaing.eci.ieti.ElectryrideBack2Application

Host: Intel(R) Core(TM) i7-5500U CPU @ 2.40GHz, 4 cores, 7G,  Windows 10 , 64 bit Build 19041 (10.0.19041.804)
Time: Sun Feb 28 21:22:07 2021 Hora est. Pacífico, Sudamérica elapsed time: 7.519557 seconds (0d 0h 0m 7s)

---------------  T H R E A D  ---------------

Current thread (0x00000234e19d9000):  JavaThread "C2 CompilerThread1" daemon [_thread_in_native, id=2008, stack(0x00000069f4100000,0x00000069f4200000)]


Current CompileTask:
C2:   7519 3923   !   4       jdk.internal.loader.BuiltinClassLoader::loadClassOrNull (143 bytes)

Stack: [0x00000069f4100000,0x00000069f4200000]
Native frames: (J=compiled Java code, j=interpreted, Vv=VM code, C=native code)
V  [jvm.dll+0x613e6a]
V  [jvm.dll+0x74c1ff]
V  [jvm.dll+0x74d885]
V  [jvm.dll+0x74df03]
V  [jvm.dll+0x243b78]
V  [jvm.dll+0xba2cc]
V  [jvm.dll+0xba9cc]
V  [jvm.dll+0x3469c7]
V  [jvm.dll+0x194251]
V  [jvm.dll+0x1fd4a2]
V  [jvm.dll+0x1fc54f]
V  [jvm.dll+0x17f09c]
V  [jvm.dll+0x20bbd4]
V  [jvm.dll+0x209cab]
V  [jvm.dll+0x713619]
V  [jvm.dll+0x70c314]
V  [jvm.dll+0x613036]
C  [ucrtbase.dll+0x21bb2]
C  [KERNEL32.DLL+0x17034]
C  [ntdll.dll+0x4d241]


---------------  P R O C E S S  ---------------

Threads class SMR info:
_java_thread_list=0x00000234e1847a40, length=14, elements={
0x00000234bd9ad800, 0x00000234dddf6800, 0x00000234dde00000, 0x00000234dde11000,
0x00000234dde13000, 0x00000234dde14800, 0x00000234dde1d000, 0x00000234dde20800,
0x00000234de907800, 0x00000234de90b000, 0x00000234e19d9000, 0x00000234de9ce000,
0x00000234e1e17000, 0x00000234e1843800
}

Java Threads: ( => current thread )
  0x00000234bd9ad800 JavaThread "main" [_thread_in_Java, id=7684, stack(0x00000069f3000000,0x00000069f3100000)]
  0x00000234dddf6800 JavaThread "Reference Handler" daemon [_thread_blocked, id=4760, stack(0x00000069f3700000,0x00000069f3800000)]
  0x00000234dde00000 JavaThread "Finalizer" daemon [_thread_blocked, id=6332, stack(0x00000069f3800000,0x00000069f3900000)]
  0x00000234dde11000 JavaThread "Signal Dispatcher" daemon [_thread_blocked, id=5600, stack(0x00000069f3900000,0x00000069f3a00000)]
  0x00000234dde13000 JavaThread "Attach Listener" daemon [_thread_blocked, id=7980, stack(0x00000069f3a00000,0x00000069f3b00000)]
  0x00000234dde14800 JavaThread "C2 CompilerThread0" daemon [_thread_in_native, id=6728, stack(0x00000069f3b00000,0x00000069f3c00000)]
  0x00000234dde1d000 JavaThread "C1 CompilerThread0" daemon [_thread_blocked, id=2264, stack(0x00000069f3c00000,0x00000069f3d00000)]
  0x00000234dde20800 JavaThread "Sweeper thread" daemon [_thread_blocked, id=8296, stack(0x00000069f3d00000,0x00000069f3e00000)]
  0x00000234de907800 JavaThread "Service Thread" daemon [_thread_blocked, id=6792, stack(0x00000069f3e00000,0x00000069f3f00000)]
  0x00000234de90b000 JavaThread "Common-Cleaner" daemon [_thread_blocked, id=5428, stack(0x00000069f4000000,0x00000069f4100000)]
=>0x00000234e19d9000 JavaThread "C2 CompilerThread1" daemon [_thread_in_native, id=2008, stack(0x00000069f4100000,0x00000069f4200000)]
  0x00000234de9ce000 JavaThread "Catalina-utility-1" [_thread_blocked, id=1768, stack(0x00000069f4400000,0x00000069f4500000)]
  0x00000234e1e17000 JavaThread "Catalina-utility-2" [_thread_blocked, id=8864, stack(0x00000069f4600000,0x00000069f4700000)]
  0x00000234e1843800 JavaThread "container-0" [_thread_blocked, id=8332, stack(0x00000069f4700000,0x00000069f4800000)]

Other Threads:
  0x00000234dddd5000 VMThread "VM Thread" [stack: 0x00000069f3600000,0x00000069f3700000] [id=7148]
  0x00000234de911800 WatcherThread [stack: 0x00000069f3f00000,0x00000069f4000000] [id=6028]
  0x00000234bd9c2800 GCTaskThread "GC Thread#0" [stack: 0x00000069f3100000,0x00000069f3200000] [id=8716]
  0x00000234df0de800 GCTaskThread "GC Thread#1" [stack: 0x00000069f4200000,0x00000069f4300000] [id=7124]
  0x00000234df43a800 GCTaskThread "GC Thread#2" [stack: 0x00000069f4300000,0x00000069f4400000] [id=6636]
  0x00000234df75f800 GCTaskThread "GC Thread#3" [stack: 0x00000069f4500000,0x00000069f4600000] [id=7692]
  0x00000234bd9f2800 ConcurrentGCThread "G1 Main Marker" [stack: 0x00000069f3200000,0x00000069f3300000] [id=4700]
  0x00000234bd9f4000 ConcurrentGCThread "G1 Conc#0" [stack: 0x00000069f3300000,0x00000069f3400000] [id=8120]
  0x00000234bda76800 ConcurrentGCThread "G1 Refine#0" [stack: 0x00000069f3400000,0x00000069f3500000] [id=1668]
  0x00000234bda77800 ConcurrentGCThread "G1 Young RemSet Sampling" [stack: 0x00000069f3500000,0x00000069f3600000] [id=2452]

Threads with active compile tasks:
C2 CompilerThread0   7602 3908       4       org.springframework.core.ResolvableType::forType (115 bytes)
C2 CompilerThread1   7602 3923   !   4       jdk.internal.loader.BuiltinClassLoader::loadClassOrNull (143 bytes)

VM state:not at safepoint (normal execution)

VM Mutex/Monitor currently owned by a thread: None

Heap address: 0x0000000081400000, size: 2028 MB, Compressed Oops mode: 32-bit
Narrow klass base: 0x0000000000000000, Narrow klass shift: 3
Compressed class space size: 1073741824 Address: 0x0000000100000000

Heap:
 garbage-first heap   total 157696K, used 89234K [0x0000000081400000, 0x0000000100000000)
  region size 1024K, 84 young (86016K), 8 survivors (8192K)
 Metaspace       used 40553K, capacity 41695K, committed 41800K, reserved 1085440K
  class space    used 4878K, capacity 5365K, committed 5376K, reserved 1048576K
Heap Regions: E=young(eden), S=young(survivor), O=old, HS=humongous(starts), HC=humongous(continues), CS=collection set, F=free, A=archive, TAMS=top-at-mark-start (previous, next)
|   0|0x0000000081400000, 0x0000000081500000, 0x0000000081500000|100%| O|  |TAMS 0x0000000081500000, 0x0000000081400000| Untracked 
|   1|0x0000000081500000, 0x0000000081600000, 0x0000000081600000|100%| O|  |TAMS 0x0000000081600000, 0x0000000081500000| Untracked 
|   2|0x0000000081600000, 0x0000000081700000, 0x0000000081700000|100%| O|  |TAMS 0x0000000081700000, 0x0000000081600000| Untracked 
|   3|0x0000000081700000, 0x0000000081800000, 0x0000000081800000|100%| O|  |TAMS 0x0000000081800000, 0x0000000081700000| Untracked 
|   4|0x0000000081800000, 0x0000000081871600, 0x0000000081900000| 44%| O|  |TAMS 0x0000000081871600, 0x0000000081800000| Untracked 
|   5|0x0000000081900000, 0x0000000081900000, 0x0000000081a00000|  0%| F|  |TAMS 0x0000000081900000, 0x0000000081900000| Untracked 
|   6|0x0000000081a00000, 0x0000000081a00000, 0x0000000081b00000|  0%| F|  |TAMS 0x0000000081a00000, 0x0000000081a00000| Untracked 
|   7|0x0000000081b00000, 0x0000000081b00000, 0x0000000081c00000|  0%| F|  |TAMS 0x0000000081b00000, 0x0000000081b00000| Untracked 
|   8|0x0000000081c00000, 0x0000000081c00000, 0x0000000081d00000|  0%| F|  |TAMS 0x0000000081c00000, 0x0000000081c00000| Untracked 
|   9|0x0000000081d00000, 0x0000000081d00000, 0x0000000081e00000|  0%| F|  |TAMS 0x0000000081d00000, 0x0000000081d00000| Untracked 
|  10|0x0000000081e00000, 0x0000000081e00000, 0x0000000081f00000|  0%| F|  |TAMS 0x0000000081e00000, 0x0000000081e00000| Untracked 
|  11|0x0000000081f00000, 0x0000000081f00000, 0x0000000082000000|  0%| F|  |TAMS 0x0000000081f00000, 0x0000000081f00000| Untracked 
|  12|0x0000000082000000, 0x0000000082000000, 0x0000000082100000|  0%| F|  |TAMS 0x0000000082000000, 0x0000000082000000| Untracked 
|  13|0x0000000082100000, 0x0000000082100000, 0x0000000082200000|  0%| F|  |TAMS 0x0000000082100000, 0x0000000082100000| Untracked 
|  14|0x0000000082200000, 0x0000000082200000, 0x0000000082300000|  0%| F|  |TAMS 0x0000000082200000, 0x0000000082200000| Untracked 
|  15|0x0000000082300000, 0x0000000082300000, 0x0000000082400000|  0%| F|  |TAMS 0x0000000082300000, 0x0000000082300000| Untracked 
|  16|0x0000000082400000, 0x0000000082400000, 0x0000000082500000|  0%| F|  |TAMS 0x0000000082400000, 0x0000000082400000| Untracked 
|  17|0x0000000082500000, 0x0000000082500000, 0x0000000082600000|  0%| F|  |TAMS 0x0000000082500000, 0x0000000082500000| Untracked 
|  18|0x0000000082600000, 0x0000000082600000, 0x0000000082700000|  0%| F|  |TAMS 0x0000000082600000, 0x0000000082600000| Untracked 
|  19|0x0000000082700000, 0x0000000082700000, 0x0000000082800000|  0%| F|  |TAMS 0x0000000082700000, 0x0000000082700000| Untracked 
|  20|0x0000000082800000, 0x0000000082800000, 0x0000000082900000|  0%| F|  |TAMS 0x0000000082800000, 0x0000000082800000| Untracked 
|  21|0x0000000082900000, 0x0000000082900000, 0x0000000082a00000|  0%| F|  |TAMS 0x0000000082900000, 0x0000000082900000| Untracked 
|  22|0x0000000082a00000, 0x0000000082a00000, 0x0000000082b00000|  0%| F|  |TAMS 0x0000000082a00000, 0x0000000082a00000| Untracked 
|  23|0x0000000082b00000, 0x0000000082b00000, 0x0000000082c00000|  0%| F|  |TAMS 0x0000000082b00000, 0x0000000082b00000| Untracked 
|  24|0x0000000082c00000, 0x0000000082c00000, 0x0000000082d00000|  0%| F|  |TAMS 0x0000000082c00000, 0x0000000082c00000| Untracked 
|  25|0x0000000082d00000, 0x0000000082d00000, 0x0000000082e00000|  0%| F|  |TAMS 0x0000000082d00000, 0x0000000082d00000| Untracked 
|  26|0x0000000082e00000, 0x0000000082e00000, 0x0000000082f00000|  0%| F|  |TAMS 0x0000000082e00000, 0x0000000082e00000| Untracked 
|  27|0x0000000082f00000, 0x0000000082f00000, 0x0000000083000000|  0%| F|  |TAMS 0x0000000082f00000, 0x0000000082f00000| Untracked 
|  28|0x0000000083000000, 0x0000000083000000, 0x0000000083100000|  0%| F|  |TAMS 0x0000000083000000, 0x0000000083000000| Untracked 
|  29|0x0000000083100000, 0x0000000083100000, 0x0000000083200000|  0%| F|  |TAMS 0x0000000083100000, 0x0000000083100000| Untracked 
|  30|0x0000000083200000, 0x0000000083200000, 0x0000000083300000|  0%| F|  |TAMS 0x0000000083200000, 0x0000000083200000| Untracked 
|  31|0x0000000083300000, 0x0000000083300000, 0x0000000083400000|  0%| F|  |TAMS 0x0000000083300000, 0x0000000083300000| Untracked 
|  32|0x0000000083400000, 0x0000000083400000, 0x0000000083500000|  0%| F|  |TAMS 0x0000000083400000, 0x0000000083400000| Untracked 
|  33|0x0000000083500000, 0x0000000083500000, 0x0000000083600000|  0%| F|  |TAMS 0x0000000083500000, 0x0000000083500000| Untracked 
|  34|0x0000000083600000, 0x0000000083600000, 0x0000000083700000|  0%| F|  |TAMS 0x0000000083600000, 0x0000000083600000| Untracked 
|  35|0x0000000083700000, 0x0000000083700000, 0x0000000083800000|  0%| F|  |TAMS 0x0000000083700000, 0x0000000083700000| Untracked 
|  36|0x0000000083800000, 0x0000000083800000, 0x0000000083900000|  0%| F|  |TAMS 0x0000000083800000, 0x0000000083800000| Untracked 
|  37|0x0000000083900000, 0x0000000083900000, 0x0000000083a00000|  0%| F|  |TAMS 0x0000000083900000, 0x0000000083900000| Untracked 
|  38|0x0000000083a00000, 0x0000000083a00000, 0x0000000083b00000|  0%| F|  |TAMS 0x0000000083a00000, 0x0000000083a00000| Untracked 
|  39|0x0000000083b00000, 0x0000000083b00000, 0x0000000083c00000|  0%| F|  |TAMS 0x0000000083b00000, 0x0000000083b00000| Untracked 
|  40|0x0000000083c00000, 0x0000000083c00000, 0x0000000083d00000|  0%| F|  |TAMS 0x0000000083c00000, 0x0000000083c00000| Untracked 
|  41|0x0000000083d00000, 0x0000000083d00000, 0x0000000083e00000|  0%| F|  |TAMS 0x0000000083d00000, 0x0000000083d00000| Untracked 
|  42|0x0000000083e00000, 0x0000000083e00000, 0x0000000083f00000|  0%| F|  |TAMS 0x0000000083e00000, 0x0000000083e00000| Untracked 
|  43|0x0000000083f00000, 0x0000000083f00000, 0x0000000084000000|  0%| F|  |TAMS 0x0000000083f00000, 0x0000000083f00000| Untracked 
|  44|0x0000000084000000, 0x0000000084000000, 0x0000000084100000|  0%| F|  |TAMS 0x0000000084000000, 0x0000000084000000| Untracked 
|  45|0x0000000084100000, 0x0000000084100000, 0x0000000084200000|  0%| F|  |TAMS 0x0000000084100000, 0x0000000084100000| Untracked 
|  46|0x0000000084200000, 0x0000000084200000, 0x0000000084300000|  0%| F|  |TAMS 0x0000000084200000, 0x0000000084200000| Untracked 
|  47|0x0000000084300000, 0x0000000084300000, 0x0000000084400000|  0%| F|  |TAMS 0x0000000084300000, 0x0000000084300000| Untracked 
|  48|0x0000000084400000, 0x0000000084400000, 0x0000000084500000|  0%| F|  |TAMS 0x0000000084400000, 0x0000000084400000| Untracked 
|  49|0x0000000084500000, 0x0000000084500000, 0x0000000084600000|  0%| F|  |TAMS 0x0000000084500000, 0x0000000084500000| Untracked 
|  50|0x0000000084600000, 0x0000000084600000, 0x0000000084700000|  0%| F|  |TAMS 0x0000000084600000, 0x0000000084600000| Untracked 
|  51|0x0000000084700000, 0x0000000084700000, 0x0000000084800000|  0%| F|  |TAMS 0x0000000084700000, 0x0000000084700000| Untracked 
|  52|0x0000000084800000, 0x0000000084800000, 0x0000000084900000|  0%| F|  |TAMS 0x0000000084800000, 0x0000000084800000| Untracked 
|  53|0x0000000084900000, 0x0000000084900000, 0x0000000084a00000|  0%| F|  |TAMS 0x0000000084900000, 0x0000000084900000| Untracked 
|  54|0x0000000084a00000, 0x0000000084a00000, 0x0000000084b00000|  0%| F|  |TAMS 0x0000000084a00000, 0x0000000084a00000| Untracked 
|  55|0x0000000084b00000, 0x0000000084b00000, 0x0000000084c00000|  0%| F|  |TAMS 0x0000000084b00000, 0x0000000084b00000| Untracked 
|  56|0x0000000084c00000, 0x0000000084c00000, 0x0000000084d00000|  0%| F|  |TAMS 0x0000000084c00000, 0x0000000084c00000| Untracked 
|  57|0x0000000084d00000, 0x0000000084d00000, 0x0000000084e00000|  0%| F|  |TAMS 0x0000000084d00000, 0x0000000084d00000| Untracked 
|  58|0x0000000084e00000, 0x0000000084e00000, 0x0000000084f00000|  0%| F|  |TAMS 0x0000000084e00000, 0x0000000084e00000| Untracked 
|  59|0x0000000084f00000, 0x0000000084f00000, 0x0000000085000000|  0%| F|  |TAMS 0x0000000084f00000, 0x0000000084f00000| Untracked 
|  60|0x0000000085000000, 0x00000000850b3388, 0x0000000085100000| 70%| S|CS|TAMS 0x0000000085000000, 0x0000000085000000| Complete 
|  61|0x0000000085100000, 0x0000000085200000, 0x0000000085200000|100%| S|CS|TAMS 0x0000000085100000, 0x0000000085100000| Complete 
|  62|0x0000000085200000, 0x0000000085300000, 0x0000000085300000|100%| S|CS|TAMS 0x0000000085200000, 0x0000000085200000| Complete 
|  63|0x0000000085300000, 0x0000000085400000, 0x0000000085400000|100%| S|CS|TAMS 0x0000000085300000, 0x0000000085300000| Complete 
|  64|0x0000000085400000, 0x0000000085500000, 0x0000000085500000|100%| S|CS|TAMS 0x0000000085400000, 0x0000000085400000| Complete 
|  65|0x0000000085500000, 0x0000000085600000, 0x0000000085600000|100%| S|CS|TAMS 0x0000000085500000, 0x0000000085500000| Complete 
|  66|0x0000000085600000, 0x0000000085700000, 0x0000000085700000|100%| S|CS|TAMS 0x0000000085600000, 0x0000000085600000| Complete 
|  67|0x0000000085700000, 0x0000000085800000, 0x0000000085800000|100%| S|CS|TAMS 0x0000000085700000, 0x0000000085700000| Complete 
|  68|0x0000000085800000, 0x0000000085800000, 0x0000000085900000|  0%| F|  |TAMS 0x0000000085800000, 0x0000000085800000| Untracked 
|  69|0x0000000085900000, 0x0000000085900000, 0x0000000085a00000|  0%| F|  |TAMS 0x0000000085900000, 0x0000000085900000| Untracked 
|  70|0x0000000085a00000, 0x0000000085a00000, 0x0000000085b00000|  0%| F|  |TAMS 0x0000000085a00000, 0x0000000085a00000| Untracked 
|  71|0x0000000085b00000, 0x0000000085b00000, 0x0000000085c00000|  0%| F|  |TAMS 0x0000000085b00000, 0x0000000085b00000| Untracked 
|  72|0x0000000085c00000, 0x0000000085c00000, 0x0000000085d00000|  0%| F|  |TAMS 0x0000000085c00000, 0x0000000085c00000| Untracked 
|  73|0x0000000085d00000, 0x0000000085d00000, 0x0000000085e00000|  0%| F|  |TAMS 0x0000000085d00000, 0x0000000085d00000| Untracked 
|  74|0x0000000085e00000, 0x0000000085e00000, 0x0000000085f00000|  0%| F|  |TAMS 0x0000000085e00000, 0x0000000085e00000| Untracked 
|  75|0x0000000085f00000, 0x0000000085f00000, 0x0000000086000000|  0%| F|  |TAMS 0x0000000085f00000, 0x0000000085f00000| Untracked 
|  76|0x0000000086000000, 0x0000000086000000, 0x0000000086100000|  0%| F|  |TAMS 0x0000000086000000, 0x0000000086000000| Untracked 
|  77|0x0000000086100000, 0x0000000086100000, 0x0000000086200000|  0%| F|  |TAMS 0x0000000086100000, 0x0000000086100000| Untracked 
|  78|0x0000000086200000, 0x0000000086280800, 0x0000000086300000| 50%| E|  |TAMS 0x0000000086200000, 0x0000000086200000| Complete 
|  79|0x0000000086300000, 0x0000000086400000, 0x0000000086400000|100%| E|CS|TAMS 0x0000000086300000, 0x0000000086300000| Complete 
|  80|0x0000000086400000, 0x0000000086500000, 0x0000000086500000|100%| E|CS|TAMS 0x0000000086400000, 0x0000000086400000| Complete 
|  81|0x0000000086500000, 0x0000000086600000, 0x0000000086600000|100%| E|CS|TAMS 0x0000000086500000, 0x0000000086500000| Complete 
|  82|0x0000000086600000, 0x0000000086700000, 0x0000000086700000|100%| E|CS|TAMS 0x0000000086600000, 0x0000000086600000| Complete 
|  83|0x0000000086700000, 0x0000000086800000, 0x0000000086800000|100%| E|CS|TAMS 0x0000000086700000, 0x0000000086700000| Complete 
|  84|0x0000000086800000, 0x0000000086900000, 0x0000000086900000|100%| E|CS|TAMS 0x0000000086800000, 0x0000000086800000| Complete 
|  85|0x0000000086900000, 0x0000000086a00000, 0x0000000086a00000|100%| E|CS|TAMS 0x0000000086900000, 0x0000000086900000| Complete 
|  86|0x0000000086a00000, 0x0000000086b00000, 0x0000000086b00000|100%| E|CS|TAMS 0x0000000086a00000, 0x0000000086a00000| Complete 
|  87|0x0000000086b00000, 0x0000000086c00000, 0x0000000086c00000|100%| E|CS|TAMS 0x0000000086b00000, 0x0000000086b00000| Complete 
|  88|0x0000000086c00000, 0x0000000086d00000, 0x0000000086d00000|100%| E|CS|TAMS 0x0000000086c00000, 0x0000000086c00000| Complete 
|  89|0x0000000086d00000, 0x0000000086e00000, 0x0000000086e00000|100%| E|CS|TAMS 0x0000000086d00000, 0x0000000086d00000| Complete 
|  90|0x0000000086e00000, 0x0000000086f00000, 0x0000000086f00000|100%| E|CS|TAMS 0x0000000086e00000, 0x0000000086e00000| Complete 
|  91|0x0000000086f00000, 0x0000000087000000, 0x0000000087000000|100%| E|CS|TAMS 0x0000000086f00000, 0x0000000086f00000| Complete 
|  92|0x0000000087000000, 0x0000000087100000, 0x0000000087100000|100%| E|CS|TAMS 0x0000000087000000, 0x0000000087000000| Complete 
|  93|0x0000000087100000, 0x0000000087200000, 0x0000000087200000|100%| E|CS|TAMS 0x0000000087100000, 0x0000000087100000| Complete 
|  94|0x0000000087200000, 0x0000000087300000, 0x0000000087300000|100%| E|CS|TAMS 0x0000000087200000, 0x0000000087200000| Complete 
|  95|0x0000000087300000, 0x0000000087400000, 0x0000000087400000|100%| E|CS|TAMS 0x0000000087300000, 0x0000000087300000| Complete 
|  96|0x0000000087400000, 0x0000000087500000, 0x0000000087500000|100%| E|CS|TAMS 0x0000000087400000, 0x0000000087400000| Complete 
|  97|0x0000000087500000, 0x0000000087600000, 0x0000000087600000|100%| E|CS|TAMS 0x0000000087500000, 0x0000000087500000| Complete 
|  98|0x0000000087600000, 0x0000000087700000, 0x0000000087700000|100%| E|CS|TAMS 0x0000000087600000, 0x0000000087600000| Complete 
|  99|0x0000000087700000, 0x0000000087800000, 0x0000000087800000|100%| E|CS|TAMS 0x0000000087700000, 0x0000000087700000| Complete 
| 100|0x0000000087800000, 0x0000000087900000, 0x0000000087900000|100%| E|CS|TAMS 0x0000000087800000, 0x0000000087800000| Complete 
| 101|0x0000000087900000, 0x0000000087a00000, 0x0000000087a00000|100%| E|CS|TAMS 0x0000000087900000, 0x0000000087900000| Complete 
| 102|0x0000000087a00000, 0x0000000087b00000, 0x0000000087b00000|100%| E|CS|TAMS 0x0000000087a00000, 0x0000000087a00000| Complete 
| 103|0x0000000087b00000, 0x0000000087c00000, 0x0000000087c00000|100%| E|CS|TAMS 0x0000000087b00000, 0x0000000087b00000| Complete 
| 104|0x0000000087c00000, 0x0000000087d00000, 0x0000000087d00000|100%| E|CS|TAMS 0x0000000087c00000, 0x0000000087c00000| Complete 
| 105|0x0000000087d00000, 0x0000000087e00000, 0x0000000087e00000|100%| E|CS|TAMS 0x0000000087d00000, 0x0000000087d00000| Complete 
| 106|0x0000000087e00000, 0x0000000087f00000, 0x0000000087f00000|100%| E|CS|TAMS 0x0000000087e00000, 0x0000000087e00000| Complete 
| 107|0x0000000087f00000, 0x0000000088000000, 0x0000000088000000|100%| E|CS|TAMS 0x0000000087f00000, 0x0000000087f00000| Complete 
| 108|0x0000000088000000, 0x0000000088100000, 0x0000000088100000|100%| E|CS|TAMS 0x0000000088000000, 0x0000000088000000| Complete 
| 109|0x0000000088100000, 0x0000000088200000, 0x0000000088200000|100%| E|CS|TAMS 0x0000000088100000, 0x0000000088100000| Complete 
| 110|0x0000000088200000, 0x0000000088300000, 0x0000000088300000|100%| E|CS|TAMS 0x0000000088200000, 0x0000000088200000| Complete 
| 111|0x0000000088300000, 0x0000000088400000, 0x0000000088400000|100%| E|CS|TAMS 0x0000000088300000, 0x0000000088300000| Complete 
| 112|0x0000000088400000, 0x0000000088500000, 0x0000000088500000|100%| E|CS|TAMS 0x0000000088400000, 0x0000000088400000| Complete 
| 113|0x0000000088500000, 0x0000000088600000, 0x0000000088600000|100%| E|CS|TAMS 0x0000000088500000, 0x0000000088500000| Complete 
| 114|0x0000000088600000, 0x0000000088700000, 0x0000000088700000|100%| E|CS|TAMS 0x0000000088600000, 0x0000000088600000| Complete 
| 115|0x0000000088700000, 0x0000000088800000, 0x0000000088800000|100%| E|CS|TAMS 0x0000000088700000, 0x0000000088700000| Complete 
| 116|0x0000000088800000, 0x0000000088900000, 0x0000000088900000|100%| E|CS|TAMS 0x0000000088800000, 0x0000000088800000| Complete 
| 117|0x0000000088900000, 0x0000000088a00000, 0x0000000088a00000|100%| E|CS|TAMS 0x0000000088900000, 0x0000000088900000| Complete 
| 118|0x0000000088a00000, 0x0000000088b00000, 0x0000000088b00000|100%| E|CS|TAMS 0x0000000088a00000, 0x0000000088a00000| Complete 
| 119|0x0000000088b00000, 0x0000000088c00000, 0x0000000088c00000|100%| E|CS|TAMS 0x0000000088b00000, 0x0000000088b00000| Complete 
| 120|0x0000000088c00000, 0x0000000088d00000, 0x0000000088d00000|100%| E|CS|TAMS 0x0000000088c00000, 0x0000000088c00000| Complete 
| 121|0x0000000088d00000, 0x0000000088e00000, 0x0000000088e00000|100%| E|CS|TAMS 0x0000000088d00000, 0x0000000088d00000| Complete 
| 122|0x0000000088e00000, 0x0000000088f00000, 0x0000000088f00000|100%| E|CS|TAMS 0x0000000088e00000, 0x0000000088e00000| Complete 
| 123|0x0000000088f00000, 0x0000000089000000, 0x0000000089000000|100%| E|CS|TAMS 0x0000000088f00000, 0x0000000088f00000| Complete 
| 124|0x0000000089000000, 0x0000000089100000, 0x0000000089100000|100%| E|CS|TAMS 0x0000000089000000, 0x0000000089000000| Complete 
| 125|0x0000000089100000, 0x0000000089200000, 0x0000000089200000|100%| E|CS|TAMS 0x0000000089100000, 0x0000000089100000| Complete 
| 126|0x0000000089200000, 0x0000000089300000, 0x0000000089300000|100%| E|CS|TAMS 0x0000000089200000, 0x0000000089200000| Complete 
| 127|0x0000000089300000, 0x0000000089400000, 0x0000000089400000|100%| E|CS|TAMS 0x0000000089300000, 0x0000000089300000| Complete 
| 128|0x0000000089400000, 0x0000000089500000, 0x0000000089500000|100%| E|CS|TAMS 0x0000000089400000, 0x0000000089400000| Complete 
| 129|0x0000000089500000, 0x0000000089600000, 0x0000000089600000|100%| E|CS|TAMS 0x0000000089500000, 0x0000000089500000| Complete 
| 130|0x0000000089600000, 0x0000000089700000, 0x0000000089700000|100%| E|CS|TAMS 0x0000000089600000, 0x0000000089600000| Complete 
| 131|0x0000000089700000, 0x0000000089800000, 0x0000000089800000|100%| E|CS|TAMS 0x0000000089700000, 0x0000000089700000| Complete 
| 132|0x0000000089800000, 0x0000000089900000, 0x0000000089900000|100%| E|CS|TAMS 0x0000000089800000, 0x0000000089800000| Complete 
| 133|0x0000000089900000, 0x0000000089a00000, 0x0000000089a00000|100%| E|CS|TAMS 0x0000000089900000, 0x0000000089900000| Complete 
| 134|0x0000000089a00000, 0x0000000089b00000, 0x0000000089b00000|100%| E|CS|TAMS 0x0000000089a00000, 0x0000000089a00000| Complete 
| 135|0x0000000089b00000, 0x0000000089c00000, 0x0000000089c00000|100%| E|CS|TAMS 0x0000000089b00000, 0x0000000089b00000| Complete 
| 136|0x0000000089c00000, 0x0000000089d00000, 0x0000000089d00000|100%| E|CS|TAMS 0x0000000089c00000, 0x0000000089c00000| Complete 
| 137|0x0000000089d00000, 0x0000000089e00000, 0x0000000089e00000|100%| E|CS|TAMS 0x0000000089d00000, 0x0000000089d00000| Complete 
| 138|0x0000000089e00000, 0x0000000089f00000, 0x0000000089f00000|100%| E|CS|TAMS 0x0000000089e00000, 0x0000000089e00000| Complete 
| 139|0x0000000089f00000, 0x000000008a000000, 0x000000008a000000|100%| E|CS|TAMS 0x0000000089f00000, 0x0000000089f00000| Complete 
| 140|0x000000008a000000, 0x000000008a100000, 0x000000008a100000|100%| E|CS|TAMS 0x000000008a000000, 0x000000008a000000| Complete 
| 141|0x000000008a100000, 0x000000008a200000, 0x000000008a200000|100%| E|CS|TAMS 0x000000008a100000, 0x000000008a100000| Complete 
| 142|0x000000008a200000, 0x000000008a300000, 0x000000008a300000|100%| E|CS|TAMS 0x000000008a200000, 0x000000008a200000| Complete 
| 143|0x000000008a300000, 0x000000008a400000, 0x000000008a400000|100%| E|CS|TAMS 0x000000008a300000, 0x000000008a300000| Complete 
| 144|0x000000008a400000, 0x000000008a500000, 0x000000008a500000|100%| E|CS|TAMS 0x000000008a400000, 0x000000008a400000| Complete 
| 145|0x000000008a500000, 0x000000008a600000, 0x000000008a600000|100%| E|CS|TAMS 0x000000008a500000, 0x000000008a500000| Complete 
| 146|0x000000008a600000, 0x000000008a700000, 0x000000008a700000|100%| E|CS|TAMS 0x000000008a600000, 0x000000008a600000| Complete 
| 147|0x000000008a700000, 0x000000008a800000, 0x000000008a800000|100%| E|CS|TAMS 0x000000008a700000, 0x000000008a700000| Complete 
| 148|0x000000008a800000, 0x000000008a900000, 0x000000008a900000|100%| E|CS|TAMS 0x000000008a800000, 0x000000008a800000| Complete 
| 149|0x000000008a900000, 0x000000008aa00000, 0x000000008aa00000|100%| E|CS|TAMS 0x000000008a900000, 0x000000008a900000| Complete 
| 150|0x000000008aa00000, 0x000000008ab00000, 0x000000008ab00000|100%| E|CS|TAMS 0x000000008aa00000, 0x000000008aa00000| Complete 
| 151|0x000000008ab00000, 0x000000008ac00000, 0x000000008ac00000|100%| E|CS|TAMS 0x000000008ab00000, 0x000000008ab00000| Complete 
| 152|0x000000008ac00000, 0x000000008ad00000, 0x000000008ad00000|100%| E|CS|TAMS 0x000000008ac00000, 0x000000008ac00000| Complete 
| 153|0x000000008ad00000, 0x000000008ae00000, 0x000000008ae00000|100%| E|CS|TAMS 0x000000008ad00000, 0x000000008ad00000| Complete 

Card table byte_map: [0x00000234d7040000,0x00000234d7440000] _byte_map_base: 0x00000234d6c36000

Marking Bits (Prev, Next): (CMBitMap*) 0x00000234bd9e9f18, (CMBitMap*) 0x00000234bd9e9f50
 Prev Bits: [0x00000234d7840000, 0x00000234d97f0000)
 Next Bits: [0x00000234d97f0000, 0x00000234db7a0000)

Polling page: 0x00000234bda80000

Metaspace:

Usage:
  Non-class:     35.48 MB capacity,    34.84 MB ( 98%) used,   510.80 KB (  1%) free+waste,   142.31 KB ( <1%) overhead. 
      Class:      5.24 MB capacity,     4.76 MB ( 91%) used,   418.46 KB (  8%) free+waste,    68.44 KB (  1%) overhead. 
       Both:     40.72 MB capacity,    39.60 MB ( 97%) used,   929.27 KB (  2%) free+waste,   210.75 KB ( <1%) overhead. 

Virtual space:
  Non-class space:       36.00 MB reserved,      35.57 MB ( 99%) committed 
      Class space:        1.00 GB reserved,       5.25 MB ( <1%) committed 
             Both:        1.04 GB reserved,      40.82 MB (  4%) committed 

Chunk freelists:
   Non-Class:  3.75 KB
       Class:  1.38 KB
        Both:  5.13 KB

CodeHeap 'non-profiled nmethods': size=120064Kb used=2114Kb max_used=2114Kb free=117949Kb
 bounds [0x00000234cf0d0000, 0x00000234cf340000, 0x00000234d6610000]
CodeHeap 'profiled nmethods': size=120000Kb used=9455Kb max_used=9455Kb free=110544Kb
 bounds [0x00000234c7ba0000, 0x00000234c84e0000, 0x00000234cf0d0000]
CodeHeap 'non-nmethods': size=5696Kb used=1138Kb max_used=1186Kb free=4557Kb
 bounds [0x00000234c7610000, 0x00000234c7880000, 0x00000234c7ba0000]
 total_blobs=4506 nmethods=4037 adapters=380
 compilation: enabled
              stopped_count=0, restarted_count=0
 full_count=0

Compilation events (10 events):
Event: 7.400 Thread 0x00000234dde1d000 4001       3       org.springframework.beans.factory.support.AbstractBeanFactory::isTypeMatch (607 bytes)
Event: 7.405 Thread 0x00000234dde1d000 nmethod 4001 0x00000234c84a9f10 code [0x00000234c84aa4e0, 0x00000234c84aea38]
Event: 7.405 Thread 0x00000234dde1d000 4002       3       org.springframework.core.SerializableTypeWrapper$MethodParameterTypeProvider::getType (8 bytes)
Event: 7.405 Thread 0x00000234dde1d000 nmethod 4002 0x00000234c84afa10 code [0x00000234c84afbc0, 0x00000234c84afd68]
Event: 7.405 Thread 0x00000234dde1d000 4004   !   3       com.sun.proxy.$Proxy43::annotationType (29 bytes)
Event: 7.406 Thread 0x00000234dde1d000 nmethod 4004 0x00000234c84afe10 code [0x00000234c84affe0, 0x00000234c84b03b8]
Event: 7.413 Thread 0x00000234dde1d000 4005       3       org.springframework.aop.scope.ScopedProxyUtils::isScopedTarget (19 bytes)
Event: 7.414 Thread 0x00000234dde1d000 nmethod 4005 0x00000234c84b0590 code [0x00000234c84b0740, 0x00000234c84b0968]
Event: 7.474 Thread 0x00000234dde1d000 4006       1       org.springframework.context.annotation.CommonAnnotationBeanPostProcessor::postProcessBeforeInstantiation (2 bytes)
Event: 7.475 Thread 0x00000234dde1d000 nmethod 4006 0x00000234cf2dff90 code [0x00000234cf2e0120, 0x00000234cf2e01d8]

GC Heap History (10 events):
Event: 1.114 GC heap before
{Heap before GC invocations=1 (full 0):
 garbage-first heap   total 131072K, used 11709K [0x0000000081400000, 0x0000000100000000)
  region size 1024K, 9 young (9216K), 2 survivors (2048K)
 Metaspace       used 11707K, capacity 12026K, committed 12288K, reserved 1060864K
  class space    used 1160K, capacity 1252K, committed 1280K, reserved 1048576K
}
Event: 1.118 GC heap after
{Heap after GC invocations=2 (full 0):
 garbage-first heap   total 131072K, used 5074K [0x0000000081400000, 0x0000000100000000)
  region size 1024K, 1 young (1024K), 1 survivors (1024K)
 Metaspace       used 11707K, capacity 12026K, committed 12288K, reserved 1060864K
  class space    used 1160K, capacity 1252K, committed 1280K, reserved 1048576K
}
Event: 1.931 GC heap before
{Heap before GC invocations=2 (full 0):
 garbage-first heap   total 131072K, used 29650K [0x0000000081400000, 0x0000000100000000)
  region size 1024K, 25 young (25600K), 1 survivors (1024K)
 Metaspace       used 17855K, capacity 18329K, committed 18560K, reserved 1064960K
  class space    used 1942K, capacity 2152K, committed 2176K, reserved 1048576K
}
Event: 1.935 GC heap after
{Heap after GC invocations=3 (full 0):
 garbage-first heap   total 131072K, used 6464K [0x0000000081400000, 0x0000000100000000)
  region size 1024K, 2 young (2048K), 2 survivors (2048K)
 Metaspace       used 17855K, capacity 18329K, committed 18560K, reserved 1064960K
  class space    used 1942K, capacity 2152K, committed 2176K, reserved 1048576K
}
Event: 2.201 GC heap before
{Heap before GC invocations=3 (full 0):
 garbage-first heap   total 131072K, used 17728K [0x0000000081400000, 0x0000000100000000)
  region size 1024K, 15 young (15360K), 2 survivors (2048K)
 Metaspace       used 20595K, capacity 21130K, committed 21296K, reserved 1069056K
  class space    used 2230K, capacity 2403K, committed 2432K, reserved 1048576K
}
Event: 2.206 GC heap after
{Heap after GC invocations=4 (full 0):
 garbage-first heap   total 131072K, used 6912K [0x0000000081400000, 0x0000000100000000)
  region size 1024K, 3 young (3072K), 3 survivors (3072K)
 Metaspace       used 20595K, capacity 21130K, committed 21296K, reserved 1069056K
  class space    used 2230K, capacity 2403K, committed 2432K, reserved 1048576K
}
Event: 3.068 GC heap before
{Heap before GC invocations=5 (full 0):
 garbage-first heap   total 131072K, used 44800K [0x0000000081400000, 0x0000000100000000)
  region size 1024K, 41 young (41984K), 3 survivors (3072K)
 Metaspace       used 25333K, capacity 26018K, committed 26160K, reserved 1073152K
  class space    used 2825K, capacity 3115K, committed 3200K, reserved 1048576K
}
Event: 3.077 GC heap after
{Heap after GC invocations=6 (full 0):
 garbage-first heap   total 131072K, used 8916K [0x0000000081400000, 0x0000000100000000)
  region size 1024K, 5 young (5120K), 5 survivors (5120K)
 Metaspace       used 25333K, capacity 26018K, committed 26160K, reserved 1073152K
  class space    used 2825K, capacity 3115K, committed 3200K, reserved 1048576K
}
Event: 5.512 GC heap before
{Heap before GC invocations=6 (full 0):
 garbage-first heap   total 131072K, used 64212K [0x0000000081400000, 0x0000000100000000)
  region size 1024K, 60 young (61440K), 5 survivors (5120K)
 Metaspace       used 34676K, capacity 35574K, committed 35708K, reserved 1081344K
  class space    used 3976K, capacity 4352K, committed 4352K, reserved 1048576K
}
Event: 5.530 GC heap after
{Heap after GC invocations=7 (full 0):
 garbage-first heap   total 157696K, used 12434K [0x0000000081400000, 0x0000000100000000)
  region size 1024K, 8 young (8192K), 8 survivors (8192K)
 Metaspace       used 34676K, capacity 35574K, committed 35708K, reserved 1081344K
  class space    used 3976K, capacity 4352K, committed 4352K, reserved 1048576K
}

Deoptimization events (10 events):
Event: 6.191 Thread 0x00000234bd9ad800 Uncommon trap: reason=unstable_if action=reinterpret pc=0x00000234cf299b58 method=java.lang.reflect.Executable.equalParamTypes([Ljava/lang/Class;[Ljava/lang/Class;)Z @ 4 c2
Event: 6.214 Thread 0x00000234bd9ad800 Uncommon trap: reason=profile_predicate action=maybe_recompile pc=0x00000234cf29adc4 method=java.lang.PublicMethods$MethodList.filter([Ljava/lang/reflect/Method;Ljava/lang/String;[Ljava/lang/Class;Z)Ljava/lang/PublicMethods$MethodList; @ 21 c2
Event: 6.214 Thread 0x00000234bd9ad800 Uncommon trap: reason=profile_predicate action=maybe_recompile pc=0x00000234cf29adc4 method=java.lang.PublicMethods$MethodList.filter([Ljava/lang/reflect/Method;Ljava/lang/String;[Ljava/lang/Class;Z)Ljava/lang/PublicMethods$MethodList; @ 21 c2
Event: 6.214 Thread 0x00000234bd9ad800 Uncommon trap: reason=profile_predicate action=maybe_recompile pc=0x00000234cf29adc4 method=java.lang.PublicMethods$MethodList.filter([Ljava/lang/reflect/Method;Ljava/lang/String;[Ljava/lang/Class;Z)Ljava/lang/PublicMethods$MethodList; @ 21 c2
Event: 6.214 Thread 0x00000234bd9ad800 Uncommon trap: reason=profile_predicate action=maybe_recompile pc=0x00000234cf29adc4 method=java.lang.PublicMethods$MethodList.filter([Ljava/lang/reflect/Method;Ljava/lang/String;[Ljava/lang/Class;Z)Ljava/lang/PublicMethods$MethodList; @ 21 c2
Event: 6.378 Thread 0x00000234bd9ad800 Uncommon trap: reason=class_check action=maybe_recompile pc=0x00000234cf248274 method=org.springframework.beans.factory.support.AbstractBeanFactory.isTypeMatch(Ljava/lang/String;Lorg/springframework/core/ResolvableType;Z)Z @ 53 c2
Event: 6.379 Thread 0x00000234bd9ad800 Uncommon trap: reason=unstable_if action=reinterpret pc=0x00000234cf240f04 method=org.springframework.beans.factory.support.AbstractBeanFactory.isTypeMatch(Ljava/lang/String;Lorg/springframework/core/ResolvableType;Z)Z @ 581 c2
Event: 6.408 Thread 0x00000234bd9ad800 Uncommon trap: reason=unstable_if action=reinterpret pc=0x00000234cf0fa314 method=java.lang.String.hashCode()I @ 22 c2
Event: 6.460 Thread 0x00000234bd9ad800 Uncommon trap: reason=unstable_if action=reinterpret pc=0x00000234cf1f58c0 method=java.util.IdentityHashMap.nextKeyIndex(II)I @ 4 c2
Event: 7.400 Thread 0x00000234bd9ad800 Uncommon trap: reason=unstable_if action=reinterpret pc=0x00000234cf2d2a98 method=org.springframework.beans.factory.support.AbstractBeanFactory.isTypeMatch(Ljava/lang/String;Lorg/springframework/core/ResolvableType;Z)Z @ 72 c2

Classes redefined (0 events):
No events

Internal exceptions (10 events):
Event: 7.385 Thread 0x00000234bd9ad800 Exception <a 'java/lang/ClassNotFoundException'{0x0000000086b8c240}: org/springframework/web/servlet/mvc/method/annotation/RequestMappingHandlerAdapterCustomizer> (0x0000000086b8c240) thrown at [./open/src/hotspot/share/classfile/systemDictionary.cpp, lin
Event: 7.395 Thread 0x00000234bd9ad800 Exception <a 'java/lang/ClassNotFoundException'{0x0000000086be9b20}: org/springframework/beans/factory/BeanFactoryAwareCustomizer> (0x0000000086be9b20) thrown at [./open/src/hotspot/share/classfile/systemDictionary.cpp, line 228]
Event: 7.395 Thread 0x00000234bd9ad800 Exception <a 'java/lang/ClassNotFoundException'{0x0000000086bf6278}: org/springframework/beans/factory/AwareCustomizer> (0x0000000086bf6278) thrown at [./open/src/hotspot/share/classfile/systemDictionary.cpp, line 228]
Event: 7.396 Thread 0x00000234bd9ad800 Exception <a 'java/lang/ClassNotFoundException'{0x0000000086a03170}: org/springframework/beans/factory/InitializingBeanCustomizer> (0x0000000086a03170) thrown at [./open/src/hotspot/share/classfile/systemDictionary.cpp, line 228]
Event: 7.396 Thread 0x00000234bd9ad800 Exception <a 'java/lang/ClassNotFoundException'{0x0000000086a0f8e8}: org/springframework/web/servlet/HandlerAdapterCustomizer> (0x0000000086a0f8e8) thrown at [./open/src/hotspot/share/classfile/systemDictionary.cpp, line 228]
Event: 7.397 Thread 0x00000234bd9ad800 Exception <a 'java/lang/ClassNotFoundException'{0x0000000086a1bd50}: org/springframework/core/OrderedCustomizer> (0x0000000086a1bd50) thrown at [./open/src/hotspot/share/classfile/systemDictionary.cpp, line 228]
Event: 7.397 Thread 0x00000234bd9ad800 Exception <a 'java/lang/ClassNotFoundException'{0x0000000086a29250}: org/springframework/web/context/ServletContextAwareCustomizer> (0x0000000086a29250) thrown at [./open/src/hotspot/share/classfile/systemDictionary.cpp, line 228]
Event: 7.398 Thread 0x00000234bd9ad800 Exception <a 'java/lang/ClassNotFoundException'{0x0000000086a35488}: org/springframework/beans/factory/AwareCustomizer> (0x0000000086a35488) thrown at [./open/src/hotspot/share/classfile/systemDictionary.cpp, line 228]
Event: 7.398 Thread 0x00000234bd9ad800 Exception <a 'java/lang/ClassNotFoundException'{0x0000000086a41df8}: org/springframework/context/ApplicationContextAwareCustomizer> (0x0000000086a41df8) thrown at [./open/src/hotspot/share/classfile/systemDictionary.cpp, line 228]
Event: 7.399 Thread 0x00000234bd9ad800 Exception <a 'java/lang/ClassNotFoundException'{0x0000000086a4e550}: org/springframework/beans/factory/AwareCustomizer> (0x0000000086a4e550) thrown at [./open/src/hotspot/share/classfile/systemDictionary.cpp, line 228]

Events (10 events):
Event: 7.471 loading class org/springframework/web/servlet/mvc/method/annotation/ViewNameMethodReturnValueHandler
Event: 7.471 loading class org/springframework/web/servlet/mvc/method/annotation/ViewNameMethodReturnValueHandler done
Event: 7.472 loading class org/springframework/hateoas/server/mvc/RepresentationModelProcessorHandlerMethodReturnValueHandler
Event: 7.472 loading class org/springframework/hateoas/server/mvc/RepresentationModelProcessorHandlerMethodReturnValueHandler done
Event: 7.473 loading class org/springframework/hateoas/server/mvc/RepresentationModelProcessorInvoker
Event: 7.473 loading class org/springframework/hateoas/server/mvc/RepresentationModelProcessorInvoker done
Event: 7.473 loading class org/springframework/hateoas/server/mvc/RepresentationModelProcessorInvoker
Event: 7.473 loading class org/springframework/hateoas/server/mvc/RepresentationModelProcessorInvoker done
Event: 7.473 loading class org/springframework/hateoas/config/WebMvcHateoasConfiguration$HypermediaRepresentationModelBeanProcessorPostProcessor
Event: 7.473 loading class org/springframework/hateoas/config/WebMvcHateoasConfiguration$HypermediaRepresentationModelBeanProcessorPostProcessor done


Dynamic libraries:
0x00007ff7def00000 - 0x00007ff7def0f000 	C:\Program Files\Java\jdk-11.0.10\bin\java.exe
0x00007ffaba770000 - 0x00007ffaba966000 	C:\Windows\SYSTEM32\ntdll.dll
0x00007ffaba5a0000 - 0x00007ffaba65d000 	C:\Windows\System32\KERNEL32.DLL
0x00007ffab8450000 - 0x00007ffab8719000 	C:\Windows\System32\KERNELBASE.dll
0x00007ffab7fb0000 - 0x00007ffab80b0000 	C:\Windows\System32\ucrtbase.dll
0x00007ffaabe80000 - 0x00007ffaabe95000 	C:\Program Files\Java\jdk-11.0.10\bin\VCRUNTIME140.dll
0x00007ffab3a30000 - 0x00007ffab3a48000 	C:\Program Files\Java\jdk-11.0.10\bin\jli.dll
0x00007ffab9a30000 - 0x00007ffab9adc000 	C:\Windows\System32\ADVAPI32.dll
0x00007ffab8f20000 - 0x00007ffab8fbe000 	C:\Windows\System32\msvcrt.dll
0x00007ffaba110000 - 0x00007ffaba1ac000 	C:\Windows\System32\sechost.dll
0x00007ffab9bb0000 - 0x00007ffab9cdb000 	C:\Windows\System32\RPCRT4.dll
0x00007ffaba380000 - 0x00007ffaba520000 	C:\Windows\System32\USER32.dll
0x00007ffab82c0000 - 0x00007ffab82e2000 	C:\Windows\System32\win32u.dll
0x00007ffaa0e70000 - 0x00007ffaa110b000 	C:\Windows\WinSxS\amd64_microsoft.windows.common-controls_6595b64144ccf1df_6.0.19041.746_none_ca02b4b61b8320a4\COMCTL32.dll
0x00007ffab9b10000 - 0x00007ffab9b3a000 	C:\Windows\System32\GDI32.dll
0x00007ffab80b0000 - 0x00007ffab81bb000 	C:\Windows\System32\gdi32full.dll
0x00007ffab8220000 - 0x00007ffab82bd000 	C:\Windows\System32\msvcp_win.dll
0x00007ffaaf210000 - 0x00007ffaaf21a000 	C:\Windows\SYSTEM32\VERSION.dll
0x00007ffab9ae0000 - 0x00007ffab9b10000 	C:\Windows\System32\IMM32.DLL
0x00007ffaa2b50000 - 0x00007ffaa2beb000 	C:\Program Files\Java\jdk-11.0.10\bin\msvcp140.dll
0x00007ffa8c970000 - 0x00007ffa8d46b000 	C:\Program Files\Java\jdk-11.0.10\bin\server\jvm.dll
0x00007ffaba040000 - 0x00007ffaba048000 	C:\Windows\System32\PSAPI.DLL
0x00007ffaabbf0000 - 0x00007ffaabc17000 	C:\Windows\SYSTEM32\WINMM.dll
0x00007ffab5800000 - 0x00007ffab5809000 	C:\Windows\SYSTEM32\WSOCK32.dll
0x00007ffab9b40000 - 0x00007ffab9bab000 	C:\Windows\System32\WS2_32.dll
0x00007ffab5dc0000 - 0x00007ffab5dd2000 	C:\Windows\SYSTEM32\kernel.appcore.dll
0x00007ffaabe70000 - 0x00007ffaabe80000 	C:\Program Files\Java\jdk-11.0.10\bin\verify.dll
0x00007ffaa7800000 - 0x00007ffaa79e4000 	C:\Windows\SYSTEM32\DBGHELP.DLL
0x00007ffaa6b40000 - 0x00007ffaa6b6c000 	C:\Windows\SYSTEM32\dbgcore.DLL
0x00007ffab8720000 - 0x00007ffab87a0000 	C:\Windows\System32\bcryptPrimitives.dll
0x00007ffaabdf0000 - 0x00007ffaabe18000 	C:\Program Files\Java\jdk-11.0.10\bin\java.dll
0x00007ffaabe60000 - 0x00007ffaabe6a000 	C:\Program Files\Java\jdk-11.0.10\bin\jimage.dll
0x00007ffaabdd0000 - 0x00007ffaabde6000 	C:\Program Files\Java\jdk-11.0.10\bin\zip.dll
0x00007ffab87d0000 - 0x00007ffab8f12000 	C:\Windows\System32\SHELL32.dll
0x00007ffab5fc0000 - 0x00007ffab6750000 	C:\Windows\SYSTEM32\windows.storage.dll
0x00007ffab9ce0000 - 0x00007ffaba036000 	C:\Windows\System32\combase.dll
0x00007ffab7770000 - 0x00007ffab779c000 	C:\Windows\SYSTEM32\Wldp.dll
0x00007ffab9330000 - 0x00007ffab93de000 	C:\Windows\System32\SHCORE.dll
0x00007ffab8fc0000 - 0x00007ffab9015000 	C:\Windows\System32\shlwapi.dll
0x00007ffab7d90000 - 0x00007ffab7db6000 	C:\Windows\SYSTEM32\profapi.dll
0x00007ffaa6240000 - 0x00007ffaa6259000 	C:\Program Files\Java\jdk-11.0.10\bin\net.dll
0x00007ffaaf0e0000 - 0x00007ffaaf1e0000 	C:\Windows\SYSTEM32\WINHTTP.dll
0x00007ffab7560000 - 0x00007ffab75ca000 	C:\Windows\system32\mswsock.dll
0x00007ffaa6030000 - 0x00007ffaa6042000 	C:\Program Files\Java\jdk-11.0.10\bin\nio.dll
0x00007ffaabdc0000 - 0x00007ffaabdc9000 	C:\Program Files\Java\jdk-11.0.10\bin\management.dll
0x00007ffaa9e50000 - 0x00007ffaa9e5b000 	C:\Program Files\Java\jdk-11.0.10\bin\management_ext.dll
0x00007ffab2d00000 - 0x00007ffab2d17000 	C:\Windows\system32\napinsp.dll
0x00007ffab1410000 - 0x00007ffab142b000 	C:\Windows\system32\pnrpnsp.dll
0x00007ffab0c10000 - 0x00007ffab0c25000 	C:\Windows\system32\wshbth.dll
0x00007ffab3930000 - 0x00007ffab394d000 	C:\Windows\system32\NLAapi.dll
0x00007ffab7270000 - 0x00007ffab72ab000 	C:\Windows\SYSTEM32\IPHLPAPI.DLL
0x00007ffab72b0000 - 0x00007ffab737b000 	C:\Windows\SYSTEM32\DNSAPI.dll
0x00007ffaba100000 - 0x00007ffaba108000 	C:\Windows\System32\NSI.dll
0x00007ffaafe00000 - 0x00007ffaafe12000 	C:\Windows\System32\winrnr.dll
0x000000006b0f0000 - 0x000000006b125000 	C:\Program Files\Bonjour\mdnsNSP.dll
0x00007ffaaf410000 - 0x00007ffaaf41a000 	C:\Windows\System32\rasadhlp.dll
0x00007ffaaf020000 - 0x00007ffaaf09f000 	C:\Windows\System32\fwpuclnt.dll
0x00007ffab87a0000 - 0x00007ffab87c7000 	C:\Windows\System32\bcrypt.dll
0x00007ffab7ac0000 - 0x00007ffab7ad8000 	C:\Windows\SYSTEM32\CRYPTSP.dll
0x00007ffab6f20000 - 0x00007ffab6f54000 	C:\Windows\system32\rsaenh.dll
0x00007ffab7cf0000 - 0x00007ffab7d1e000 	C:\Windows\SYSTEM32\USERENV.dll
0x00007ffab76e0000 - 0x00007ffab76ec000 	C:\Windows\SYSTEM32\CRYPTBASE.dll
0x00007ffab3180000 - 0x00007ffab3197000 	C:\Windows\SYSTEM32\dhcpcsvc6.DLL
0x00007ffab3140000 - 0x00007ffab315d000 	C:\Windows\SYSTEM32\dhcpcsvc.DLL

dbghelp: loaded successfully - version: 4.0.5 - missing functions: none
symbol engine: initialized successfully - sym options: 0x614 - pdb path: .;C:\Program Files\Java\jdk-11.0.10\bin;C:\Windows\SYSTEM32;C:\Windows\WinSxS\amd64_microsoft.windows.common-controls_6595b64144ccf1df_6.0.19041.746_none_ca02b4b61b8320a4;C:\Program Files\Java\jdk-11.0.10\bin\server;C:\Program Files\Bonjour

VM Arguments:
jvm_args: -Dfile.encoding=windows-1252 -Duser.country=CO -Duser.language=es -Duser.variant 
java_command: edu.escuelaing.eci.ieti.ElectryrideBack2Application
java_class_path (initial): E:\Desktop\IETI\niponsotes\ELECTRYRIDE-BACK\build\classes\java\main;E:\Desktop\IETI\niponsotes\ELECTRYRIDE-BACK\build\resources\main;C:\Users\user\.gradle\caches\modules-2\files-2.1\org.springframework.boot\spring-boot-starter-data-rest\2.4.3\58ebc51b732632e0d2e666bdd6a6032936333b43\spring-boot-starter-data-rest-2.4.3.jar;C:\Users\user\.gradle\caches\modules-2\files-2.1\org.springframework.boot\spring-boot-starter-web-services\2.4.3\ddb488dd2af3b3a95b9a12bea6a6e9caae330296\spring-boot-starter-web-services-2.4.3.jar;C:\Users\user\.gradle\caches\modules-2\files-2.1\org.springframework.boot\spring-boot-starter-web\2.4.3\4f5554ea183af87e52d8c31bb82aada0d74c40b0\spring-boot-starter-web-2.4.3.jar;C:\Users\user\.gradle\caches\modules-2\files-2.1\org.springframework.boot\spring-boot-starter-webflux\2.4.3\a23140ff286f1c2ffa4f1d807fd73554d5275d68\spring-boot-starter-webflux-2.4.3.jar;C:\Users\user\.gradle\caches\modules-2\files-2.1\org.springframework.data\spring-data-rest-webmvc\3.4.5\4bc2adde675a23492fcba83fdadba1465fc124ad\spring-data-rest-webmvc-3.4.5.jar;C:\Users\user\.gradle\caches\modules-2\files-2.1\org.springframework.boot\spring-boot-starter-json\2.4.3\7b26abb0a0379a00b58a2a50e010b29cf4f16b80\spring-boot-starter-json-2.4.3.jar;C:\Users\user\.gradle\caches\modules-2\files-2.1\org.springframework.boot\spring-boot-starter\2.4.3\fd8bc0fb5f5aaefb4d6c8b77eb61563aab840c11\spring-boot-starter-2.4.3.jar;C:\Users\user\.gradle\caches\modules-2\files-2.1\org.springframework.boot\spring-boot-starter-tomcat\2.4.3\4ba28aae05a259625e7e92f8e7338c5e1d22de35\spring-boot-starter-tomcat-2.4.3.jar;C:\Users\user\.gradle\caches\modules-2\files-2.1\org.springframework.ws\spring-ws-core\3.0.10.RELEASE\59a17a6985960e2c57bad6b474697acd3cc4bcf4\spring-ws-core-3.0.10.RELEASE.jar;C:\Users\user\.gradle\caches\modules-2\files-2.1\org.springframework.data\spring-data-rest-core\3.4.5\f1736089c8d0660ef3c06d77b5becf3314bac0e5\spring-data-rest-core-3.4.5.jar;C:\Users\user\.g
Launcher Type: SUN_STANDARD

[Global flags]
     intx CICompilerCount                          = 3                                         {product} {ergonomic}
     uint ConcGCThreads                            = 1                                         {product} {ergonomic}
     uint G1ConcRefinementThreads                  = 4                                         {product} {ergonomic}
   size_t G1HeapRegionSize                         = 1048576                                   {product} {ergonomic}
    uintx GCDrainStackTargetSize                   = 64                                        {product} {ergonomic}
   size_t InitialHeapSize                          = 134217728                                 {product} {ergonomic}
   size_t MarkStackSize                            = 4194304                                   {product} {ergonomic}
   size_t MaxHeapSize                              = 2126512128                                {product} {ergonomic}
   size_t MaxNewSize                               = 1275068416                                {product} {ergonomic}
   size_t MinHeapDeltaBytes                        = 1048576                                   {product} {ergonomic}
    uintx NonNMethodCodeHeapSize                   = 5830732                                {pd product} {ergonomic}
    uintx NonProfiledCodeHeapSize                  = 122913754                              {pd product} {ergonomic}
    uintx ProfiledCodeHeapSize                     = 122913754                              {pd product} {ergonomic}
    uintx ReservedCodeCacheSize                    = 251658240                              {pd product} {ergonomic}
     bool SegmentedCodeCache                       = true                                      {product} {ergonomic}
     bool UseCompressedClassPointers               = true                                 {lp64_product} {ergonomic}
     bool UseCompressedOops                        = true                                 {lp64_product} {ergonomic}
     bool UseG1GC                                  = true                                      {product} {ergonomic}
     bool UseLargePagesIndividualAllocation        = false                                  {pd product} {ergonomic}

Logging:
Log output configuration:
 #0: stdout all=warning uptime,level,tags
 #1: stderr all=off uptime,level,tags

Environment Variables:
JAVA_HOME=C:\Program Files\Java\jdk-11.0.10
CLASSPATH=C:\Program Files (x86)\Java\jre1.8.0_261
PATH=C:\Program Files\Common Files\Oracle\Java\javapath;C:\Program Files\AdoptOpenJDK\jdk-8.0.282.8-hotspot\bin;C:\Users\user\AppData\Local\Programs\Python\Python39\Scripts\;C:\Users\user\AppData\Local\Programs\Python\Python39\;C:\Windows\system32;C:\Windows;C:\Windows\System32\Wbem;C:\Windows\System32\WindowsPowerShell\v1.0\;C:\Windows\System32\OpenSSH\;C:\Program Files\Git\cmd;C:\Program Files\Microsoft SQL Server\130\Tools\Binn\;C:\Program Files\PuTTY\;C:\apache-maven-3.6.3\bin;C:\Program Files\nodejs\;C:\ProgramData\chocolatey\bin;C:\Program Files\Docker\Docker\resources\bin;C:\ProgramData\DockerDesktop\version-bin;C:\Program Files\Java\jdk-11.0.10\bin;C:\Program Files\MySQL\MySQL Shell 8.0\bin\;C:\Users\user\AppData\Local\Microsoft\WindowsApps;%IntelliJ IDEA Community Edition%;C:\Program Files\heroku\bin;C:\Users\user\AppData\Local\Programs\Microsoft VS Code\bin;C:\apache-maven-3.6.3\bin;C:\Users\user\AppData\Roaming\npm;C:\Program Files\Java\jdk-11.0.10\bin;
USERNAME=user
OS=Windows_NT
PROCESSOR_IDENTIFIER=Intel64 Family 6 Model 61 Stepping 4, GenuineIntel



---------------  S Y S T E M  ---------------

OS: Windows 10 , 64 bit Build 19041 (10.0.19041.804)
Hyper-V role detected

CPU:total 4 (initial active 4) (2 cores per cpu, 2 threads per core) family 6 model 61 stepping 4 microcode 0x2d, cmov, cx8, fxsr, mmx, sse, sse2, sse3, ssse3, sse4.1, sse4.2, popcnt, avx, avx2, aes, clmul, erms, 3dnowpref, lzcnt, ht, tsc, tscinvbit, bmi1, bmi2, adx, fma

Memory: 4k page, system-wide physical 8111M (448M free)
TotalPageFile size 8111M (AvailPageFile size 5M)
current process WorkingSet (physical memory assigned to process): 241M, peak: 244M
current process commit charge ("private bytes"): 335M, peak: 336M

vm_info: Java HotSpot(TM) 64-Bit Server VM (11.0.10+8-LTS-162) for windows-amd64 JRE (11.0.10+8-LTS-162), built on Dec  8 2020 16:32:57 by "mach5one" with MS VC++ 15.9 (VS2017)

END.
