#
# There is insufficient memory for the Java Runtime Environment to continue.
# Native memory allocation (malloc) failed to allocate 52896 bytes for Chunk::new
# Possible reasons:
#   The system is out of physical RAM or swap space
#   The process is running with CompressedOops enabled, and the Java Heap may be blocking the growth of the native heap
# Possible solutions:
#   Reduce memory load on the system
#   Increase physical memory or swap space
#   Check if swap backing store is full
#   Decrease Java heap size (-Xmx/-Xms)
#   Decrease number of Java threads
#   Decrease Java thread stack sizes (-Xss)
#   Set larger code cache with -XX:ReservedCodeCacheSize=
#   JVM is running with Unscaled Compressed Oops mode in which the Java heap is
#     placed in the first 4GB address space. The Java Heap base address is the
#     maximum limit for the native heap growth. Please use -XX:HeapBaseMinAddress
#     to set the Java Heap base and to place the Java Heap above 4GB virtual address.
# This output file may be truncated or incomplete.
#
#  Out of Memory Error (./open/src/hotspot/share/memory/arena.cpp:197), pid=7712, tid=8032
#
# JRE version: Java(TM) SE Runtime Environment 18.9 (11.0.10+8) (build 11.0.10+8-LTS-162)
# Java VM: Java HotSpot(TM) 64-Bit Server VM 18.9 (11.0.10+8-LTS-162, mixed mode, tiered, compressed oops, g1 gc, windows-amd64)
# No core dump will be written. Minidumps are not enabled by default on client versions of Windows
#

---------------  S U M M A R Y ------------

Command Line: -XX:MaxMetaspaceSize=256m -XX:+HeapDumpOnOutOfMemoryError --add-opens=java.base/java.util=ALL-UNNAMED --add-opens=java.base/java.lang=ALL-UNNAMED --add-opens=java.base/java.lang.invoke=ALL-UNNAMED --add-opens=java.prefs/java.util.prefs=ALL-UNNAMED -Xms256m -Xmx512m -Dfile.encoding=windows-1252 -Duser.country=CO -Duser.language=es -Duser.variant org.gradle.launcher.daemon.bootstrap.GradleDaemon 6.8.2

Host: Intel(R) Core(TM) i7-5500U CPU @ 2.40GHz, 4 cores, 7G,  Windows 10 , 64 bit Build 19041 (10.0.19041.804)
Time: Sun Feb 28 21:15:05 2021 Hora est. Pacífico, Sudamérica elapsed time: 6.871222 seconds (0d 0h 0m 6s)

---------------  T H R E A D  ---------------

Current thread (0x0000015dffd5f000):  JavaThread "C2 CompilerThread0" daemon [_thread_in_native, id=8032, stack(0x0000000845200000,0x0000000845300000)]


Current CompileTask:
C2:   6871 3360       4       java.util.WeakHashMap$HashIterator::hasNext (95 bytes)

Stack: [0x0000000845200000,0x0000000845300000]
Native frames: (J=compiled Java code, j=interpreted, Vv=VM code, C=native code)
V  [jvm.dll+0x613e6a]
V  [jvm.dll+0x74c1ff]
V  [jvm.dll+0x74d885]
V  [jvm.dll+0x74df03]
V  [jvm.dll+0x243b78]
V  [jvm.dll+0xba2cc]
V  [jvm.dll+0xba9cc]
V  [jvm.dll+0x2b4424]
V  [jvm.dll+0x52bfa6]
V  [jvm.dll+0x1fedd7]
V  [jvm.dll+0x1fc42f]
V  [jvm.dll+0x17f09c]
V  [jvm.dll+0x20bbd4]
V  [jvm.dll+0x209cab]
V  [jvm.dll+0x713619]
V  [jvm.dll+0x70c314]
V  [jvm.dll+0x613036]
C  [ucrtbase.dll+0x21bb2]
C  [KERNEL32.DLL+0x17034]
C  [ntdll.dll+0x4d241]


---------------  P R O C E S S  ---------------

Threads class SMR info:
_java_thread_list=0x0000015d85993bb0, length=52, elements={
0x0000015de516d000, 0x0000015dffd1f800, 0x0000015dffd4a000, 0x0000015dffd59800,
0x0000015dffd5e800, 0x0000015dffd5f000, 0x0000015dffd64800, 0x0000015dffd68000,
0x0000015d8298f000, 0x0000015d829d3000, 0x0000015d84d54000, 0x0000015d82be5800,
0x0000015d83af1000, 0x0000015d8419d000, 0x0000015d842c4000, 0x0000015d83d68800,
0x0000015d84de6800, 0x0000015d84d01000, 0x0000015d83dd0800, 0x0000015d84496800,
0x0000015d8502f000, 0x0000015d8502b000, 0x0000015d8502e000, 0x0000015d8502c000,
0x0000015d8502c800, 0x0000015d85030800, 0x0000015d8502d800, 0x0000015d85030000,
0x0000015d85031800, 0x0000015d861b6800, 0x0000015d861bd000, 0x0000015d861bb800,
0x0000015d861ba000, 0x0000015d861bc800, 0x0000015d861b9000, 0x0000015d861b7800,
0x0000015d861b8800, 0x0000015d861be000, 0x0000015d861ba800, 0x0000015d861c3000,
0x0000015d861c3800, 0x0000015d861c1800, 0x0000015d861bf000, 0x0000015d861c0800,
0x0000015d861c5800, 0x0000015d861c4800, 0x0000015d861c2000, 0x0000015d861bf800,
0x0000015d85d4c800, 0x0000015d85d4d800, 0x0000015d85d4e000, 0x0000015d85d48800
}

Java Threads: ( => current thread )
  0x0000015de516d000 JavaThread "main" [_thread_blocked, id=8296, stack(0x0000000844700000,0x0000000844800000)]
  0x0000015dffd1f800 JavaThread "Reference Handler" daemon [_thread_blocked, id=8308, stack(0x0000000844e00000,0x0000000844f00000)]
  0x0000015dffd4a000 JavaThread "Finalizer" daemon [_thread_blocked, id=6796, stack(0x0000000844f00000,0x0000000845000000)]
  0x0000015dffd59800 JavaThread "Signal Dispatcher" daemon [_thread_blocked, id=8868, stack(0x0000000845000000,0x0000000845100000)]
  0x0000015dffd5e800 JavaThread "Attach Listener" daemon [_thread_blocked, id=8848, stack(0x0000000845100000,0x0000000845200000)]
=>0x0000015dffd5f000 JavaThread "C2 CompilerThread0" daemon [_thread_in_native, id=8032, stack(0x0000000845200000,0x0000000845300000)]
  0x0000015dffd64800 JavaThread "C1 CompilerThread0" daemon [_thread_blocked, id=7284, stack(0x0000000845300000,0x0000000845400000)]
  0x0000015dffd68000 JavaThread "Sweeper thread" daemon [_thread_blocked, id=7368, stack(0x0000000845400000,0x0000000845500000)]
  0x0000015d8298f000 JavaThread "Common-Cleaner" daemon [_thread_blocked, id=5228, stack(0x0000000845500000,0x0000000845600000)]
  0x0000015d829d3000 JavaThread "Service Thread" daemon [_thread_blocked, id=8468, stack(0x0000000845600000,0x0000000845700000)]
  0x0000015d84d54000 JavaThread "Daemon health stats" [_thread_blocked, id=4912, stack(0x0000000845c00000,0x0000000845d00000)]
  0x0000015d82be5800 JavaThread "Incoming local TCP Connector on port 51817" [_thread_in_native, id=272, stack(0x0000000845e00000,0x0000000845f00000)]
  0x0000015d83af1000 JavaThread "Daemon periodic checks" [_thread_blocked, id=1064, stack(0x0000000845f00000,0x0000000846000000)]
  0x0000015d8419d000 JavaThread "Daemon" [_thread_blocked, id=2452, stack(0x0000000846000000,0x0000000846100000)]
  0x0000015d842c4000 JavaThread "Handler for socket connection from /127.0.0.1:51817 to /127.0.0.1:51818" [_thread_in_native, id=8400, stack(0x0000000846100000,0x0000000846200000)]
  0x0000015d83d68800 JavaThread "Cancel handler" [_thread_blocked, id=2388, stack(0x0000000846200000,0x0000000846300000)]
  0x0000015d84de6800 JavaThread "Daemon worker" [_thread_in_native, id=812, stack(0x0000000846300000,0x0000000846400000)]
  0x0000015d84d01000 JavaThread "Asynchronous log dispatcher for DefaultDaemonConnection: socket connection from /127.0.0.1:51817 to /127.0.0.1:51818" [_thread_blocked, id=6916, stack(0x0000000846400000,0x0000000846500000)]
  0x0000015d83dd0800 JavaThread "Stdin handler" [_thread_blocked, id=6620, stack(0x0000000846500000,0x0000000846600000)]
  0x0000015d84496800 JavaThread "Daemon client event forwarder" [_thread_blocked, id=7408, stack(0x0000000846600000,0x0000000846700000)]
  0x0000015d8502f000 JavaThread "Cache worker for file hash cache (C:\Users\user\.gradle\caches\6.8.2\fileHashes)" [_thread_blocked, id=7188, stack(0x0000000846700000,0x0000000846800000)]
  0x0000015d8502b000 JavaThread "File lock request listener" [_thread_in_native, id=4040, stack(0x0000000846800000,0x0000000846900000)]
  0x0000015d8502e000 JavaThread "Cache worker for journal cache (C:\Users\user\.gradle\caches\journal-1)" [_thread_blocked, id=5376, stack(0x0000000846900000,0x0000000846a00000)]
  0x0000015d8502c000 JavaThread "Cache worker for file hash cache (E:\Desktop\IETI\niponsotes\ELECTRYRIDE-BACK\.gradle\6.8.2\fileHashes)" [_thread_blocked, id=4396, stack(0x0000000846b00000,0x0000000846c00000)]
  0x0000015d8502c800 JavaThread "jar transforms" [_thread_blocked, id=7288, stack(0x0000000846c00000,0x0000000846d00000)]
  0x0000015d85030800 JavaThread "jar transforms Thread 2" [_thread_blocked, id=5836, stack(0x0000000846d00000,0x0000000846e00000)]
  0x0000015d8502d800 JavaThread "jar transforms Thread 3" [_thread_blocked, id=7992, stack(0x0000000846e00000,0x0000000846f00000)]
  0x0000015d85030000 JavaThread "jar transforms Thread 4" [_thread_blocked, id=7876, stack(0x0000000846f00000,0x0000000847000000)]
  0x0000015d85031800 JavaThread "jar transforms Thread 5" [_thread_blocked, id=4860, stack(0x0000000847000000,0x0000000847100000)]
  0x0000015d861b6800 JavaThread "jar transforms Thread 6" [_thread_blocked, id=5588, stack(0x0000000847100000,0x0000000847200000)]
  0x0000015d861bd000 JavaThread "jar transforms Thread 7" [_thread_blocked, id=1768, stack(0x0000000847200000,0x0000000847300000)]
  0x0000015d861bb800 JavaThread "jar transforms Thread 8" [_thread_blocked, id=5416, stack(0x0000000847300000,0x0000000847400000)]
  0x0000015d861ba000 JavaThread "jar transforms Thread 9" [_thread_blocked, id=7776, stack(0x0000000847400000,0x0000000847500000)]
  0x0000015d861bc800 JavaThread "jar transforms Thread 10" [_thread_blocked, id=1684, stack(0x0000000847500000,0x0000000847600000)]
  0x0000015d861b9000 JavaThread "jar transforms Thread 11" [_thread_blocked, id=1604, stack(0x0000000847600000,0x0000000847700000)]
  0x0000015d861b7800 JavaThread "jar transforms Thread 12" [_thread_blocked, id=5208, stack(0x0000000847700000,0x0000000847800000)]
  0x0000015d861b8800 JavaThread "jar transforms Thread 13" [_thread_blocked, id=8836, stack(0x0000000847800000,0x0000000847900000)]
  0x0000015d861be000 JavaThread "jar transforms Thread 14" [_thread_blocked, id=6892, stack(0x0000000847900000,0x0000000847a00000)]
  0x0000015d861ba800 JavaThread "jar transforms Thread 15" [_thread_blocked, id=7752, stack(0x0000000847a00000,0x0000000847b00000)]
  0x0000015d861c3000 JavaThread "jar transforms Thread 16" [_thread_blocked, id=7604, stack(0x0000000847b00000,0x0000000847c00000)]
  0x0000015d861c3800 JavaThread "jar transforms Thread 17" [_thread_blocked, id=5272, stack(0x0000000847c00000,0x0000000847d00000)]
  0x0000015d861c1800 JavaThread "jar transforms Thread 18" [_thread_blocked, id=4512, stack(0x0000000847d00000,0x0000000847e00000)]
  0x0000015d861bf000 JavaThread "jar transforms Thread 19" [_thread_blocked, id=5428, stack(0x0000000847e00000,0x0000000847f00000)]
  0x0000015d861c0800 JavaThread "jar transforms Thread 20" [_thread_blocked, id=1348, stack(0x0000000847f00000,0x0000000848000000)]
  0x0000015d861c5800 JavaThread "jar transforms Thread 21" [_thread_blocked, id=8612, stack(0x0000000848000000,0x0000000848100000)]
  0x0000015d861c4800 JavaThread "jar transforms Thread 22" [_thread_blocked, id=5448, stack(0x0000000848100000,0x0000000848200000)]
  0x0000015d861c2000 JavaThread "jar transforms Thread 23" [_thread_blocked, id=5336, stack(0x0000000848200000,0x0000000848300000)]
  0x0000015d861bf800 JavaThread "Cache worker for checksums cache (E:\Desktop\IETI\niponsotes\ELECTRYRIDE-BACK\.gradle\checksums)" [_thread_blocked, id=3336, stack(0x0000000848300000,0x0000000848400000)]
  0x0000015d85d4c800 JavaThread "Cache worker for cache directory md-supplier (C:\Users\user\.gradle\caches\6.8.2\md-supplier)" [_thread_blocked, id=6780, stack(0x0000000848400000,0x0000000848500000)]
  0x0000015d85d4d800 JavaThread "Cache worker for cache directory md-rule (C:\Users\user\.gradle\caches\6.8.2\md-rule)" [_thread_blocked, id=5784, stack(0x0000000848500000,0x0000000848600000)]
  0x0000015d85d4e000 JavaThread "Cache worker for execution history cache (C:\Users\user\.gradle\caches\6.8.2\executionHistory)" [_thread_blocked, id=1496, stack(0x0000000848600000,0x0000000848700000)]
  0x0000015d85d48800 JavaThread "Cache worker for file content cache (C:\Users\user\.gradle\caches\6.8.2\fileContent)" [_thread_blocked, id=1204, stack(0x0000000848700000,0x0000000848800000)]

Other Threads:
  0x0000015dffd19800 VMThread "VM Thread" [stack: 0x0000000844d00000,0x0000000844e00000] [id=6316]
  0x0000015d829db800 WatcherThread [stack: 0x0000000845700000,0x0000000845800000] [id=2852]
  0x0000015de517e000 GCTaskThread "GC Thread#0" [stack: 0x0000000844800000,0x0000000844900000] [id=7900]
  0x0000015d83351000 GCTaskThread "GC Thread#1" [stack: 0x0000000845900000,0x0000000845a00000] [id=3536]
  0x0000015d82f7e000 GCTaskThread "GC Thread#2" [stack: 0x0000000845a00000,0x0000000845b00000] [id=612]
  0x0000015d82f7e800 GCTaskThread "GC Thread#3" [stack: 0x0000000845b00000,0x0000000845c00000] [id=7000]
  0x0000015de5193800 ConcurrentGCThread "G1 Main Marker" [stack: 0x0000000844900000,0x0000000844a00000] [id=4524]
  0x0000015de5195000 ConcurrentGCThread "G1 Conc#0" [stack: 0x0000000844a00000,0x0000000844b00000] [id=7580]
  0x0000015dffbb4800 ConcurrentGCThread "G1 Refine#0" [stack: 0x0000000844b00000,0x0000000844c00000] [id=3808]
  0x0000015dffbb5800 ConcurrentGCThread "G1 Young RemSet Sampling" [stack: 0x0000000844c00000,0x0000000844d00000] [id=7016]

Threads with active compile tasks:
C2 CompilerThread0   7009 3360       4       java.util.WeakHashMap$HashIterator::hasNext (95 bytes)

VM state:not at safepoint (normal execution)

VM Mutex/Monitor currently owned by a thread: None

OutOfMemory and StackOverflow Exception counts:
OutOfMemoryError java_heap_errors=1
LinkageErrors=98

Heap address: 0x00000000e0000000, size: 512 MB, Compressed Oops mode: 32-bit
Narrow klass base: 0x0000000000000000, Narrow klass shift: 3
Compressed class space size: 260046848 Address: 0x0000000100000000

Heap:
 garbage-first heap   total 262144K, used 154348K [0x00000000e0000000, 0x0000000100000000)
  region size 1024K, 99 young (101376K), 20 survivors (20480K)
 Metaspace       used 40516K, capacity 41502K, committed 41676K, reserved 290816K
  class space    used 5213K, capacity 5576K, committed 5580K, reserved 253952K
Heap Regions: E=young(eden), S=young(survivor), O=old, HS=humongous(starts), HC=humongous(continues), CS=collection set, F=free, A=archive, TAMS=top-at-mark-start (previous, next)
|   0|0x00000000e0000000, 0x00000000e0100000, 0x00000000e0100000|100%| O|  |TAMS 0x00000000e0100000, 0x00000000e0000000| Untracked 
|   1|0x00000000e0100000, 0x00000000e0200000, 0x00000000e0200000|100%| O|  |TAMS 0x00000000e0200000, 0x00000000e0100000| Untracked 
|   2|0x00000000e0200000, 0x00000000e0300000, 0x00000000e0300000|100%| O|  |TAMS 0x00000000e0300000, 0x00000000e0200000| Untracked 
|   3|0x00000000e0300000, 0x00000000e0400000, 0x00000000e0400000|100%|HS|  |TAMS 0x00000000e0400000, 0x00000000e0300000| Complete 
|   4|0x00000000e0400000, 0x00000000e0500000, 0x00000000e0500000|100%|HC|  |TAMS 0x00000000e0500000, 0x00000000e0400000| Complete 
|   5|0x00000000e0500000, 0x00000000e0600000, 0x00000000e0600000|100%|HC|  |TAMS 0x00000000e0600000, 0x00000000e0500000| Complete 
|   6|0x00000000e0600000, 0x00000000e0700000, 0x00000000e0700000|100%| O|  |TAMS 0x00000000e0700000, 0x00000000e0600000| Untracked 
|   7|0x00000000e0700000, 0x00000000e0800000, 0x00000000e0800000|100%| O|  |TAMS 0x00000000e0800000, 0x00000000e0700000| Untracked 
|   8|0x00000000e0800000, 0x00000000e0900000, 0x00000000e0900000|100%| O|  |TAMS 0x00000000e0900000, 0x00000000e0800000| Untracked 
|   9|0x00000000e0900000, 0x00000000e0a00000, 0x00000000e0a00000|100%| O|  |TAMS 0x00000000e0a00000, 0x00000000e0900000| Untracked 
|  10|0x00000000e0a00000, 0x00000000e0b00000, 0x00000000e0b00000|100%| O|  |TAMS 0x00000000e0b00000, 0x00000000e0a00000| Untracked 
|  11|0x00000000e0b00000, 0x00000000e0c00000, 0x00000000e0c00000|100%| O|  |TAMS 0x00000000e0c00000, 0x00000000e0b00000| Untracked 
|  12|0x00000000e0c00000, 0x00000000e0d00000, 0x00000000e0d00000|100%| O|  |TAMS 0x00000000e0cc0e00, 0x00000000e0c00000| Untracked 
|  13|0x00000000e0d00000, 0x00000000e0e00000, 0x00000000e0e00000|100%|HS|  |TAMS 0x00000000e0e00000, 0x00000000e0d00000| Complete 
|  14|0x00000000e0e00000, 0x00000000e0f00000, 0x00000000e0f00000|100%|HC|  |TAMS 0x00000000e0f00000, 0x00000000e0e00000| Complete 
|  15|0x00000000e0f00000, 0x00000000e1000000, 0x00000000e1000000|100%|HS|  |TAMS 0x00000000e1000000, 0x00000000e0f00000| Complete 
|  16|0x00000000e1000000, 0x00000000e1100000, 0x00000000e1100000|100%|HC|  |TAMS 0x00000000e1100000, 0x00000000e1000000| Complete 
|  17|0x00000000e1100000, 0x00000000e1200000, 0x00000000e1200000|100%|HC|  |TAMS 0x00000000e1200000, 0x00000000e1100000| Complete 
|  18|0x00000000e1200000, 0x00000000e1300000, 0x00000000e1300000|100%|HS|  |TAMS 0x00000000e1300000, 0x00000000e1200000| Complete 
|  19|0x00000000e1300000, 0x00000000e1400000, 0x00000000e1400000|100%|HC|  |TAMS 0x00000000e1400000, 0x00000000e1300000| Complete 
|  20|0x00000000e1400000, 0x00000000e1500000, 0x00000000e1500000|100%|HC|  |TAMS 0x00000000e1500000, 0x00000000e1400000| Complete 
|  21|0x00000000e1500000, 0x00000000e1600000, 0x00000000e1600000|100%|HC|  |TAMS 0x00000000e1600000, 0x00000000e1500000| Complete 
|  22|0x00000000e1600000, 0x00000000e1700000, 0x00000000e1700000|100%|HS|  |TAMS 0x00000000e1700000, 0x00000000e1600000| Complete 
|  23|0x00000000e1700000, 0x00000000e1800000, 0x00000000e1800000|100%|HC|  |TAMS 0x00000000e1800000, 0x00000000e1700000| Complete 
|  24|0x00000000e1800000, 0x00000000e1900000, 0x00000000e1900000|100%|HC|  |TAMS 0x00000000e1900000, 0x00000000e1800000| Complete 
|  25|0x00000000e1900000, 0x00000000e1a00000, 0x00000000e1a00000|100%|HC|  |TAMS 0x00000000e1a00000, 0x00000000e1900000| Complete 
|  26|0x00000000e1a00000, 0x00000000e1a00000, 0x00000000e1b00000|  0%| F|  |TAMS 0x00000000e1a00000, 0x00000000e1a00000| Untracked 
|  27|0x00000000e1b00000, 0x00000000e1b00000, 0x00000000e1c00000|  0%| F|  |TAMS 0x00000000e1b00000, 0x00000000e1b00000| Untracked 
|  28|0x00000000e1c00000, 0x00000000e1c00000, 0x00000000e1d00000|  0%| F|  |TAMS 0x00000000e1c00000, 0x00000000e1c00000| Untracked 
|  29|0x00000000e1d00000, 0x00000000e1e00000, 0x00000000e1e00000|100%|HS|  |TAMS 0x00000000e1d00000, 0x00000000e1d00000| Complete 
|  30|0x00000000e1e00000, 0x00000000e1f00000, 0x00000000e1f00000|100%|HC|  |TAMS 0x00000000e1e00000, 0x00000000e1e00000| Complete 
|  31|0x00000000e1f00000, 0x00000000e2000000, 0x00000000e2000000|100%|HC|  |TAMS 0x00000000e1f00000, 0x00000000e1f00000| Complete 
|  32|0x00000000e2000000, 0x00000000e2100000, 0x00000000e2100000|100%|HC|  |TAMS 0x00000000e2000000, 0x00000000e2000000| Complete 
|  33|0x00000000e2100000, 0x00000000e2200000, 0x00000000e2200000|100%| O|  |TAMS 0x00000000e2100000, 0x00000000e2100000| Untracked 
|  34|0x00000000e2200000, 0x00000000e2300000, 0x00000000e2300000|100%| O|  |TAMS 0x00000000e2200000, 0x00000000e2200000| Untracked 
|  35|0x00000000e2300000, 0x00000000e2400000, 0x00000000e2400000|100%| O|  |TAMS 0x00000000e2300000, 0x00000000e2300000| Untracked 
|  36|0x00000000e2400000, 0x00000000e2500000, 0x00000000e2500000|100%| O|  |TAMS 0x00000000e2400000, 0x00000000e2400000| Untracked 
|  37|0x00000000e2500000, 0x00000000e2600000, 0x00000000e2600000|100%| O|  |TAMS 0x00000000e2500000, 0x00000000e2500000| Untracked 
|  38|0x00000000e2600000, 0x00000000e2700000, 0x00000000e2700000|100%| O|  |TAMS 0x00000000e2600000, 0x00000000e2600000| Untracked 
|  39|0x00000000e2700000, 0x00000000e2800000, 0x00000000e2800000|100%| O|  |TAMS 0x00000000e2700000, 0x00000000e2700000| Untracked 
|  40|0x00000000e2800000, 0x00000000e2900000, 0x00000000e2900000|100%| O|  |TAMS 0x00000000e2800000, 0x00000000e2800000| Untracked 
|  41|0x00000000e2900000, 0x00000000e2a00000, 0x00000000e2a00000|100%| O|  |TAMS 0x00000000e2900000, 0x00000000e2900000| Untracked 
|  42|0x00000000e2a00000, 0x00000000e2b00000, 0x00000000e2b00000|100%| O|  |TAMS 0x00000000e2a00000, 0x00000000e2a00000| Untracked 
|  43|0x00000000e2b00000, 0x00000000e2c00000, 0x00000000e2c00000|100%| O|  |TAMS 0x00000000e2b00000, 0x00000000e2b00000| Untracked 
|  44|0x00000000e2c00000, 0x00000000e2d00000, 0x00000000e2d00000|100%| O|  |TAMS 0x00000000e2c00000, 0x00000000e2c00000| Untracked 
|  45|0x00000000e2d00000, 0x00000000e2e00000, 0x00000000e2e00000|100%| O|  |TAMS 0x00000000e2d00000, 0x00000000e2d00000| Untracked 
|  46|0x00000000e2e00000, 0x00000000e2f00000, 0x00000000e2f00000|100%| O|  |TAMS 0x00000000e2e00000, 0x00000000e2e00000| Untracked 
|  47|0x00000000e2f00000, 0x00000000e3000000, 0x00000000e3000000|100%| O|  |TAMS 0x00000000e2f00000, 0x00000000e2f00000| Untracked 
|  48|0x00000000e3000000, 0x00000000e3100000, 0x00000000e3100000|100%| O|  |TAMS 0x00000000e3000000, 0x00000000e3000000| Untracked 
|  49|0x00000000e3100000, 0x00000000e3200000, 0x00000000e3200000|100%| O|  |TAMS 0x00000000e3100000, 0x00000000e3100000| Untracked 
|  50|0x00000000e3200000, 0x00000000e3300000, 0x00000000e3300000|100%| O|  |TAMS 0x00000000e3200000, 0x00000000e3200000| Untracked 
|  51|0x00000000e3300000, 0x00000000e3400000, 0x00000000e3400000|100%| O|  |TAMS 0x00000000e3300000, 0x00000000e3300000| Untracked 
|  52|0x00000000e3400000, 0x00000000e3500000, 0x00000000e3500000|100%| O|  |TAMS 0x00000000e3400000, 0x00000000e3400000| Untracked 
|  53|0x00000000e3500000, 0x00000000e3600000, 0x00000000e3600000|100%| O|  |TAMS 0x00000000e3500000, 0x00000000e3500000| Untracked 
|  54|0x00000000e3600000, 0x00000000e3700000, 0x00000000e3700000|100%| O|  |TAMS 0x00000000e3600000, 0x00000000e3600000| Untracked 
|  55|0x00000000e3700000, 0x00000000e37bb200, 0x00000000e3800000| 73%| O|  |TAMS 0x00000000e3700000, 0x00000000e3700000| Untracked 
|  56|0x00000000e3800000, 0x00000000e3800000, 0x00000000e3900000|  0%| F|  |TAMS 0x00000000e3800000, 0x00000000e3800000| Untracked 
|  57|0x00000000e3900000, 0x00000000e3900000, 0x00000000e3a00000|  0%| F|  |TAMS 0x00000000e3900000, 0x00000000e3900000| Untracked 
|  58|0x00000000e3a00000, 0x00000000e3a00000, 0x00000000e3b00000|  0%| F|  |TAMS 0x00000000e3a00000, 0x00000000e3a00000| Untracked 
|  59|0x00000000e3b00000, 0x00000000e3b00000, 0x00000000e3c00000|  0%| F|  |TAMS 0x00000000e3b00000, 0x00000000e3b00000| Untracked 
|  60|0x00000000e3c00000, 0x00000000e3c00000, 0x00000000e3d00000|  0%| F|  |TAMS 0x00000000e3c00000, 0x00000000e3c00000| Untracked 
|  61|0x00000000e3d00000, 0x00000000e3d00000, 0x00000000e3e00000|  0%| F|  |TAMS 0x00000000e3d00000, 0x00000000e3d00000| Untracked 
|  62|0x00000000e3e00000, 0x00000000e3e00000, 0x00000000e3f00000|  0%| F|  |TAMS 0x00000000e3e00000, 0x00000000e3e00000| Untracked 
|  63|0x00000000e3f00000, 0x00000000e3f00000, 0x00000000e4000000|  0%| F|  |TAMS 0x00000000e3f00000, 0x00000000e3f00000| Untracked 
|  64|0x00000000e4000000, 0x00000000e4000000, 0x00000000e4100000|  0%| F|  |TAMS 0x00000000e4000000, 0x00000000e4000000| Untracked 
|  65|0x00000000e4100000, 0x00000000e4100000, 0x00000000e4200000|  0%| F|  |TAMS 0x00000000e4100000, 0x00000000e4100000| Untracked 
|  66|0x00000000e4200000, 0x00000000e4200000, 0x00000000e4300000|  0%| F|  |TAMS 0x00000000e4200000, 0x00000000e4200000| Untracked 
|  67|0x00000000e4300000, 0x00000000e4300000, 0x00000000e4400000|  0%| F|  |TAMS 0x00000000e4300000, 0x00000000e4300000| Untracked 
|  68|0x00000000e4400000, 0x00000000e4400000, 0x00000000e4500000|  0%| F|  |TAMS 0x00000000e4400000, 0x00000000e4400000| Untracked 
|  69|0x00000000e4500000, 0x00000000e4500000, 0x00000000e4600000|  0%| F|  |TAMS 0x00000000e4500000, 0x00000000e4500000| Untracked 
|  70|0x00000000e4600000, 0x00000000e4600000, 0x00000000e4700000|  0%| F|  |TAMS 0x00000000e4600000, 0x00000000e4600000| Untracked 
|  71|0x00000000e4700000, 0x00000000e4700000, 0x00000000e4800000|  0%| F|  |TAMS 0x00000000e4700000, 0x00000000e4700000| Untracked 
|  72|0x00000000e4800000, 0x00000000e4800000, 0x00000000e4900000|  0%| F|  |TAMS 0x00000000e4800000, 0x00000000e4800000| Untracked 
|  73|0x00000000e4900000, 0x00000000e4900000, 0x00000000e4a00000|  0%| F|  |TAMS 0x00000000e4900000, 0x00000000e4900000| Untracked 
|  74|0x00000000e4a00000, 0x00000000e4a00000, 0x00000000e4b00000|  0%| F|  |TAMS 0x00000000e4a00000, 0x00000000e4a00000| Untracked 
|  75|0x00000000e4b00000, 0x00000000e4b00000, 0x00000000e4c00000|  0%| F|  |TAMS 0x00000000e4b00000, 0x00000000e4b00000| Untracked 
|  76|0x00000000e4c00000, 0x00000000e4c00000, 0x00000000e4d00000|  0%| F|  |TAMS 0x00000000e4c00000, 0x00000000e4c00000| Untracked 
|  77|0x00000000e4d00000, 0x00000000e4d00000, 0x00000000e4e00000|  0%| F|  |TAMS 0x00000000e4d00000, 0x00000000e4d00000| Untracked 
|  78|0x00000000e4e00000, 0x00000000e4e00000, 0x00000000e4f00000|  0%| F|  |TAMS 0x00000000e4e00000, 0x00000000e4e00000| Untracked 
|  79|0x00000000e4f00000, 0x00000000e4f00000, 0x00000000e5000000|  0%| F|  |TAMS 0x00000000e4f00000, 0x00000000e4f00000| Untracked 
|  80|0x00000000e5000000, 0x00000000e5000000, 0x00000000e5100000|  0%| F|  |TAMS 0x00000000e5000000, 0x00000000e5000000| Untracked 
|  81|0x00000000e5100000, 0x00000000e5100000, 0x00000000e5200000|  0%| F|  |TAMS 0x00000000e5100000, 0x00000000e5100000| Untracked 
|  82|0x00000000e5200000, 0x00000000e5200000, 0x00000000e5300000|  0%| F|  |TAMS 0x00000000e5200000, 0x00000000e5200000| Untracked 
|  83|0x00000000e5300000, 0x00000000e5400000, 0x00000000e5400000|100%| S|CS|TAMS 0x00000000e5300000, 0x00000000e5300000| Complete 
|  84|0x00000000e5400000, 0x00000000e5500000, 0x00000000e5500000|100%| S|CS|TAMS 0x00000000e5400000, 0x00000000e5400000| Complete 
|  85|0x00000000e5500000, 0x00000000e5600000, 0x00000000e5600000|100%| S|CS|TAMS 0x00000000e5500000, 0x00000000e5500000| Complete 
|  86|0x00000000e5600000, 0x00000000e5700000, 0x00000000e5700000|100%| S|CS|TAMS 0x00000000e5600000, 0x00000000e5600000| Complete 
|  87|0x00000000e5700000, 0x00000000e5800000, 0x00000000e5800000|100%| S|CS|TAMS 0x00000000e5700000, 0x00000000e5700000| Complete 
|  88|0x00000000e5800000, 0x00000000e5900000, 0x00000000e5900000|100%| S|CS|TAMS 0x00000000e5800000, 0x00000000e5800000| Complete 
|  89|0x00000000e5900000, 0x00000000e5a00000, 0x00000000e5a00000|100%| S|CS|TAMS 0x00000000e5900000, 0x00000000e5900000| Complete 
|  90|0x00000000e5a00000, 0x00000000e5b00000, 0x00000000e5b00000|100%| S|CS|TAMS 0x00000000e5a00000, 0x00000000e5a00000| Complete 
|  91|0x00000000e5b00000, 0x00000000e5c00000, 0x00000000e5c00000|100%| S|CS|TAMS 0x00000000e5b00000, 0x00000000e5b00000| Complete 
|  92|0x00000000e5c00000, 0x00000000e5d00000, 0x00000000e5d00000|100%| S|CS|TAMS 0x00000000e5c00000, 0x00000000e5c00000| Complete 
|  93|0x00000000e5d00000, 0x00000000e5e00000, 0x00000000e5e00000|100%| S|CS|TAMS 0x00000000e5d00000, 0x00000000e5d00000| Complete 
|  94|0x00000000e5e00000, 0x00000000e5f00000, 0x00000000e5f00000|100%| S|CS|TAMS 0x00000000e5e00000, 0x00000000e5e00000| Complete 
|  95|0x00000000e5f00000, 0x00000000e6000000, 0x00000000e6000000|100%| S|CS|TAMS 0x00000000e5f00000, 0x00000000e5f00000| Complete 
|  96|0x00000000e6000000, 0x00000000e6100000, 0x00000000e6100000|100%| S|CS|TAMS 0x00000000e6000000, 0x00000000e6000000| Complete 
|  97|0x00000000e6100000, 0x00000000e6200000, 0x00000000e6200000|100%| S|CS|TAMS 0x00000000e6100000, 0x00000000e6100000| Complete 
|  98|0x00000000e6200000, 0x00000000e6300000, 0x00000000e6300000|100%| S|CS|TAMS 0x00000000e6200000, 0x00000000e6200000| Complete 
|  99|0x00000000e6300000, 0x00000000e6400000, 0x00000000e6400000|100%| S|CS|TAMS 0x00000000e6300000, 0x00000000e6300000| Complete 
| 100|0x00000000e6400000, 0x00000000e6500000, 0x00000000e6500000|100%| S|CS|TAMS 0x00000000e6400000, 0x00000000e6400000| Complete 
| 101|0x00000000e6500000, 0x00000000e6600000, 0x00000000e6600000|100%| S|CS|TAMS 0x00000000e6500000, 0x00000000e6500000| Complete 
| 102|0x00000000e6600000, 0x00000000e6700000, 0x00000000e6700000|100%| S|CS|TAMS 0x00000000e6600000, 0x00000000e6600000| Complete 
| 103|0x00000000e6700000, 0x00000000e6700000, 0x00000000e6800000|  0%| F|  |TAMS 0x00000000e6700000, 0x00000000e6700000| Untracked 
| 104|0x00000000e6800000, 0x00000000e6800000, 0x00000000e6900000|  0%| F|  |TAMS 0x00000000e6800000, 0x00000000e6800000| Untracked 
| 105|0x00000000e6900000, 0x00000000e6900000, 0x00000000e6a00000|  0%| F|  |TAMS 0x00000000e6900000, 0x00000000e6900000| Untracked 
| 106|0x00000000e6a00000, 0x00000000e6a00000, 0x00000000e6b00000|  0%| F|  |TAMS 0x00000000e6a00000, 0x00000000e6a00000| Untracked 
| 107|0x00000000e6b00000, 0x00000000e6b00000, 0x00000000e6c00000|  0%| F|  |TAMS 0x00000000e6b00000, 0x00000000e6b00000| Untracked 
| 108|0x00000000e6c00000, 0x00000000e6c00000, 0x00000000e6d00000|  0%| F|  |TAMS 0x00000000e6c00000, 0x00000000e6c00000| Untracked 
| 109|0x00000000e6d00000, 0x00000000e6d00000, 0x00000000e6e00000|  0%| F|  |TAMS 0x00000000e6d00000, 0x00000000e6d00000| Untracked 
| 110|0x00000000e6e00000, 0x00000000e6e00000, 0x00000000e6f00000|  0%| F|  |TAMS 0x00000000e6e00000, 0x00000000e6e00000| Untracked 
| 111|0x00000000e6f00000, 0x00000000e6f00000, 0x00000000e7000000|  0%| F|  |TAMS 0x00000000e6f00000, 0x00000000e6f00000| Untracked 
| 112|0x00000000e7000000, 0x00000000e7000000, 0x00000000e7100000|  0%| F|  |TAMS 0x00000000e7000000, 0x00000000e7000000| Untracked 
| 113|0x00000000e7100000, 0x00000000e7100000, 0x00000000e7200000|  0%| F|  |TAMS 0x00000000e7100000, 0x00000000e7100000| Untracked 
| 114|0x00000000e7200000, 0x00000000e7200000, 0x00000000e7300000|  0%| F|  |TAMS 0x00000000e7200000, 0x00000000e7200000| Untracked 
| 115|0x00000000e7300000, 0x00000000e7300000, 0x00000000e7400000|  0%| F|  |TAMS 0x00000000e7300000, 0x00000000e7300000| Untracked 
| 116|0x00000000e7400000, 0x00000000e7400000, 0x00000000e7500000|  0%| F|  |TAMS 0x00000000e7400000, 0x00000000e7400000| Untracked 
| 117|0x00000000e7500000, 0x00000000e7500000, 0x00000000e7600000|  0%| F|  |TAMS 0x00000000e7500000, 0x00000000e7500000| Untracked 
| 118|0x00000000e7600000, 0x00000000e7600000, 0x00000000e7700000|  0%| F|  |TAMS 0x00000000e7600000, 0x00000000e7600000| Untracked 
| 119|0x00000000e7700000, 0x00000000e7700000, 0x00000000e7800000|  0%| F|  |TAMS 0x00000000e7700000, 0x00000000e7700000| Untracked 
| 120|0x00000000e7800000, 0x00000000e7800000, 0x00000000e7900000|  0%| F|  |TAMS 0x00000000e7800000, 0x00000000e7800000| Untracked 
| 121|0x00000000e7900000, 0x00000000e7900000, 0x00000000e7a00000|  0%| F|  |TAMS 0x00000000e7900000, 0x00000000e7900000| Untracked 
| 122|0x00000000e7a00000, 0x00000000e7a00000, 0x00000000e7b00000|  0%| F|  |TAMS 0x00000000e7a00000, 0x00000000e7a00000| Untracked 
| 123|0x00000000e7b00000, 0x00000000e7b00000, 0x00000000e7c00000|  0%| F|  |TAMS 0x00000000e7b00000, 0x00000000e7b00000| Untracked 
| 124|0x00000000e7c00000, 0x00000000e7c00000, 0x00000000e7d00000|  0%| F|  |TAMS 0x00000000e7c00000, 0x00000000e7c00000| Untracked 
| 125|0x00000000e7d00000, 0x00000000e7d00000, 0x00000000e7e00000|  0%| F|  |TAMS 0x00000000e7d00000, 0x00000000e7d00000| Untracked 
| 126|0x00000000e7e00000, 0x00000000e7e00000, 0x00000000e7f00000|  0%| F|  |TAMS 0x00000000e7e00000, 0x00000000e7e00000| Untracked 
| 127|0x00000000e7f00000, 0x00000000e7f00000, 0x00000000e8000000|  0%| F|  |TAMS 0x00000000e7f00000, 0x00000000e7f00000| Untracked 
| 128|0x00000000e8000000, 0x00000000e8000000, 0x00000000e8100000|  0%| F|  |TAMS 0x00000000e8000000, 0x00000000e8000000| Untracked 
| 129|0x00000000e8100000, 0x00000000e8100000, 0x00000000e8200000|  0%| F|  |TAMS 0x00000000e8100000, 0x00000000e8100000| Untracked 
| 130|0x00000000e8200000, 0x00000000e8200000, 0x00000000e8300000|  0%| F|  |TAMS 0x00000000e8200000, 0x00000000e8200000| Untracked 
| 131|0x00000000e8300000, 0x00000000e8300000, 0x00000000e8400000|  0%| F|  |TAMS 0x00000000e8300000, 0x00000000e8300000| Untracked 
| 132|0x00000000e8400000, 0x00000000e8400000, 0x00000000e8500000|  0%| F|  |TAMS 0x00000000e8400000, 0x00000000e8400000| Untracked 
| 133|0x00000000e8500000, 0x00000000e8500000, 0x00000000e8600000|  0%| F|  |TAMS 0x00000000e8500000, 0x00000000e8500000| Untracked 
| 134|0x00000000e8600000, 0x00000000e8600000, 0x00000000e8700000|  0%| F|  |TAMS 0x00000000e8600000, 0x00000000e8600000| Untracked 
| 135|0x00000000e8700000, 0x00000000e8700000, 0x00000000e8800000|  0%| F|  |TAMS 0x00000000e8700000, 0x00000000e8700000| Untracked 
| 136|0x00000000e8800000, 0x00000000e8800000, 0x00000000e8900000|  0%| F|  |TAMS 0x00000000e8800000, 0x00000000e8800000| Untracked 
| 137|0x00000000e8900000, 0x00000000e8900000, 0x00000000e8a00000|  0%| F|  |TAMS 0x00000000e8900000, 0x00000000e8900000| Untracked 
| 138|0x00000000e8a00000, 0x00000000e8a00000, 0x00000000e8b00000|  0%| F|  |TAMS 0x00000000e8a00000, 0x00000000e8a00000| Untracked 
| 139|0x00000000e8b00000, 0x00000000e8b00000, 0x00000000e8c00000|  0%| F|  |TAMS 0x00000000e8b00000, 0x00000000e8b00000| Untracked 
| 140|0x00000000e8c00000, 0x00000000e8c00000, 0x00000000e8d00000|  0%| F|  |TAMS 0x00000000e8c00000, 0x00000000e8c00000| Untracked 
| 141|0x00000000e8d00000, 0x00000000e8d00000, 0x00000000e8e00000|  0%| F|  |TAMS 0x00000000e8d00000, 0x00000000e8d00000| Untracked 
| 142|0x00000000e8e00000, 0x00000000e8e00000, 0x00000000e8f00000|  0%| F|  |TAMS 0x00000000e8e00000, 0x00000000e8e00000| Untracked 
| 143|0x00000000e8f00000, 0x00000000e8f00000, 0x00000000e9000000|  0%| F|  |TAMS 0x00000000e8f00000, 0x00000000e8f00000| Untracked 
| 144|0x00000000e9000000, 0x00000000e9000000, 0x00000000e9100000|  0%| F|  |TAMS 0x00000000e9000000, 0x00000000e9000000| Untracked 
| 145|0x00000000e9100000, 0x00000000e9100000, 0x00000000e9200000|  0%| F|  |TAMS 0x00000000e9100000, 0x00000000e9100000| Untracked 
| 146|0x00000000e9200000, 0x00000000e9200000, 0x00000000e9300000|  0%| F|  |TAMS 0x00000000e9200000, 0x00000000e9200000| Untracked 
| 147|0x00000000e9300000, 0x00000000e9300000, 0x00000000e9400000|  0%| F|  |TAMS 0x00000000e9300000, 0x00000000e9300000| Untracked 
| 148|0x00000000e9400000, 0x00000000e9400000, 0x00000000e9500000|  0%| F|  |TAMS 0x00000000e9400000, 0x00000000e9400000| Untracked 
| 149|0x00000000e9500000, 0x00000000e9500000, 0x00000000e9600000|  0%| F|  |TAMS 0x00000000e9500000, 0x00000000e9500000| Untracked 
| 150|0x00000000e9600000, 0x00000000e9600000, 0x00000000e9700000|  0%| F|  |TAMS 0x00000000e9600000, 0x00000000e9600000| Untracked 
| 151|0x00000000e9700000, 0x00000000e9700000, 0x00000000e9800000|  0%| F|  |TAMS 0x00000000e9700000, 0x00000000e9700000| Untracked 
| 152|0x00000000e9800000, 0x00000000e9800000, 0x00000000e9900000|  0%| F|  |TAMS 0x00000000e9800000, 0x00000000e9800000| Untracked 
| 153|0x00000000e9900000, 0x00000000e9900000, 0x00000000e9a00000|  0%| F|  |TAMS 0x00000000e9900000, 0x00000000e9900000| Untracked 
| 154|0x00000000e9a00000, 0x00000000e9a00000, 0x00000000e9b00000|  0%| F|  |TAMS 0x00000000e9a00000, 0x00000000e9a00000| Untracked 
| 155|0x00000000e9b00000, 0x00000000e9b00000, 0x00000000e9c00000|  0%| F|  |TAMS 0x00000000e9b00000, 0x00000000e9b00000| Untracked 
| 156|0x00000000e9c00000, 0x00000000e9c00000, 0x00000000e9d00000|  0%| F|  |TAMS 0x00000000e9c00000, 0x00000000e9c00000| Untracked 
| 157|0x00000000e9d00000, 0x00000000e9d00000, 0x00000000e9e00000|  0%| F|  |TAMS 0x00000000e9d00000, 0x00000000e9d00000| Untracked 
| 158|0x00000000e9e00000, 0x00000000e9e00000, 0x00000000e9f00000|  0%| F|  |TAMS 0x00000000e9e00000, 0x00000000e9e00000| Untracked 
| 159|0x00000000e9f00000, 0x00000000e9f00000, 0x00000000ea000000|  0%| F|  |TAMS 0x00000000e9f00000, 0x00000000e9f00000| Untracked 
| 160|0x00000000ea000000, 0x00000000ea000000, 0x00000000ea100000|  0%| F|  |TAMS 0x00000000ea000000, 0x00000000ea000000| Untracked 
| 161|0x00000000ea100000, 0x00000000ea100000, 0x00000000ea200000|  0%| F|  |TAMS 0x00000000ea100000, 0x00000000ea100000| Untracked 
| 162|0x00000000ea200000, 0x00000000ea200000, 0x00000000ea300000|  0%| F|  |TAMS 0x00000000ea200000, 0x00000000ea200000| Untracked 
| 163|0x00000000ea300000, 0x00000000ea300000, 0x00000000ea400000|  0%| F|  |TAMS 0x00000000ea300000, 0x00000000ea300000| Untracked 
| 164|0x00000000ea400000, 0x00000000ea400000, 0x00000000ea500000|  0%| F|  |TAMS 0x00000000ea400000, 0x00000000ea400000| Untracked 
| 165|0x00000000ea500000, 0x00000000ea500000, 0x00000000ea600000|  0%| F|  |TAMS 0x00000000ea500000, 0x00000000ea500000| Untracked 
| 166|0x00000000ea600000, 0x00000000ea600000, 0x00000000ea700000|  0%| F|  |TAMS 0x00000000ea600000, 0x00000000ea600000| Untracked 
| 167|0x00000000ea700000, 0x00000000ea700000, 0x00000000ea800000|  0%| F|  |TAMS 0x00000000ea700000, 0x00000000ea700000| Untracked 
| 168|0x00000000ea800000, 0x00000000ea800000, 0x00000000ea900000|  0%| F|  |TAMS 0x00000000ea800000, 0x00000000ea800000| Untracked 
| 169|0x00000000ea900000, 0x00000000ea900000, 0x00000000eaa00000|  0%| F|  |TAMS 0x00000000ea900000, 0x00000000ea900000| Untracked 
| 170|0x00000000eaa00000, 0x00000000eaa00000, 0x00000000eab00000|  0%| F|  |TAMS 0x00000000eaa00000, 0x00000000eaa00000| Untracked 
| 171|0x00000000eab00000, 0x00000000eab00000, 0x00000000eac00000|  0%| F|  |TAMS 0x00000000eab00000, 0x00000000eab00000| Untracked 
| 172|0x00000000eac00000, 0x00000000eac00000, 0x00000000ead00000|  0%| F|  |TAMS 0x00000000eac00000, 0x00000000eac00000| Untracked 
| 173|0x00000000ead00000, 0x00000000ead00000, 0x00000000eae00000|  0%| F|  |TAMS 0x00000000ead00000, 0x00000000ead00000| Untracked 
| 174|0x00000000eae00000, 0x00000000eae00000, 0x00000000eaf00000|  0%| F|  |TAMS 0x00000000eae00000, 0x00000000eae00000| Untracked 
| 175|0x00000000eaf00000, 0x00000000eaf00000, 0x00000000eb000000|  0%| F|  |TAMS 0x00000000eaf00000, 0x00000000eaf00000| Untracked 
| 176|0x00000000eb000000, 0x00000000eb000000, 0x00000000eb100000|  0%| F|  |TAMS 0x00000000eb000000, 0x00000000eb000000| Untracked 
| 177|0x00000000eb100000, 0x00000000eb200000, 0x00000000eb200000|100%| E|  |TAMS 0x00000000eb100000, 0x00000000eb100000| Complete 
| 178|0x00000000eb200000, 0x00000000eb300000, 0x00000000eb300000|100%| E|CS|TAMS 0x00000000eb200000, 0x00000000eb200000| Complete 
| 179|0x00000000eb300000, 0x00000000eb400000, 0x00000000eb400000|100%| E|CS|TAMS 0x00000000eb300000, 0x00000000eb300000| Complete 
| 180|0x00000000eb400000, 0x00000000eb500000, 0x00000000eb500000|100%| E|CS|TAMS 0x00000000eb400000, 0x00000000eb400000| Complete 
| 181|0x00000000eb500000, 0x00000000eb600000, 0x00000000eb600000|100%| E|CS|TAMS 0x00000000eb500000, 0x00000000eb500000| Complete 
| 182|0x00000000eb600000, 0x00000000eb700000, 0x00000000eb700000|100%| E|CS|TAMS 0x00000000eb600000, 0x00000000eb600000| Complete 
| 183|0x00000000eb700000, 0x00000000eb800000, 0x00000000eb800000|100%| E|CS|TAMS 0x00000000eb700000, 0x00000000eb700000| Complete 
| 184|0x00000000eb800000, 0x00000000eb900000, 0x00000000eb900000|100%| E|CS|TAMS 0x00000000eb800000, 0x00000000eb800000| Complete 
| 185|0x00000000eb900000, 0x00000000eba00000, 0x00000000eba00000|100%| E|CS|TAMS 0x00000000eb900000, 0x00000000eb900000| Complete 
| 186|0x00000000eba00000, 0x00000000ebb00000, 0x00000000ebb00000|100%| E|CS|TAMS 0x00000000eba00000, 0x00000000eba00000| Complete 
| 187|0x00000000ebb00000, 0x00000000ebc00000, 0x00000000ebc00000|100%| E|CS|TAMS 0x00000000ebb00000, 0x00000000ebb00000| Complete 
| 188|0x00000000ebc00000, 0x00000000ebd00000, 0x00000000ebd00000|100%| E|CS|TAMS 0x00000000ebc00000, 0x00000000ebc00000| Complete 
| 189|0x00000000ebd00000, 0x00000000ebe00000, 0x00000000ebe00000|100%| E|CS|TAMS 0x00000000ebd00000, 0x00000000ebd00000| Complete 
| 190|0x00000000ebe00000, 0x00000000ebf00000, 0x00000000ebf00000|100%| E|CS|TAMS 0x00000000ebe00000, 0x00000000ebe00000| Complete 
| 191|0x00000000ebf00000, 0x00000000ec000000, 0x00000000ec000000|100%| E|CS|TAMS 0x00000000ebf00000, 0x00000000ebf00000| Complete 
| 192|0x00000000ec000000, 0x00000000ec100000, 0x00000000ec100000|100%| E|CS|TAMS 0x00000000ec000000, 0x00000000ec000000| Complete 
| 193|0x00000000ec100000, 0x00000000ec200000, 0x00000000ec200000|100%| E|CS|TAMS 0x00000000ec100000, 0x00000000ec100000| Complete 
| 194|0x00000000ec200000, 0x00000000ec300000, 0x00000000ec300000|100%| E|CS|TAMS 0x00000000ec200000, 0x00000000ec200000| Complete 
| 195|0x00000000ec300000, 0x00000000ec400000, 0x00000000ec400000|100%| E|CS|TAMS 0x00000000ec300000, 0x00000000ec300000| Complete 
| 196|0x00000000ec400000, 0x00000000ec500000, 0x00000000ec500000|100%| E|CS|TAMS 0x00000000ec400000, 0x00000000ec400000| Complete 
| 197|0x00000000ec500000, 0x00000000ec600000, 0x00000000ec600000|100%| E|CS|TAMS 0x00000000ec500000, 0x00000000ec500000| Complete 
| 198|0x00000000ec600000, 0x00000000ec700000, 0x00000000ec700000|100%| E|CS|TAMS 0x00000000ec600000, 0x00000000ec600000| Complete 
| 199|0x00000000ec700000, 0x00000000ec800000, 0x00000000ec800000|100%| E|CS|TAMS 0x00000000ec700000, 0x00000000ec700000| Complete 
| 200|0x00000000ec800000, 0x00000000ec900000, 0x00000000ec900000|100%| E|CS|TAMS 0x00000000ec800000, 0x00000000ec800000| Complete 
| 201|0x00000000ec900000, 0x00000000eca00000, 0x00000000eca00000|100%| E|CS|TAMS 0x00000000ec900000, 0x00000000ec900000| Complete 
| 202|0x00000000eca00000, 0x00000000ecb00000, 0x00000000ecb00000|100%| E|CS|TAMS 0x00000000eca00000, 0x00000000eca00000| Complete 
| 203|0x00000000ecb00000, 0x00000000ecc00000, 0x00000000ecc00000|100%| E|CS|TAMS 0x00000000ecb00000, 0x00000000ecb00000| Complete 
| 204|0x00000000ecc00000, 0x00000000ecd00000, 0x00000000ecd00000|100%| E|CS|TAMS 0x00000000ecc00000, 0x00000000ecc00000| Complete 
| 205|0x00000000ecd00000, 0x00000000ece00000, 0x00000000ece00000|100%| E|CS|TAMS 0x00000000ecd00000, 0x00000000ecd00000| Complete 
| 206|0x00000000ece00000, 0x00000000ecf00000, 0x00000000ecf00000|100%| E|CS|TAMS 0x00000000ece00000, 0x00000000ece00000| Complete 
| 207|0x00000000ecf00000, 0x00000000ed000000, 0x00000000ed000000|100%| E|CS|TAMS 0x00000000ecf00000, 0x00000000ecf00000| Complete 
| 208|0x00000000ed000000, 0x00000000ed100000, 0x00000000ed100000|100%| E|CS|TAMS 0x00000000ed000000, 0x00000000ed000000| Complete 
| 209|0x00000000ed100000, 0x00000000ed200000, 0x00000000ed200000|100%| E|CS|TAMS 0x00000000ed100000, 0x00000000ed100000| Complete 
| 210|0x00000000ed200000, 0x00000000ed300000, 0x00000000ed300000|100%| E|CS|TAMS 0x00000000ed200000, 0x00000000ed200000| Complete 
| 211|0x00000000ed300000, 0x00000000ed400000, 0x00000000ed400000|100%| E|CS|TAMS 0x00000000ed300000, 0x00000000ed300000| Complete 
| 212|0x00000000ed400000, 0x00000000ed500000, 0x00000000ed500000|100%| E|CS|TAMS 0x00000000ed400000, 0x00000000ed400000| Complete 
| 213|0x00000000ed500000, 0x00000000ed600000, 0x00000000ed600000|100%| E|CS|TAMS 0x00000000ed500000, 0x00000000ed500000| Complete 
| 214|0x00000000ed600000, 0x00000000ed700000, 0x00000000ed700000|100%| E|CS|TAMS 0x00000000ed600000, 0x00000000ed600000| Complete 
| 215|0x00000000ed700000, 0x00000000ed800000, 0x00000000ed800000|100%| E|CS|TAMS 0x00000000ed700000, 0x00000000ed700000| Complete 
| 216|0x00000000ed800000, 0x00000000ed900000, 0x00000000ed900000|100%| E|CS|TAMS 0x00000000ed800000, 0x00000000ed800000| Complete 
| 217|0x00000000ed900000, 0x00000000eda00000, 0x00000000eda00000|100%| E|CS|TAMS 0x00000000ed900000, 0x00000000ed900000| Complete 
| 218|0x00000000eda00000, 0x00000000edb00000, 0x00000000edb00000|100%| E|CS|TAMS 0x00000000eda00000, 0x00000000eda00000| Complete 
| 219|0x00000000edb00000, 0x00000000edc00000, 0x00000000edc00000|100%| E|CS|TAMS 0x00000000edb00000, 0x00000000edb00000| Complete 
| 220|0x00000000edc00000, 0x00000000edd00000, 0x00000000edd00000|100%| E|CS|TAMS 0x00000000edc00000, 0x00000000edc00000| Complete 
| 221|0x00000000edd00000, 0x00000000ede00000, 0x00000000ede00000|100%| E|CS|TAMS 0x00000000edd00000, 0x00000000edd00000| Complete 
| 222|0x00000000ede00000, 0x00000000edf00000, 0x00000000edf00000|100%| E|CS|TAMS 0x00000000ede00000, 0x00000000ede00000| Complete 
| 223|0x00000000edf00000, 0x00000000ee000000, 0x00000000ee000000|100%| E|CS|TAMS 0x00000000edf00000, 0x00000000edf00000| Complete 
| 224|0x00000000ee000000, 0x00000000ee100000, 0x00000000ee100000|100%| E|CS|TAMS 0x00000000ee000000, 0x00000000ee000000| Complete 
| 225|0x00000000ee100000, 0x00000000ee200000, 0x00000000ee200000|100%| E|CS|TAMS 0x00000000ee100000, 0x00000000ee100000| Complete 
| 226|0x00000000ee200000, 0x00000000ee300000, 0x00000000ee300000|100%| E|CS|TAMS 0x00000000ee200000, 0x00000000ee200000| Complete 
| 227|0x00000000ee300000, 0x00000000ee400000, 0x00000000ee400000|100%| E|CS|TAMS 0x00000000ee300000, 0x00000000ee300000| Complete 
| 228|0x00000000ee400000, 0x00000000ee500000, 0x00000000ee500000|100%| E|CS|TAMS 0x00000000ee400000, 0x00000000ee400000| Complete 
| 229|0x00000000ee500000, 0x00000000ee600000, 0x00000000ee600000|100%| E|CS|TAMS 0x00000000ee500000, 0x00000000ee500000| Complete 
| 230|0x00000000ee600000, 0x00000000ee700000, 0x00000000ee700000|100%| E|CS|TAMS 0x00000000ee600000, 0x00000000ee600000| Complete 
| 231|0x00000000ee700000, 0x00000000ee800000, 0x00000000ee800000|100%| E|CS|TAMS 0x00000000ee700000, 0x00000000ee700000| Complete 
| 232|0x00000000ee800000, 0x00000000ee900000, 0x00000000ee900000|100%| E|CS|TAMS 0x00000000ee800000, 0x00000000ee800000| Complete 
| 233|0x00000000ee900000, 0x00000000eea00000, 0x00000000eea00000|100%| E|CS|TAMS 0x00000000ee900000, 0x00000000ee900000| Complete 
| 234|0x00000000eea00000, 0x00000000eeb00000, 0x00000000eeb00000|100%| E|CS|TAMS 0x00000000eea00000, 0x00000000eea00000| Complete 
| 235|0x00000000eeb00000, 0x00000000eec00000, 0x00000000eec00000|100%| E|CS|TAMS 0x00000000eeb00000, 0x00000000eeb00000| Complete 
| 236|0x00000000eec00000, 0x00000000eed00000, 0x00000000eed00000|100%| E|CS|TAMS 0x00000000eec00000, 0x00000000eec00000| Complete 
| 237|0x00000000eed00000, 0x00000000eee00000, 0x00000000eee00000|100%| E|CS|TAMS 0x00000000eed00000, 0x00000000eed00000| Complete 
| 238|0x00000000eee00000, 0x00000000eef00000, 0x00000000eef00000|100%| E|CS|TAMS 0x00000000eee00000, 0x00000000eee00000| Complete 
| 239|0x00000000eef00000, 0x00000000ef000000, 0x00000000ef000000|100%| E|CS|TAMS 0x00000000eef00000, 0x00000000eef00000| Complete 
| 240|0x00000000ef000000, 0x00000000ef100000, 0x00000000ef100000|100%| E|CS|TAMS 0x00000000ef000000, 0x00000000ef000000| Complete 
| 241|0x00000000ef100000, 0x00000000ef200000, 0x00000000ef200000|100%| E|CS|TAMS 0x00000000ef100000, 0x00000000ef100000| Complete 
| 242|0x00000000ef200000, 0x00000000ef300000, 0x00000000ef300000|100%| E|CS|TAMS 0x00000000ef200000, 0x00000000ef200000| Complete 
| 243|0x00000000ef300000, 0x00000000ef400000, 0x00000000ef400000|100%| E|CS|TAMS 0x00000000ef300000, 0x00000000ef300000| Complete 
| 244|0x00000000ef400000, 0x00000000ef500000, 0x00000000ef500000|100%| E|CS|TAMS 0x00000000ef400000, 0x00000000ef400000| Complete 
| 245|0x00000000ef500000, 0x00000000ef600000, 0x00000000ef600000|100%| E|CS|TAMS 0x00000000ef500000, 0x00000000ef500000| Complete 
| 246|0x00000000ef600000, 0x00000000ef700000, 0x00000000ef700000|100%| E|CS|TAMS 0x00000000ef600000, 0x00000000ef600000| Complete 
| 247|0x00000000ef700000, 0x00000000ef800000, 0x00000000ef800000|100%| E|CS|TAMS 0x00000000ef700000, 0x00000000ef700000| Complete 
| 248|0x00000000ef800000, 0x00000000ef900000, 0x00000000ef900000|100%| E|CS|TAMS 0x00000000ef800000, 0x00000000ef800000| Complete 
| 249|0x00000000ef900000, 0x00000000efa00000, 0x00000000efa00000|100%| E|CS|TAMS 0x00000000ef900000, 0x00000000ef900000| Complete 
| 250|0x00000000efa00000, 0x00000000efb00000, 0x00000000efb00000|100%| E|CS|TAMS 0x00000000efa00000, 0x00000000efa00000| Complete 
| 251|0x00000000efb00000, 0x00000000efc00000, 0x00000000efc00000|100%| E|CS|TAMS 0x00000000efb00000, 0x00000000efb00000| Complete 
| 252|0x00000000efc00000, 0x00000000efd00000, 0x00000000efd00000|100%| E|CS|TAMS 0x00000000efc00000, 0x00000000efc00000| Complete 
| 253|0x00000000efd00000, 0x00000000efe00000, 0x00000000efe00000|100%| E|CS|TAMS 0x00000000efd00000, 0x00000000efd00000| Complete 
| 254|0x00000000efe00000, 0x00000000eff00000, 0x00000000eff00000|100%| E|CS|TAMS 0x00000000efe00000, 0x00000000efe00000| Complete 
| 255|0x00000000eff00000, 0x00000000f0000000, 0x00000000f0000000|100%| E|CS|TAMS 0x00000000eff00000, 0x00000000eff00000| Complete 

Card table byte_map: [0x0000015dfe540000,0x0000015dfe640000] _byte_map_base: 0x0000015dfde40000

Marking Bits (Prev, Next): (CMBitMap*) 0x0000015de5190ed8, (CMBitMap*) 0x0000015de5190f10
 Prev Bits: [0x0000015dfe740000, 0x0000015dfef40000)
 Next Bits: [0x0000015dfef40000, 0x0000015dff740000)

Polling page: 0x0000015de5010000

Metaspace:

Usage:
  Non-class:     35.08 MB capacity,    34.48 MB ( 98%) used,   533.86 KB (  1%) free+waste,    88.94 KB ( <1%) overhead. 
      Class:      5.45 MB capacity,     5.09 MB ( 94%) used,   318.78 KB (  6%) free+waste,    43.56 KB ( <1%) overhead. 
       Both:     40.53 MB capacity,    39.57 MB ( 98%) used,   852.64 KB (  2%) free+waste,   132.50 KB ( <1%) overhead. 

Virtual space:
  Non-class space:       36.00 MB reserved,      35.25 MB ( 98%) committed 
      Class space:      248.00 MB reserved,       5.45 MB (  2%) committed 
             Both:      284.00 MB reserved,      40.70 MB ( 14%) committed 

Chunk freelists:
   Non-Class:  5.25 KB
       Class:  0 bytes
        Both:  5.25 KB

CodeHeap 'non-profiled nmethods': size=120064Kb used=1929Kb max_used=1929Kb free=118135Kb
 bounds [0x0000015df68e0000, 0x0000015df6b50000, 0x0000015dfde20000]
CodeHeap 'profiled nmethods': size=120000Kb used=6865Kb max_used=6865Kb free=113134Kb
 bounds [0x0000015def3b0000, 0x0000015defa70000, 0x0000015df68e0000]
CodeHeap 'non-nmethods': size=5696Kb used=2203Kb max_used=2253Kb free=3492Kb
 bounds [0x0000015deee20000, 0x0000015def090000, 0x0000015def3b0000]
 total_blobs=4129 nmethods=3362 adapters=678
 compilation: enabled
              stopped_count=0, restarted_count=0
 full_count=0

Compilation events (10 events):
Event: 6.867 Thread 0x0000015dffd64800 nmethod 3356 0x0000015defa5db10 code [0x0000015defa5dd00, 0x0000015defa5e268]
Event: 6.868 Thread 0x0000015dffd64800 3359       3       java.util.AbstractCollection::toArray (144 bytes)
Event: 6.868 Thread 0x0000015dffd64800 nmethod 3359 0x0000015defa5e410 code [0x0000015defa5e6e0, 0x0000015defa5f7f8]
Event: 6.868 Thread 0x0000015dffd64800 3355       3       java.util.WeakHashMap$KeyIterator::next (8 bytes)
Event: 6.868 Thread 0x0000015dffd64800 nmethod 3355 0x0000015defa5fc10 code [0x0000015defa5fde0, 0x0000015defa60168]
Event: 6.868 Thread 0x0000015dffd64800 3357       3       java.util.WeakHashMap$Entry::getKey (8 bytes)
Event: 6.869 Thread 0x0000015dffd64800 nmethod 3357 0x0000015defa60290 code [0x0000015defa60440, 0x0000015defa606b8]
Event: 6.869 Thread 0x0000015dffd64800 3358       3       java.util.WeakHashMap::unmaskNull (13 bytes)
Event: 6.869 Thread 0x0000015dffd5f000 3360       4       java.util.WeakHashMap$HashIterator::hasNext (95 bytes)
Event: 6.869 Thread 0x0000015dffd64800 nmethod 3358 0x0000015defa60790 code [0x0000015defa60940, 0x0000015defa60a78]

GC Heap History (10 events):
Event: 3.176 GC heap before
{Heap before GC invocations=3 (full 0):
 garbage-first heap   total 262144K, used 56158K [0x00000000e0000000, 0x0000000100000000)
  region size 1024K, 46 young (47104K), 4 survivors (4096K)
 Metaspace       used 18966K, capacity 19475K, committed 19584K, reserved 272384K
  class space    used 2274K, capacity 2408K, committed 2432K, reserved 253952K
}
Event: 3.184 GC heap after
{Heap after GC invocations=4 (full 0):
 garbage-first heap   total 262144K, used 15898K [0x00000000e0000000, 0x0000000100000000)
  region size 1024K, 3 young (3072K), 3 survivors (3072K)
 Metaspace       used 18966K, capacity 19475K, committed 19584K, reserved 272384K
  class space    used 2274K, capacity 2408K, committed 2432K, reserved 253952K
}
Event: 3.328 GC heap before
{Heap before GC invocations=4 (full 0):
 garbage-first heap   total 262144K, used 27162K [0x00000000e0000000, 0x0000000100000000)
  region size 1024K, 16 young (16384K), 3 survivors (3072K)
 Metaspace       used 20545K, capacity 21071K, committed 21248K, reserved 272384K
  class space    used 2493K, capacity 2690K, committed 2816K, reserved 253952K
}
Event: 3.333 GC heap after
{Heap after GC invocations=5 (full 0):
 garbage-first heap   total 262144K, used 16269K [0x00000000e0000000, 0x0000000100000000)
  region size 1024K, 4 young (4096K), 4 survivors (4096K)
 Metaspace       used 20545K, capacity 21071K, committed 21248K, reserved 272384K
  class space    used 2493K, capacity 2690K, committed 2816K, reserved 253952K
}
Event: 4.225 GC heap before
{Heap before GC invocations=6 (full 0):
 garbage-first heap   total 262144K, used 85901K [0x00000000e0000000, 0x0000000100000000)
  region size 1024K, 60 young (61440K), 4 survivors (4096K)
 Metaspace       used 26185K, capacity 27004K, committed 27264K, reserved 278528K
  class space    used 3422K, capacity 3706K, committed 3712K, reserved 253952K
}
Event: 4.236 GC heap after
{Heap after GC invocations=7 (full 0):
 garbage-first heap   total 262144K, used 33682K [0x00000000e0000000, 0x0000000100000000)
  region size 1024K, 8 young (8192K), 8 survivors (8192K)
 Metaspace       used 26185K, capacity 27004K, committed 27264K, reserved 278528K
  class space    used 3422K, capacity 3706K, committed 3712K, reserved 253952K
}
Event: 5.160 GC heap before
{Heap before GC invocations=7 (full 0):
 garbage-first heap   total 262144K, used 91026K [0x00000000e0000000, 0x0000000100000000)
  region size 1024K, 65 young (66560K), 8 survivors (8192K)
 Metaspace       used 34939K, capacity 35790K, committed 35840K, reserved 286720K
  class space    used 4531K, capacity 4860K, committed 4864K, reserved 253952K
}
Event: 5.180 GC heap after
{Heap after GC invocations=8 (full 0):
 garbage-first heap   total 262144K, used 37086K [0x00000000e0000000, 0x0000000100000000)
  region size 1024K, 11 young (11264K), 11 survivors (11264K)
 Metaspace       used 34939K, capacity 35790K, committed 35840K, reserved 286720K
  class space    used 4531K, capacity 4860K, committed 4864K, reserved 253952K
}
Event: 6.616 GC heap before
{Heap before GC invocations=9 (full 0):
 garbage-first heap   total 262144K, used 188638K [0x00000000e0000000, 0x0000000100000000)
  region size 1024K, 153 young (156672K), 11 survivors (11264K)
 Metaspace       used 40499K, capacity 41438K, committed 41676K, reserved 290816K
  class space    used 5210K, capacity 5576K, committed 5580K, reserved 253952K
}
Event: 6.653 GC heap after
{Heap after GC invocations=10 (full 0):
 garbage-first heap   total 262144K, used 74476K [0x00000000e0000000, 0x0000000100000000)
  region size 1024K, 20 young (20480K), 20 survivors (20480K)
 Metaspace       used 40499K, capacity 41438K, committed 41676K, reserved 290816K
  class space    used 5210K, capacity 5576K, committed 5580K, reserved 253952K
}

Deoptimization events (10 events):
Event: 6.706 Thread 0x0000015d84d54000 Uncommon trap: reason=bimorphic_or_optimized_type_check action=maybe_recompile pc=0x0000015df6aa43c4 method=java.util.stream.AbstractPipeline.<init>(Ljava/util/stream/AbstractPipeline;I)V @ 66 c2
Event: 6.706 Thread 0x0000015d84d54000 Uncommon trap: reason=bimorphic_or_optimized_type_check action=maybe_recompile pc=0x0000015df6aad02c method=java.util.stream.AbstractPipeline.wrapSink(Ljava/util/stream/Sink;)Ljava/util/stream/Sink; @ 23 c2
Event: 6.706 Thread 0x0000015d84d54000 Uncommon trap: reason=class_check action=maybe_recompile pc=0x0000015df6aabb28 method=java.util.Spliterator.getExactSizeIfKnown()J @ 1 c2
Event: 6.706 Thread 0x0000015d84d54000 Uncommon trap: reason=class_check action=maybe_recompile pc=0x0000015df6ab0024 method=java.util.Collection.stream()Ljava/util/stream/Stream; @ 1 c2
Event: 6.706 Thread 0x0000015d84d54000 Uncommon trap: reason=class_check action=maybe_recompile pc=0x0000015df6ab0868 method=java.util.stream.StreamOpFlag.fromCharacteristics(Ljava/util/Spliterator;)I @ 1 c2
Event: 6.706 Thread 0x0000015d84d54000 Uncommon trap: reason=class_check action=maybe_recompile pc=0x0000015df6ab0024 method=java.util.Collection.stream()Ljava/util/stream/Stream; @ 1 c2
Event: 6.706 Thread 0x0000015d84d54000 Uncommon trap: reason=class_check action=maybe_recompile pc=0x0000015df6ab0868 method=java.util.stream.StreamOpFlag.fromCharacteristics(Ljava/util/Spliterator;)I @ 1 c2
Event: 6.707 Thread 0x0000015d84d54000 Uncommon trap: reason=class_check action=maybe_recompile pc=0x0000015df6ab0868 method=java.util.stream.StreamOpFlag.fromCharacteristics(Ljava/util/Spliterator;)I @ 1 c2
Event: 6.707 Thread 0x0000015d84d54000 Uncommon trap: reason=class_check action=maybe_recompile pc=0x0000015df6aad008 method=java.util.stream.AbstractPipeline.copyInto(Ljava/util/stream/Sink;Ljava/util/Spliterator;)V @ 20 c2
Event: 6.707 Thread 0x0000015d84d54000 Uncommon trap: reason=class_check action=maybe_recompile pc=0x0000015df6aabb28 method=java.util.Spliterator.getExactSizeIfKnown()J @ 1 c2

Classes redefined (0 events):
No events

Internal exceptions (10 events):
Event: 5.695 Thread 0x0000015d84de6800 Exception <a 'java/lang/ClassNotFoundException'{0x00000000ee7f8b18}: org/gradle/api/internal/artifacts/dsl/dependencies/DefaultDependencyHandlerCustomizer> (0x00000000ee7f8b18) thrown at [./open/src/hotspot/share/classfile/systemDictionary.cpp, line 228]
Event: 5.699 Thread 0x0000015d84de6800 Exception <a 'java/lang/ClassNotFoundException'{0x00000000ee657d60}: org/gradle/api/internal/artifacts/dsl/dependencies/DefaultDependencyHandler_DecoratedCustomizer> (0x00000000ee657d60) thrown at [./open/src/hotspot/share/classfile/systemDictionary.cpp, 
Event: 5.726 Thread 0x0000015d84de6800 Exception <a 'java/lang/NoSuchMethodError'{0x00000000ee4306c0}: java.lang.invoke.DirectMethodHandle$Holder.invokeStatic(Ljava/lang/Object;Ljava/lang/Object;ILjava/lang/Object;)Ljava/lang/Object;> (0x00000000ee4306c0) thrown at [./open/src/hotspot/share/in
Event: 5.727 Thread 0x0000015d84de6800 Exception <a 'java/lang/NoSuchMethodError'{0x00000000ee4375a8}: java.lang.invoke.Invokers$Holder.linkToTargetMethod(Ljava/lang/Object;ILjava/lang/Object;Ljava/lang/Object;)Ljava/lang/Object;> (0x00000000ee4375a8) thrown at [./open/src/hotspot/share/interp
Event: 5.797 Thread 0x0000015d84de6800 Exception <a 'java/lang/NoSuchMethodError'{0x00000000edf0b0a8}: java.lang.invoke.DirectMethodHandle$Holder.invokeStatic(Ljava/lang/Object;ILjava/lang/Object;)Ljava/lang/Object;> (0x00000000edf0b0a8) thrown at [./open/src/hotspot/share/interpreter/linkReso
Event: 5.888 Thread 0x0000015d84de6800 Exception <a 'java/lang/NoSuchMethodError'{0x00000000ed88af80}: java.lang.invoke.DirectMethodHandle$Holder.invokeInterface(Ljava/lang/Object;Ljava/lang/Object;)I> (0x00000000ed88af80) thrown at [./open/src/hotspot/share/interpreter/linkResolver.cpp, line 
Event: 5.889 Thread 0x0000015d84de6800 Exception <a 'java/lang/IncompatibleClassChangeError'{0x00000000ed88e7b8}: Found class java.lang.Object, but interface was expected> (0x00000000ed88e7b8) thrown at [./open/src/hotspot/share/interpreter/linkResolver.cpp, line 838]
Event: 5.911 Thread 0x0000015d84de6800 Exception <a 'java/lang/NoSuchMethodError'{0x00000000ed62b560}: java.lang.invoke.Invokers$Holder.linkToTargetMethod(Ljava/lang/Object;ILjava/lang/Object;)Ljava/lang/Object;> (0x00000000ed62b560) thrown at [./open/src/hotspot/share/interpreter/linkResolver
Event: 5.964 Thread 0x0000015d84de6800 Exception <a 'java/lang/NoSuchMethodError'{0x00000000ed3e9648}: java.lang.invoke.DirectMethodHandle$Holder.invokeStaticInit(Ljava/lang/Object;)I> (0x00000000ed3e9648) thrown at [./open/src/hotspot/share/interpreter/linkResolver.cpp, line 772]
Event: 6.866 Thread 0x0000015d84de6800 Exception <a 'java/lang/OutOfMemoryError'{0x00000000eb1dd020}> (0x00000000eb1dd020) thrown at [./open/src/hotspot/share/prims/jni.cpp, line 632]

Events (10 events):
Event: 6.707 Thread 0x0000015d84d54000 Uncommon trap: trap_request=0xffffffde fr.pc=0x0000015df6aabb28 relative=0x00000000000003c8
Event: 6.707 Thread 0x0000015d84d54000 DEOPT PACKING pc=0x0000015df6aabb28 sp=0x0000000845cfe160
Event: 6.707 Thread 0x0000015d84d54000 DEOPT UNPACKING pc=0x0000015deee478af sp=0x0000000845cfe140 mode 2
Event: 6.866 loading class java/util/zip/DataFormatException
Event: 6.866 loading class java/util/zip/DataFormatException done
Event: 6.866 loading class java/util/WeakHashMap$KeyIterator
Event: 6.866 loading class java/util/WeakHashMap$HashIterator
Event: 6.867 loading class java/util/WeakHashMap$HashIterator done
Event: 6.867 loading class java/util/WeakHashMap$KeyIterator done
Event: 6.867 Thread 0x0000015d84638000 Thread exited: 0x0000015d84638000


Dynamic libraries:
0x00007ff7def00000 - 0x00007ff7def0f000 	C:\Program Files\Java\jdk-11.0.10\bin\java.exe
0x00007ffaba770000 - 0x00007ffaba966000 	C:\Windows\SYSTEM32\ntdll.dll
0x00007ffaba5a0000 - 0x00007ffaba65d000 	C:\Windows\System32\KERNEL32.DLL
0x00007ffab8450000 - 0x00007ffab8719000 	C:\Windows\System32\KERNELBASE.dll
0x00007ffab7fb0000 - 0x00007ffab80b0000 	C:\Windows\System32\ucrtbase.dll
0x00007ffaa5e90000 - 0x00007ffaa5ea5000 	C:\Program Files\Java\jdk-11.0.10\bin\VCRUNTIME140.dll
0x00007ffaa5d90000 - 0x00007ffaa5da8000 	C:\Program Files\Java\jdk-11.0.10\bin\jli.dll
0x00007ffab9a30000 - 0x00007ffab9adc000 	C:\Windows\System32\ADVAPI32.dll
0x00007ffab8f20000 - 0x00007ffab8fbe000 	C:\Windows\System32\msvcrt.dll
0x00007ffaba110000 - 0x00007ffaba1ac000 	C:\Windows\System32\sechost.dll
0x00007ffab9bb0000 - 0x00007ffab9cdb000 	C:\Windows\System32\RPCRT4.dll
0x00007ffaba380000 - 0x00007ffaba520000 	C:\Windows\System32\USER32.dll
0x00007ffab82c0000 - 0x00007ffab82e2000 	C:\Windows\System32\win32u.dll
0x00007ffaa0e70000 - 0x00007ffaa110b000 	C:\Windows\WinSxS\amd64_microsoft.windows.common-controls_6595b64144ccf1df_6.0.19041.746_none_ca02b4b61b8320a4\COMCTL32.dll
0x00007ffab9b10000 - 0x00007ffab9b3a000 	C:\Windows\System32\GDI32.dll
0x00007ffab80b0000 - 0x00007ffab81bb000 	C:\Windows\System32\gdi32full.dll
0x00007ffab8220000 - 0x00007ffab82bd000 	C:\Windows\System32\msvcp_win.dll
0x00007ffaaf210000 - 0x00007ffaaf21a000 	C:\Windows\SYSTEM32\VERSION.dll
0x00007ffab9ae0000 - 0x00007ffab9b10000 	C:\Windows\System32\IMM32.DLL
0x00007ffa95fd0000 - 0x00007ffa9606b000 	C:\Program Files\Java\jdk-11.0.10\bin\msvcp140.dll
0x00007ffa8ba60000 - 0x00007ffa8c55b000 	C:\Program Files\Java\jdk-11.0.10\bin\server\jvm.dll
0x00007ffaba040000 - 0x00007ffaba048000 	C:\Windows\System32\PSAPI.DLL
0x00007ffab5800000 - 0x00007ffab5809000 	C:\Windows\SYSTEM32\WSOCK32.dll
0x00007ffaabbf0000 - 0x00007ffaabc17000 	C:\Windows\SYSTEM32\WINMM.dll
0x00007ffab9b40000 - 0x00007ffab9bab000 	C:\Windows\System32\WS2_32.dll
0x00007ffab5dc0000 - 0x00007ffab5dd2000 	C:\Windows\SYSTEM32\kernel.appcore.dll
0x00007ffaa5fe0000 - 0x00007ffaa5ff0000 	C:\Program Files\Java\jdk-11.0.10\bin\verify.dll
0x00007ffaa7800000 - 0x00007ffaa79e4000 	C:\Windows\SYSTEM32\DBGHELP.DLL
0x00007ffaa6b40000 - 0x00007ffaa6b6c000 	C:\Windows\SYSTEM32\dbgcore.DLL
0x00007ffab8720000 - 0x00007ffab87a0000 	C:\Windows\System32\bcryptPrimitives.dll
0x00007ffaa2f70000 - 0x00007ffaa2f98000 	C:\Program Files\Java\jdk-11.0.10\bin\java.dll
0x00007ffaa5e20000 - 0x00007ffaa5e2a000 	C:\Program Files\Java\jdk-11.0.10\bin\jimage.dll
0x00007ffaa4390000 - 0x00007ffaa43a6000 	C:\Program Files\Java\jdk-11.0.10\bin\zip.dll
0x00007ffab87d0000 - 0x00007ffab8f12000 	C:\Windows\System32\SHELL32.dll
0x00007ffab5fc0000 - 0x00007ffab6750000 	C:\Windows\SYSTEM32\windows.storage.dll
0x00007ffab9ce0000 - 0x00007ffaba036000 	C:\Windows\System32\combase.dll
0x00007ffab7770000 - 0x00007ffab779c000 	C:\Windows\SYSTEM32\Wldp.dll
0x00007ffab9330000 - 0x00007ffab93de000 	C:\Windows\System32\SHCORE.dll
0x00007ffab8fc0000 - 0x00007ffab9015000 	C:\Windows\System32\shlwapi.dll
0x00007ffab7d90000 - 0x00007ffab7db6000 	C:\Windows\SYSTEM32\profapi.dll
0x00007ffaa2f10000 - 0x00007ffaa2f29000 	C:\Program Files\Java\jdk-11.0.10\bin\net.dll
0x00007ffaaf0e0000 - 0x00007ffaaf1e0000 	C:\Windows\SYSTEM32\WINHTTP.dll
0x00007ffab7560000 - 0x00007ffab75ca000 	C:\Windows\system32\mswsock.dll
0x00007ffaa2c80000 - 0x00007ffaa2c92000 	C:\Program Files\Java\jdk-11.0.10\bin\nio.dll
0x00007ffaa6260000 - 0x00007ffaa6287000 	C:\Users\user\.gradle\native\fdc75f09e3144964f2cf3f50f0aa648679c211496f362492102eb8c894070792\windows-amd64\native-platform.dll
0x00007ffa94ad0000 - 0x00007ffa94c66000 	C:\Users\user\.gradle\native\12488b8bf47d2d4c9fbf2f6322a914ad602e24e48041cd04a747c6da556b65c4\windows-amd64\native-platform-file-events.dll
0x00007ffaa5d50000 - 0x00007ffaa5d59000 	C:\Program Files\Java\jdk-11.0.10\bin\management.dll
0x00007ffaa3dd0000 - 0x00007ffaa3ddb000 	C:\Program Files\Java\jdk-11.0.10\bin\management_ext.dll
0x00007ffab7ac0000 - 0x00007ffab7ad8000 	C:\Windows\SYSTEM32\CRYPTSP.dll
0x00007ffab6f20000 - 0x00007ffab6f54000 	C:\Windows\system32\rsaenh.dll
0x00007ffab87a0000 - 0x00007ffab87c7000 	C:\Windows\System32\bcrypt.dll
0x00007ffab7cf0000 - 0x00007ffab7d1e000 	C:\Windows\SYSTEM32\USERENV.dll
0x00007ffab76e0000 - 0x00007ffab76ec000 	C:\Windows\SYSTEM32\CRYPTBASE.dll
0x00007ffab7270000 - 0x00007ffab72ab000 	C:\Windows\SYSTEM32\IPHLPAPI.DLL
0x00007ffaba100000 - 0x00007ffaba108000 	C:\Windows\System32\NSI.dll
0x00007ffab3180000 - 0x00007ffab3197000 	C:\Windows\SYSTEM32\dhcpcsvc6.DLL
0x00007ffab3140000 - 0x00007ffab315d000 	C:\Windows\SYSTEM32\dhcpcsvc.DLL
0x00007ffab72b0000 - 0x00007ffab737b000 	C:\Windows\SYSTEM32\DNSAPI.dll
0x00007ffab1330000 - 0x00007ffab133b000 	C:\Windows\SYSTEM32\WINNSI.DLL

dbghelp: loaded successfully - version: 4.0.5 - missing functions: none
symbol engine: initialized successfully - sym options: 0x614 - pdb path: .;C:\Program Files\Java\jdk-11.0.10\bin;C:\Windows\SYSTEM32;C:\Windows\WinSxS\amd64_microsoft.windows.common-controls_6595b64144ccf1df_6.0.19041.746_none_ca02b4b61b8320a4;C:\Program Files\Java\jdk-11.0.10\bin\server;C:\Users\user\.gradle\native\fdc75f09e3144964f2cf3f50f0aa648679c211496f362492102eb8c894070792\windows-amd64;C:\Users\user\.gradle\native\12488b8bf47d2d4c9fbf2f6322a914ad602e24e48041cd04a747c6da556b65c4\windows-amd64

VM Arguments:
jvm_args: -XX:MaxMetaspaceSize=256m -XX:+HeapDumpOnOutOfMemoryError --add-opens=java.base/java.util=ALL-UNNAMED --add-opens=java.base/java.lang=ALL-UNNAMED --add-opens=java.base/java.lang.invoke=ALL-UNNAMED --add-opens=java.prefs/java.util.prefs=ALL-UNNAMED -Xms256m -Xmx512m -Dfile.encoding=windows-1252 -Duser.country=CO -Duser.language=es -Duser.variant 
java_command: org.gradle.launcher.daemon.bootstrap.GradleDaemon 6.8.2
java_class_path (initial): C:\Users\user\.gradle\wrapper\dists\gradle-6.8.2-bin\5nlkemqlnno2amj7d1mfn69bt\gradle-6.8.2\lib\gradle-launcher-6.8.2.jar
Launcher Type: SUN_STANDARD

[Global flags]
     intx CICompilerCount                          = 3                                         {product} {ergonomic}
   size_t CompressedClassSpaceSize                 = 260046848                                 {product} {ergonomic}
     uint ConcGCThreads                            = 1                                         {product} {ergonomic}
     uint G1ConcRefinementThreads                  = 4                                         {product} {ergonomic}
   size_t G1HeapRegionSize                         = 1048576                                   {product} {ergonomic}
    uintx GCDrainStackTargetSize                   = 64                                        {product} {ergonomic}
     bool HeapDumpOnOutOfMemoryError               = true                                   {manageable} {command line}
   size_t InitialHeapSize                          = 268435456                                 {product} {command line}
   size_t MarkStackSize                            = 4194304                                   {product} {ergonomic}
   size_t MaxHeapSize                              = 536870912                                 {product} {command line}
   size_t MaxMetaspaceSize                         = 268435456                                 {product} {command line}
   size_t MaxNewSize                               = 321912832                                 {product} {ergonomic}
   size_t MinHeapDeltaBytes                        = 1048576                                   {product} {ergonomic}
    uintx NonNMethodCodeHeapSize                   = 5830732                                {pd product} {ergonomic}
    uintx NonProfiledCodeHeapSize                  = 122913754                              {pd product} {ergonomic}
    uintx ProfiledCodeHeapSize                     = 122913754                              {pd product} {ergonomic}
    uintx ReservedCodeCacheSize                    = 251658240                              {pd product} {ergonomic}
     bool SegmentedCodeCache                       = true                                      {product} {ergonomic}
     bool UseCompressedClassPointers               = true                                 {lp64_product} {ergonomic}
     bool UseCompressedOops                        = true                                 {lp64_product} {ergonomic}
     bool UseG1GC                                  = true                                      {product} {ergonomic}
     bool UseLargePagesIndividualAllocation        = false                                  {pd product} {ergonomic}

Logging:
Log output configuration:
 #0: stdout all=warning uptime,level,tags
 #1: stderr all=off uptime,level,tags

Environment Variables:
JAVA_HOME=C:\Program Files\Java\jdk-11.0.10
CLASSPATH=C:\Program Files (x86)\Java\jre1.8.0_261
PATH=C:\Program Files\Common Files\Oracle\Java\javapath;C:\Program Files\AdoptOpenJDK\jdk-8.0.282.8-hotspot\bin;C:\Users\user\AppData\Local\Programs\Python\Python39\Scripts\;C:\Users\user\AppData\Local\Programs\Python\Python39\;C:\Windows\system32;C:\Windows;C:\Windows\System32\Wbem;C:\Windows\System32\WindowsPowerShell\v1.0\;C:\Windows\System32\OpenSSH\;C:\Program Files\Git\cmd;C:\Program Files\Microsoft SQL Server\130\Tools\Binn\;C:\Program Files\PuTTY\;C:\apache-maven-3.6.3\bin;C:\Program Files\nodejs\;C:\ProgramData\chocolatey\bin;C:\Program Files\Docker\Docker\resources\bin;C:\ProgramData\DockerDesktop\version-bin;C:\Program Files\Java\jdk-11.0.10\bin;C:\Program Files\MySQL\MySQL Shell 8.0\bin\;C:\Users\user\AppData\Local\Microsoft\WindowsApps;%IntelliJ IDEA Community Edition%;C:\Program Files\heroku\bin;C:\Users\user\AppData\Local\Programs\Microsoft VS Code\bin;C:\apache-maven-3.6.3\bin;C:\Users\user\AppData\Roaming\npm;C:\Program Files\Java\jdk-11.0.10\bin;
USERNAME=user
OS=Windows_NT
PROCESSOR_IDENTIFIER=Intel64 Family 6 Model 61 Stepping 4, GenuineIntel



---------------  S Y S T E M  ---------------

OS: Windows 10 , 64 bit Build 19041 (10.0.19041.804)
Hyper-V role detected

CPU:total 4 (initial active 4) (2 cores per cpu, 2 threads per core) family 6 model 61 stepping 4 microcode 0x2d, cmov, cx8, fxsr, mmx, sse, sse2, sse3, ssse3, sse4.1, sse4.2, popcnt, avx, avx2, aes, clmul, erms, 3dnowpref, lzcnt, ht, tsc, tscinvbit, bmi1, bmi2, adx, fma

Memory: 4k page, system-wide physical 8111M (1011M free)
TotalPageFile size 8111M (AvailPageFile size 116M)
current process WorkingSet (physical memory assigned to process): 433M, peak: 509M
current process commit charge ("private bytes"): 584M, peak: 701M

vm_info: Java HotSpot(TM) 64-Bit Server VM (11.0.10+8-LTS-162) for windows-amd64 JRE (11.0.10+8-LTS-162), built on Dec  8 2020 16:32:57 by "mach5one" with MS VC++ 15.9 (VS2017)

END.
