#
# There is insufficient memory for the Java Runtime Environment to continue.
# Native memory allocation (mmap) failed to map 134217728 bytes for Failed to commit area from 0x0000000081400000 to 0x0000000089400000 of length 134217728.
# Possible reasons:
#   The system is out of physical RAM or swap space
#   The process is running with CompressedOops enabled, and the Java Heap may be blocking the growth of the native heap
# Possible solutions:
#   Reduce memory load on the system
#   Increase physical memory or swap space
#   Check if swap backing store is full
#   Decrease Java heap size (-Xmx/-Xms)
#   Decrease number of Java threads
#   Decrease Java thread stack sizes (-Xss)
#   Set larger code cache with -XX:ReservedCodeCacheSize=
# This output file may be truncated or incomplete.
#
#  Out of Memory Error (./open/src/hotspot/os/windows/os_windows.cpp:3273), pid=4076, tid=2100
#
# JRE version:  (11.0.10+8) (build )
# Java VM: Java HotSpot(TM) 64-Bit Server VM (11.0.10+8-LTS-162, mixed mode, sharing, tiered, compressed oops, g1 gc, windows-amd64)
# No core dump will be written. Minidumps are not enabled by default on client versions of Windows
#

---------------  S U M M A R Y ------------

Command Line: -Dfile.encoding=windows-1252 -Duser.country=CO -Duser.language=es -Duser.variant edu.escuelaing.eci.ieti.ElectryrideBack2Application

Host: Intel(R) Core(TM) i7-5500U CPU @ 2.40GHz, 4 cores, 7G,  Windows 10 , 64 bit Build 19041 (10.0.19041.804)
Time: Sun Feb 28 21:20:07 2021 Hora est. Pacífico, Sudamérica elapsed time: 0.178535 seconds (0d 0h 0m 0s)

---------------  T H R E A D  ---------------

Current thread (0x00000171de64a800):  JavaThread "Unknown thread" [_thread_in_vm, id=2100, stack(0x0000005b3ee00000,0x0000005b3ef00000)]

Stack: [0x0000005b3ee00000,0x0000005b3ef00000]
Native frames: (J=compiled Java code, j=interpreted, Vv=VM code, C=native code)
V  [jvm.dll+0x613e6a]
V  [jvm.dll+0x74c1ff]
V  [jvm.dll+0x74d885]
V  [jvm.dll+0x74df03]
V  [jvm.dll+0x243b78]
V  [jvm.dll+0x61125a]
V  [jvm.dll+0x606165]
V  [jvm.dll+0x2f85fc]
V  [jvm.dll+0x2f8482]
V  [jvm.dll+0x2fd136]
V  [jvm.dll+0x33f6bf]
V  [jvm.dll+0x33f0f0]
V  [jvm.dll+0x2d5d08]
V  [jvm.dll+0x2d6e66]
V  [jvm.dll+0x727d17]
V  [jvm.dll+0x7295bf]
V  [jvm.dll+0x34c4a9]
V  [jvm.dll+0x70d6b0]
V  [jvm.dll+0x3b584f]
V  [jvm.dll+0x3b7951]
C  [jli.dll+0x520b]
C  [ucrtbase.dll+0x21bb2]
C  [KERNEL32.DLL+0x17034]
C  [ntdll.dll+0x4d241]


---------------  P R O C E S S  ---------------

Threads class SMR info:
_java_thread_list=0x00000171dc4aed30, length=0, elements={
}

Java Threads: ( => current thread )

Other Threads:
  0x00000171de662000 GCTaskThread "GC Thread#0" [stack: 0x0000005b3ef00000,0x0000005b3f000000] [id=8464]
  0x00000171de692000 ConcurrentGCThread "G1 Main Marker" [stack: 0x0000005b3f000000,0x0000005b3f100000] [id=636]
  0x00000171de693000 ConcurrentGCThread "G1 Conc#0" [stack: 0x0000005b3f100000,0x0000005b3f200000] [id=5928]

[error occurred during error reporting (printing all threads), id 0xc0000005, EXCEPTION_ACCESS_VIOLATION (0xc0000005) at pc=0x00007ffa8cc54f57]

VM state:not at safepoint (not fully initialized)

VM Mutex/Monitor currently owned by a thread:  ([mutex/lock_event])
[0x00000171de646fe0] Heap_lock - owner thread: 0x00000171de64a800

Heap address: 0x0000000081400000, size: 2028 MB, Compressed Oops mode: Non-zero based: 0x0000000081400000
Narrow klass base: 0x0000000000000000, Narrow klass shift: 0

GC Heap History (0 events):
No events

Deoptimization events (0 events):
No events

Classes redefined (0 events):
No events

Internal exceptions (0 events):
No events

Events (0 events):
No events


Dynamic libraries:
0x00007ff7def00000 - 0x00007ff7def0f000 	C:\Program Files\Java\jdk-11.0.10\bin\java.exe
0x00007ffaba770000 - 0x00007ffaba966000 	C:\Windows\SYSTEM32\ntdll.dll
0x00007ffaba5a0000 - 0x00007ffaba65d000 	C:\Windows\System32\KERNEL32.DLL
0x00007ffab8450000 - 0x00007ffab8719000 	C:\Windows\System32\KERNELBASE.dll
0x00007ffab7fb0000 - 0x00007ffab80b0000 	C:\Windows\System32\ucrtbase.dll
0x00007ffaabe80000 - 0x00007ffaabe95000 	C:\Program Files\Java\jdk-11.0.10\bin\VCRUNTIME140.dll
0x00007ffab3a30000 - 0x00007ffab3a48000 	C:\Program Files\Java\jdk-11.0.10\bin\jli.dll
0x00007ffab9a30000 - 0x00007ffab9adc000 	C:\Windows\System32\ADVAPI32.dll
0x00007ffab8f20000 - 0x00007ffab8fbe000 	C:\Windows\System32\msvcrt.dll
0x00007ffaba110000 - 0x00007ffaba1ac000 	C:\Windows\System32\sechost.dll
0x00007ffab9bb0000 - 0x00007ffab9cdb000 	C:\Windows\System32\RPCRT4.dll
0x00007ffaba380000 - 0x00007ffaba520000 	C:\Windows\System32\USER32.dll
0x00007ffab82c0000 - 0x00007ffab82e2000 	C:\Windows\System32\win32u.dll
0x00007ffab9b10000 - 0x00007ffab9b3a000 	C:\Windows\System32\GDI32.dll
0x00007ffaa0e70000 - 0x00007ffaa110b000 	C:\Windows\WinSxS\amd64_microsoft.windows.common-controls_6595b64144ccf1df_6.0.19041.746_none_ca02b4b61b8320a4\COMCTL32.dll
0x00007ffab80b0000 - 0x00007ffab81bb000 	C:\Windows\System32\gdi32full.dll
0x00007ffab8220000 - 0x00007ffab82bd000 	C:\Windows\System32\msvcp_win.dll
0x00007ffaaf210000 - 0x00007ffaaf21a000 	C:\Windows\SYSTEM32\VERSION.dll
0x00007ffab9ae0000 - 0x00007ffab9b10000 	C:\Windows\System32\IMM32.DLL
0x00007ffaa2b50000 - 0x00007ffaa2beb000 	C:\Program Files\Java\jdk-11.0.10\bin\msvcp140.dll
0x00007ffa8c970000 - 0x00007ffa8d46b000 	C:\Program Files\Java\jdk-11.0.10\bin\server\jvm.dll
0x00007ffaba040000 - 0x00007ffaba048000 	C:\Windows\System32\PSAPI.DLL
0x00007ffab5800000 - 0x00007ffab5809000 	C:\Windows\SYSTEM32\WSOCK32.dll
0x00007ffaabbf0000 - 0x00007ffaabc17000 	C:\Windows\SYSTEM32\WINMM.dll
0x00007ffab9b40000 - 0x00007ffab9bab000 	C:\Windows\System32\WS2_32.dll
0x00007ffab5dc0000 - 0x00007ffab5dd2000 	C:\Windows\SYSTEM32\kernel.appcore.dll
0x00007ffaabe70000 - 0x00007ffaabe80000 	C:\Program Files\Java\jdk-11.0.10\bin\verify.dll
0x00007ffaa7800000 - 0x00007ffaa79e4000 	C:\Windows\SYSTEM32\DBGHELP.DLL
0x00007ffaa6b40000 - 0x00007ffaa6b6c000 	C:\Windows\SYSTEM32\dbgcore.DLL
0x00007ffab8720000 - 0x00007ffab87a0000 	C:\Windows\System32\bcryptPrimitives.dll
0x00007ffaabdf0000 - 0x00007ffaabe18000 	C:\Program Files\Java\jdk-11.0.10\bin\java.dll
0x00007ffaabe60000 - 0x00007ffaabe6a000 	C:\Program Files\Java\jdk-11.0.10\bin\jimage.dll
0x00007ffaabdd0000 - 0x00007ffaabde6000 	C:\Program Files\Java\jdk-11.0.10\bin\zip.dll

dbghelp: loaded successfully - version: 4.0.5 - missing functions: none
symbol engine: initialized successfully - sym options: 0x614 - pdb path: .;C:\Program Files\Java\jdk-11.0.10\bin;C:\Windows\SYSTEM32;C:\Windows\WinSxS\amd64_microsoft.windows.common-controls_6595b64144ccf1df_6.0.19041.746_none_ca02b4b61b8320a4;C:\Program Files\Java\jdk-11.0.10\bin\server

VM Arguments:
jvm_args: -Dfile.encoding=windows-1252 -Duser.country=CO -Duser.language=es -Duser.variant 
java_command: edu.escuelaing.eci.ieti.ElectryrideBack2Application
java_class_path (initial): E:\Desktop\IETI\niponsotes\ELECTRYRIDE-BACK\build\classes\java\main;E:\Desktop\IETI\niponsotes\ELECTRYRIDE-BACK\build\resources\main;C:\Users\user\.gradle\caches\modules-2\files-2.1\org.springframework.boot\spring-boot-starter-data-rest\2.4.3\58ebc51b732632e0d2e666bdd6a6032936333b43\spring-boot-starter-data-rest-2.4.3.jar;C:\Users\user\.gradle\caches\modules-2\files-2.1\org.springframework.boot\spring-boot-starter-web-services\2.4.3\ddb488dd2af3b3a95b9a12bea6a6e9caae330296\spring-boot-starter-web-services-2.4.3.jar;C:\Users\user\.gradle\caches\modules-2\files-2.1\org.springframework.boot\spring-boot-starter-web\2.4.3\4f5554ea183af87e52d8c31bb82aada0d74c40b0\spring-boot-starter-web-2.4.3.jar;C:\Users\user\.gradle\caches\modules-2\files-2.1\org.springframework.boot\spring-boot-starter-webflux\2.4.3\a23140ff286f1c2ffa4f1d807fd73554d5275d68\spring-boot-starter-webflux-2.4.3.jar;C:\Users\user\.gradle\caches\modules-2\files-2.1\org.springframework.data\spring-data-rest-webmvc\3.4.5\4bc2adde675a23492fcba83fdadba1465fc124ad\spring-data-rest-webmvc-3.4.5.jar;C:\Users\user\.gradle\caches\modules-2\files-2.1\org.springframework.boot\spring-boot-starter-json\2.4.3\7b26abb0a0379a00b58a2a50e010b29cf4f16b80\spring-boot-starter-json-2.4.3.jar;C:\Users\user\.gradle\caches\modules-2\files-2.1\org.springframework.boot\spring-boot-starter\2.4.3\fd8bc0fb5f5aaefb4d6c8b77eb61563aab840c11\spring-boot-starter-2.4.3.jar;C:\Users\user\.gradle\caches\modules-2\files-2.1\org.springframework.boot\spring-boot-starter-tomcat\2.4.3\4ba28aae05a259625e7e92f8e7338c5e1d22de35\spring-boot-starter-tomcat-2.4.3.jar;C:\Users\user\.gradle\caches\modules-2\files-2.1\org.springframework.ws\spring-ws-core\3.0.10.RELEASE\59a17a6985960e2c57bad6b474697acd3cc4bcf4\spring-ws-core-3.0.10.RELEASE.jar;C:\Users\user\.gradle\caches\modules-2\files-2.1\org.springframework.data\spring-data-rest-core\3.4.5\f1736089c8d0660ef3c06d77b5becf3314bac0e5\spring-data-rest-core-3.4.5.jar;C:\Users\user\.g
Launcher Type: SUN_STANDARD

[Global flags]
     intx CICompilerCount                          = 3                                         {product} {ergonomic}
     uint ConcGCThreads                            = 1                                         {product} {ergonomic}
     uint G1ConcRefinementThreads                  = 4                                         {product} {ergonomic}
   size_t G1HeapRegionSize                         = 1048576                                   {product} {ergonomic}
    uintx GCDrainStackTargetSize                   = 64                                        {product} {ergonomic}
   size_t InitialHeapSize                          = 134217728                                 {product} {ergonomic}
   size_t MarkStackSize                            = 4194304                                   {product} {ergonomic}
   size_t MaxHeapSize                              = 2126512128                                {product} {ergonomic}
   size_t MinHeapDeltaBytes                        = 1048576                                   {product} {ergonomic}
    uintx NonNMethodCodeHeapSize                   = 5830732                                {pd product} {ergonomic}
    uintx NonProfiledCodeHeapSize                  = 122913754                              {pd product} {ergonomic}
    uintx ProfiledCodeHeapSize                     = 122913754                              {pd product} {ergonomic}
    uintx ReservedCodeCacheSize                    = 251658240                              {pd product} {ergonomic}
     bool SegmentedCodeCache                       = true                                      {product} {ergonomic}
     bool UseCompressedClassPointers               = true                                 {lp64_product} {ergonomic}
     bool UseCompressedOops                        = true                                 {lp64_product} {ergonomic}
     bool UseG1GC                                  = true                                      {product} {ergonomic}
     bool UseLargePagesIndividualAllocation        = false                                  {pd product} {ergonomic}

Logging:
Log output configuration:
 #0: stdout all=warning uptime,level,tags
 #1: stderr all=off uptime,level,tags

Environment Variables:
JAVA_HOME=C:\Program Files\Java\jdk-11.0.10
CLASSPATH=C:\Program Files (x86)\Java\jre1.8.0_261
PATH=C:\Program Files\Common Files\Oracle\Java\javapath;C:\Program Files\AdoptOpenJDK\jdk-8.0.282.8-hotspot\bin;C:\Users\user\AppData\Local\Programs\Python\Python39\Scripts\;C:\Users\user\AppData\Local\Programs\Python\Python39\;C:\Windows\system32;C:\Windows;C:\Windows\System32\Wbem;C:\Windows\System32\WindowsPowerShell\v1.0\;C:\Windows\System32\OpenSSH\;C:\Program Files\Git\cmd;C:\Program Files\Microsoft SQL Server\130\Tools\Binn\;C:\Program Files\PuTTY\;C:\apache-maven-3.6.3\bin;C:\Program Files\nodejs\;C:\ProgramData\chocolatey\bin;C:\Program Files\Docker\Docker\resources\bin;C:\ProgramData\DockerDesktop\version-bin;C:\Program Files\Java\jdk-11.0.10\bin;C:\Program Files\MySQL\MySQL Shell 8.0\bin\;C:\Users\user\AppData\Local\Microsoft\WindowsApps;%IntelliJ IDEA Community Edition%;C:\Program Files\heroku\bin;C:\Users\user\AppData\Local\Programs\Microsoft VS Code\bin;C:\apache-maven-3.6.3\bin;C:\Users\user\AppData\Roaming\npm;C:\Program Files\Java\jdk-11.0.10\bin;
USERNAME=user
OS=Windows_NT
PROCESSOR_IDENTIFIER=Intel64 Family 6 Model 61 Stepping 4, GenuineIntel



---------------  S Y S T E M  ---------------

OS: Windows 10 , 64 bit Build 19041 (10.0.19041.804)
Hyper-V role detected

CPU:total 4 (initial active 4) (2 cores per cpu, 2 threads per core) family 6 model 61 stepping 4 microcode 0x2d, cmov, cx8, fxsr, mmx, sse, sse2, sse3, ssse3, sse4.1, sse4.2, popcnt, avx, avx2, aes, clmul, erms, 3dnowpref, lzcnt, ht, tsc, tscinvbit, bmi1, bmi2, adx, fma

Memory: 4k page, system-wide physical 8111M (574M free)
TotalPageFile size 8111M (AvailPageFile size 78M)
current process WorkingSet (physical memory assigned to process): 9M, peak: 9M
current process commit charge ("private bytes"): 51M, peak: 179M

vm_info: Java HotSpot(TM) 64-Bit Server VM (11.0.10+8-LTS-162) for windows-amd64 JRE (11.0.10+8-LTS-162), built on Dec  8 2020 16:32:57 by "mach5one" with MS VC++ 15.9 (VS2017)

END.
